0 verbose cli C:\Program Files\nodejs\node.exe C:\Program Files\nodejs\node_modules\npm\bin\npm-cli.js
1 info using npm@10.7.0
2 info using node@v20.15.0
3 silly config:load:file:C:\Program Files\nodejs\node_modules\npm\npmrc
4 silly config:load:file:C:\Users\Zahra\Desktop\social-network\frontend\.npmrc
5 silly config:load:file:C:\Users\Zahra\.npmrc
6 silly config:load:file:C:\Users\Zahra\AppData\Roaming\npm\etc\npmrc
7 verbose title npm install tailwindcss @tailwindcss/vite
8 verbose argv "install" "tailwindcss" "@tailwindcss/vite"
9 verbose logfile logs-max:10 dir:C:\Users\Zahra\Desktop\social-network\frontend\UsersZahraAppDataLocalnpm-cache\_logs\2025-06-18T17_49_07_688Z-
10 verbose logfile C:\Users\Zahra\Desktop\social-network\frontend\UsersZahraAppDataLocalnpm-cache\_logs\2025-06-18T17_49_07_688Z-debug-0.log
11 silly logfile start cleaning logs, removing 1 files
12 silly logfile done cleaning log files
13 silly idealTree buildDeps
14 silly fetch manifest @tailwindcss/vite@*
15 http fetch GET 200 https://registry.npmjs.org/@tailwindcss%2fvite 1139ms (cache miss)
16 silly fetch manifest vite@^5.2.0 || ^6
17 http fetch GET 200 https://registry.npmjs.org/vite 1122ms (cache miss)
18 silly fetch manifest @types/node@^20
19 http fetch GET 200 https://registry.npmjs.org/@types%2fnode 286ms (cache revalidated)
20 silly fetch manifest jiti@>=1.21.0
21 http fetch GET 200 https://registry.npmjs.org/jiti 190ms (cache miss)
22 silly fetch manifest less@*
23 http fetch GET 200 https://registry.npmjs.org/less 213ms (cache miss)
24 silly fetch manifest lightningcss@^1.21.0
25 http fetch GET 200 https://registry.npmjs.org/lightningcss 261ms (cache miss)
26 silly fetch manifest sass@*
27 http fetch GET 200 https://registry.npmjs.org/sass 240ms (cache miss)
28 silly fetch manifest sass-embedded@*
29 http fetch GET 200 https://registry.npmjs.org/sass-embedded 261ms (cache miss)
30 silly fetch manifest stylus@*
31 http fetch GET 200 https://registry.npmjs.org/stylus 198ms (cache miss)
32 silly fetch manifest sugarss@*
33 http fetch GET 200 https://registry.npmjs.org/sugarss 281ms (cache miss)
34 silly fetch manifest postcss@^8.3.3
35 http fetch GET 200 https://registry.npmjs.org/postcss 188ms (cache revalidated)
36 silly fetch manifest terser@^5.16.0
37 http fetch GET 200 https://registry.npmjs.org/terser 206ms (cache miss)
38 silly fetch manifest tsx@^4.8.1
39 http fetch GET 200 https://registry.npmjs.org/tsx 179ms (cache miss)
40 silly fetch manifest yaml@^2.4.2
41 http fetch GET 200 https://registry.npmjs.org/yaml 226ms (cache miss)
42 silly fetch manifest tailwindcss@^4
43 http fetch GET 200 https://registry.npmjs.org/tailwindcss 292ms (cache miss)
44 silly placeDep ROOT @tailwindcss/vite@4.1.10 OK for: frontend@0.1.0 want: *
45 silly placeDep ROOT vite@6.3.5 OK for: @tailwindcss/vite@4.1.10 want: ^5.2.0 || ^6
46 silly placeDep ROOT tailwindcss@4.1.10 REPLACE for: frontend@0.1.0 want: ^4
47 silly fetch manifest tailwindcss@4.1.10
48 silly fetch manifest @tailwindcss/node@4.1.10
49 silly fetch manifest @tailwindcss/oxide@4.1.10
50 silly fetch manifest fdir@^6.4.4
51 silly fetch manifest rollup@^4.34.9
52 silly fetch manifest esbuild@^0.25.0
53 silly fetch manifest picomatch@^4.0.2
54 silly fetch manifest fsevents@~2.3.3
55 http fetch GET 200 https://registry.npmjs.org/@tailwindcss%2fnode 241ms (cache miss)
56 http fetch GET 200 https://registry.npmjs.org/fdir 312ms (cache miss)
57 http fetch GET 200 https://registry.npmjs.org/picomatch 581ms (cache revalidated)
58 http fetch GET 200 https://registry.npmjs.org/fsevents 585ms (cache miss)
59 http fetch GET 200 https://registry.npmjs.org/esbuild 813ms (cache miss)
60 http fetch GET 200 https://registry.npmjs.org/@tailwindcss%2foxide 844ms (cache miss)
61 http fetch GET 200 https://registry.npmjs.org/rollup 927ms (cache miss)
62 silly fetch manifest tailwindcss@4.1.8
63 silly placeDep node_modules/@tailwindcss/node tailwindcss@4.1.8 OK for: @tailwindcss/node@4.1.8 want: 4.1.8
64 silly placeDep node_modules/@tailwindcss/postcss tailwindcss@4.1.8 OK for: @tailwindcss/postcss@4.1.8 want: 4.1.8
65 silly placeDep node_modules/@tailwindcss/vite @tailwindcss/node@4.1.10 OK for: @tailwindcss/vite@4.1.10 want: 4.1.10
66 silly placeDep node_modules/@tailwindcss/vite @tailwindcss/oxide@4.1.10 OK for: @tailwindcss/vite@4.1.10 want: 4.1.10
67 silly fetch manifest @tailwindcss/oxide-darwin-x64@4.1.10
68 silly fetch manifest @tailwindcss/oxide-freebsd-x64@4.1.10
69 silly fetch manifest @tailwindcss/oxide-wasm32-wasi@4.1.10
70 silly fetch manifest @tailwindcss/oxide-darwin-arm64@4.1.10
71 silly fetch manifest @tailwindcss/oxide-android-arm64@4.1.10
72 silly fetch manifest @tailwindcss/oxide-linux-x64-gnu@4.1.10
73 silly fetch manifest @tailwindcss/oxide-linux-x64-musl@4.1.10
74 http fetch GET 200 https://registry.npmjs.org/@tailwindcss%2foxide-wasm32-wasi 253ms (cache miss)
75 silly fetch manifest @tailwindcss/oxide-win32-x64-msvc@4.1.10
76 http fetch GET 200 https://registry.npmjs.org/@tailwindcss%2foxide-android-arm64 279ms (cache miss)
77 silly fetch manifest @tailwindcss/oxide-linux-arm64-gnu@4.1.10
78 http fetch GET 200 https://registry.npmjs.org/@tailwindcss%2foxide-darwin-x64 337ms (cache miss)
79 silly fetch manifest @tailwindcss/oxide-linux-arm64-musl@4.1.10
80 http fetch GET 200 https://registry.npmjs.org/@tailwindcss%2foxide-linux-x64-musl 346ms (cache miss)
81 silly fetch manifest @tailwindcss/oxide-win32-arm64-msvc@4.1.10
82 http fetch GET 200 https://registry.npmjs.org/@tailwindcss%2foxide-linux-x64-gnu 369ms (cache miss)
83 silly fetch manifest @tailwindcss/oxide-linux-arm-gnueabihf@4.1.10
84 http fetch GET 200 https://registry.npmjs.org/@tailwindcss%2foxide-darwin-arm64 439ms (cache miss)
85 http fetch GET 200 https://registry.npmjs.org/@tailwindcss%2foxide-win32-x64-msvc 250ms (cache miss)
86 http fetch GET 200 https://registry.npmjs.org/@tailwindcss%2foxide-win32-arm64-msvc 258ms (cache miss)
87 http fetch GET 200 https://registry.npmjs.org/@tailwindcss%2foxide-linux-arm64-musl 326ms (cache miss)
88 http fetch GET 200 https://registry.npmjs.org/@tailwindcss%2foxide-linux-arm-gnueabihf 309ms (cache miss)
89 http fetch GET 200 https://registry.npmjs.org/@tailwindcss%2foxide-linux-arm64-gnu 437ms (cache miss)
90 http fetch GET 200 https://registry.npmjs.org/@tailwindcss%2foxide-freebsd-x64 1892ms (cache miss)
91 silly placeDep ROOT esbuild@0.25.5 OK for: vite@6.3.5 want: ^0.25.0
92 silly placeDep node_modules/vite fdir@6.4.6 OK for: vite@6.3.5 want: ^6.4.4
93 silly placeDep node_modules/vite picomatch@4.0.2 OK for: fdir@6.4.6 want: ^3 || ^4
94 silly placeDep ROOT fsevents@2.3.3 OK for: vite@6.3.5 want: ~2.3.3
95 silly placeDep ROOT rollup@4.43.0 OK for: vite@6.3.5 want: ^4.34.9
96 silly fetch manifest @esbuild/aix-ppc64@0.25.5
97 silly fetch manifest @esbuild/android-arm@0.25.5
98 silly fetch manifest @esbuild/android-arm64@0.25.5
99 silly fetch manifest @esbuild/android-x64@0.25.5
100 silly fetch manifest @esbuild/darwin-arm64@0.25.5
101 silly fetch manifest @esbuild/darwin-x64@0.25.5
102 silly fetch manifest @esbuild/freebsd-arm64@0.25.5
103 http fetch GET 200 https://registry.npmjs.org/@esbuild%2faix-ppc64 191ms (cache miss)
104 silly fetch manifest @esbuild/freebsd-x64@0.25.5
105 http fetch GET 200 https://registry.npmjs.org/@esbuild%2fandroid-x64 202ms (cache miss)
106 silly fetch manifest @esbuild/linux-arm@0.25.5
107 http fetch GET 200 https://registry.npmjs.org/@esbuild%2fandroid-arm64 214ms (cache miss)
108 silly fetch manifest @esbuild/linux-arm64@0.25.5
109 http fetch GET 200 https://registry.npmjs.org/@esbuild%2fdarwin-x64 222ms (cache miss)
110 silly fetch manifest @esbuild/linux-ia32@0.25.5
111 http fetch GET 200 https://registry.npmjs.org/@esbuild%2fdarwin-arm64 230ms (cache miss)
112 silly fetch manifest @esbuild/linux-loong64@0.25.5
113 http fetch GET 200 https://registry.npmjs.org/@esbuild%2fandroid-arm 241ms (cache miss)
114 silly fetch manifest @esbuild/linux-mips64el@0.25.5
115 http fetch GET 200 https://registry.npmjs.org/@esbuild%2ffreebsd-arm64 353ms (cache miss)
116 silly fetch manifest @esbuild/linux-ppc64@0.25.5
117 http fetch GET 200 https://registry.npmjs.org/@esbuild%2ffreebsd-x64 188ms (cache miss)
118 silly fetch manifest @esbuild/linux-riscv64@0.25.5
119 http fetch GET 200 https://registry.npmjs.org/@esbuild%2flinux-arm 204ms (cache miss)
120 silly fetch manifest @esbuild/linux-s390x@0.25.5
121 http fetch GET 200 https://registry.npmjs.org/@esbuild%2flinux-ia32 194ms (cache miss)
122 silly fetch manifest @esbuild/linux-x64@0.25.5
123 http fetch GET 200 https://registry.npmjs.org/@esbuild%2flinux-arm64 213ms (cache miss)
124 silly fetch manifest @esbuild/netbsd-arm64@0.25.5
125 http fetch GET 200 https://registry.npmjs.org/@esbuild%2flinux-loong64 204ms (cache miss)
126 silly fetch manifest @esbuild/netbsd-x64@0.25.5
127 http fetch GET 200 https://registry.npmjs.org/@esbuild%2flinux-mips64el 203ms (cache miss)
128 silly fetch manifest @esbuild/openbsd-arm64@0.25.5
129 http fetch GET 200 https://registry.npmjs.org/@esbuild%2flinux-riscv64 189ms (cache miss)
130 silly fetch manifest @esbuild/openbsd-x64@0.25.5
131 http fetch GET 200 https://registry.npmjs.org/@esbuild%2flinux-s390x 176ms (cache miss)
132 silly fetch manifest @esbuild/sunos-x64@0.25.5
133 http fetch GET 200 https://registry.npmjs.org/@esbuild%2fopenbsd-arm64 175ms (cache miss)
134 silly fetch manifest @esbuild/win32-arm64@0.25.5
135 http fetch GET 200 https://registry.npmjs.org/@esbuild%2fnetbsd-arm64 198ms (cache miss)
136 silly fetch manifest @esbuild/win32-ia32@0.25.5
137 http fetch GET 200 https://registry.npmjs.org/@esbuild%2flinux-x64 211ms (cache miss)
138 silly fetch manifest @esbuild/win32-x64@0.25.5
139 http fetch GET 200 https://registry.npmjs.org/@esbuild%2fnetbsd-x64 204ms (cache miss)
140 silly fetch manifest @rollup/rollup-darwin-arm64@4.43.0
141 http fetch GET 200 https://registry.npmjs.org/@esbuild%2fopenbsd-x64 169ms (cache miss)
142 silly fetch manifest @rollup/rollup-android-arm64@4.43.0
143 http fetch GET 200 https://registry.npmjs.org/@esbuild%2fsunos-x64 183ms (cache miss)
144 silly fetch manifest @rollup/rollup-win32-arm64-msvc@4.43.0
145 http fetch GET 200 https://registry.npmjs.org/@esbuild%2flinux-ppc64 421ms (cache miss)
146 silly fetch manifest @rollup/rollup-freebsd-arm64@4.43.0
147 http fetch GET 200 https://registry.npmjs.org/@esbuild%2fwin32-arm64 203ms (cache miss)
148 silly fetch manifest @rollup/rollup-linux-arm64-gnu@4.43.0
149 http fetch GET 200 https://registry.npmjs.org/@esbuild%2fwin32-ia32 206ms (cache miss)
150 silly fetch manifest @rollup/rollup-linux-arm64-musl@4.43.0
151 http fetch GET 200 https://registry.npmjs.org/@esbuild%2fwin32-x64 209ms (cache miss)
152 silly fetch manifest @rollup/rollup-android-arm-eabi@4.43.0
153 http fetch GET 200 https://registry.npmjs.org/@rollup%2frollup-darwin-arm64 216ms (cache miss)
154 silly fetch manifest @rollup/rollup-linux-arm-gnueabihf@4.43.0
155 http fetch GET 200 https://registry.npmjs.org/@rollup%2frollup-android-arm64 177ms (cache miss)
156 silly fetch manifest @rollup/rollup-linux-arm-musleabihf@4.43.0
157 http fetch GET 200 https://registry.npmjs.org/@rollup%2frollup-win32-arm64-msvc 203ms (cache miss)
158 silly fetch manifest @rollup/rollup-win32-ia32-msvc@4.43.0
159 http fetch GET 200 https://registry.npmjs.org/@rollup%2frollup-linux-arm64-gnu 238ms (cache miss)
160 silly fetch manifest @rollup/rollup-linux-loongarch64-gnu@4.43.0
161 http fetch GET 200 https://registry.npmjs.org/@rollup%2frollup-linux-arm64-musl 259ms (cache miss)
162 silly fetch manifest @rollup/rollup-linux-riscv64-gnu@4.43.0
163 http fetch GET 200 https://registry.npmjs.org/@rollup%2frollup-android-arm-eabi 261ms (cache miss)
164 silly fetch manifest @rollup/rollup-linux-riscv64-musl@4.43.0
165 http fetch GET 200 https://registry.npmjs.org/@rollup%2frollup-linux-arm-gnueabihf 253ms (cache miss)
166 silly fetch manifest @rollup/rollup-linux-powerpc64le-gnu@4.43.0
167 http fetch GET 200 https://registry.npmjs.org/@rollup%2frollup-linux-arm-musleabihf 209ms (cache miss)
168 silly fetch manifest @rollup/rollup-linux-s390x-gnu@4.43.0
169 http fetch GET 200 https://registry.npmjs.org/@rollup%2frollup-win32-ia32-msvc 178ms (cache miss)
170 silly fetch manifest @rollup/rollup-darwin-x64@4.43.0
171 http fetch GET 200 https://registry.npmjs.org/@rollup%2frollup-freebsd-arm64 448ms (cache miss)
172 silly fetch manifest @rollup/rollup-win32-x64-msvc@4.43.0
173 http fetch GET 200 https://registry.npmjs.org/@rollup%2frollup-linux-loongarch64-gnu 172ms (cache miss)
174 silly fetch manifest @rollup/rollup-freebsd-x64@4.43.0
175 http fetch GET 200 https://registry.npmjs.org/@rollup%2frollup-linux-riscv64-gnu 202ms (cache miss)
176 silly fetch manifest @rollup/rollup-linux-x64-gnu@4.43.0
177 http fetch GET 200 https://registry.npmjs.org/@rollup%2frollup-linux-riscv64-musl 200ms (cache miss)
178 silly fetch manifest @rollup/rollup-linux-x64-musl@4.43.0
179 http fetch GET 200 https://registry.npmjs.org/@rollup%2frollup-linux-powerpc64le-gnu 208ms (cache miss)
180 http fetch GET 200 https://registry.npmjs.org/@rollup%2frollup-linux-s390x-gnu 201ms (cache miss)
181 http fetch GET 200 https://registry.npmjs.org/@rollup%2frollup-darwin-x64 183ms (cache miss)
182 http fetch GET 200 https://registry.npmjs.org/@rollup%2frollup-freebsd-x64 159ms (cache miss)
183 http fetch GET 200 https://registry.npmjs.org/@rollup%2frollup-linux-x64-gnu 178ms (cache miss)
184 http fetch GET 200 https://registry.npmjs.org/@rollup%2frollup-linux-x64-musl 178ms (cache miss)
185 http fetch GET 200 https://registry.npmjs.org/@rollup%2frollup-win32-x64-msvc 533ms (cache miss)
186 silly placeDep ROOT @esbuild/aix-ppc64@0.25.5 OK for: esbuild@0.25.5 want: 0.25.5
187 silly placeDep ROOT @esbuild/android-arm@0.25.5 OK for: esbuild@0.25.5 want: 0.25.5
188 silly placeDep ROOT @esbuild/android-arm64@0.25.5 OK for: esbuild@0.25.5 want: 0.25.5
189 silly placeDep ROOT @esbuild/android-x64@0.25.5 OK for: esbuild@0.25.5 want: 0.25.5
190 silly placeDep ROOT @esbuild/darwin-arm64@0.25.5 OK for: esbuild@0.25.5 want: 0.25.5
191 silly placeDep ROOT @esbuild/darwin-x64@0.25.5 OK for: esbuild@0.25.5 want: 0.25.5
192 silly placeDep ROOT @esbuild/freebsd-arm64@0.25.5 OK for: esbuild@0.25.5 want: 0.25.5
193 silly placeDep ROOT @esbuild/freebsd-x64@0.25.5 OK for: esbuild@0.25.5 want: 0.25.5
194 silly placeDep ROOT @esbuild/linux-arm@0.25.5 OK for: esbuild@0.25.5 want: 0.25.5
195 silly placeDep ROOT @esbuild/linux-arm64@0.25.5 OK for: esbuild@0.25.5 want: 0.25.5
196 silly placeDep ROOT @esbuild/linux-ia32@0.25.5 OK for: esbuild@0.25.5 want: 0.25.5
197 silly placeDep ROOT @esbuild/linux-loong64@0.25.5 OK for: esbuild@0.25.5 want: 0.25.5
198 silly placeDep ROOT @esbuild/linux-mips64el@0.25.5 OK for: esbuild@0.25.5 want: 0.25.5
199 silly placeDep ROOT @esbuild/linux-ppc64@0.25.5 OK for: esbuild@0.25.5 want: 0.25.5
200 silly placeDep ROOT @esbuild/linux-riscv64@0.25.5 OK for: esbuild@0.25.5 want: 0.25.5
201 silly placeDep ROOT @esbuild/linux-s390x@0.25.5 OK for: esbuild@0.25.5 want: 0.25.5
202 silly placeDep ROOT @esbuild/linux-x64@0.25.5 OK for: esbuild@0.25.5 want: 0.25.5
203 silly placeDep ROOT @esbuild/netbsd-arm64@0.25.5 OK for: esbuild@0.25.5 want: 0.25.5
204 silly placeDep ROOT @esbuild/netbsd-x64@0.25.5 OK for: esbuild@0.25.5 want: 0.25.5
205 silly placeDep ROOT @esbuild/openbsd-arm64@0.25.5 OK for: esbuild@0.25.5 want: 0.25.5
206 silly placeDep ROOT @esbuild/openbsd-x64@0.25.5 OK for: esbuild@0.25.5 want: 0.25.5
207 silly placeDep ROOT @esbuild/sunos-x64@0.25.5 OK for: esbuild@0.25.5 want: 0.25.5
208 silly placeDep ROOT @esbuild/win32-arm64@0.25.5 OK for: esbuild@0.25.5 want: 0.25.5
209 silly placeDep ROOT @esbuild/win32-ia32@0.25.5 OK for: esbuild@0.25.5 want: 0.25.5
210 silly placeDep ROOT @esbuild/win32-x64@0.25.5 OK for: esbuild@0.25.5 want: 0.25.5
211 silly placeDep ROOT @rollup/rollup-android-arm-eabi@4.43.0 OK for: rollup@4.43.0 want: 4.43.0
212 silly placeDep ROOT @rollup/rollup-android-arm64@4.43.0 OK for: rollup@4.43.0 want: 4.43.0
213 silly placeDep ROOT @rollup/rollup-darwin-arm64@4.43.0 OK for: rollup@4.43.0 want: 4.43.0
214 silly placeDep ROOT @rollup/rollup-darwin-x64@4.43.0 OK for: rollup@4.43.0 want: 4.43.0
215 silly placeDep ROOT @rollup/rollup-freebsd-arm64@4.43.0 OK for: rollup@4.43.0 want: 4.43.0
216 silly placeDep ROOT @rollup/rollup-freebsd-x64@4.43.0 OK for: rollup@4.43.0 want: 4.43.0
217 silly placeDep ROOT @rollup/rollup-linux-arm-gnueabihf@4.43.0 OK for: rollup@4.43.0 want: 4.43.0
218 silly placeDep ROOT @rollup/rollup-linux-arm-musleabihf@4.43.0 OK for: rollup@4.43.0 want: 4.43.0
219 silly placeDep ROOT @rollup/rollup-linux-arm64-gnu@4.43.0 OK for: rollup@4.43.0 want: 4.43.0
220 silly placeDep ROOT @rollup/rollup-linux-arm64-musl@4.43.0 OK for: rollup@4.43.0 want: 4.43.0
221 silly placeDep ROOT @rollup/rollup-linux-loongarch64-gnu@4.43.0 OK for: rollup@4.43.0 want: 4.43.0
222 silly placeDep ROOT @rollup/rollup-linux-powerpc64le-gnu@4.43.0 OK for: rollup@4.43.0 want: 4.43.0
223 silly placeDep ROOT @rollup/rollup-linux-riscv64-gnu@4.43.0 OK for: rollup@4.43.0 want: 4.43.0
224 silly placeDep ROOT @rollup/rollup-linux-riscv64-musl@4.43.0 OK for: rollup@4.43.0 want: 4.43.0
225 silly placeDep ROOT @rollup/rollup-linux-s390x-gnu@4.43.0 OK for: rollup@4.43.0 want: 4.43.0
226 silly placeDep ROOT @rollup/rollup-linux-x64-gnu@4.43.0 OK for: rollup@4.43.0 want: 4.43.0
227 silly placeDep ROOT @rollup/rollup-linux-x64-musl@4.43.0 OK for: rollup@4.43.0 want: 4.43.0
228 silly placeDep ROOT @rollup/rollup-win32-arm64-msvc@4.43.0 OK for: rollup@4.43.0 want: 4.43.0
229 silly placeDep ROOT @rollup/rollup-win32-ia32-msvc@4.43.0 OK for: rollup@4.43.0 want: 4.43.0
230 silly placeDep ROOT @rollup/rollup-win32-x64-msvc@4.43.0 OK for: rollup@4.43.0 want: 4.43.0
231 silly placeDep node_modules/@tailwindcss/vite @tailwindcss/oxide-android-arm64@4.1.10 OK for: @tailwindcss/oxide@4.1.10 want: 4.1.10
232 silly placeDep node_modules/@tailwindcss/vite @tailwindcss/oxide-darwin-arm64@4.1.10 OK for: @tailwindcss/oxide@4.1.10 want: 4.1.10
233 silly placeDep node_modules/@tailwindcss/vite @tailwindcss/oxide-darwin-x64@4.1.10 OK for: @tailwindcss/oxide@4.1.10 want: 4.1.10
234 silly placeDep node_modules/@tailwindcss/vite @tailwindcss/oxide-freebsd-x64@4.1.10 OK for: @tailwindcss/oxide@4.1.10 want: 4.1.10
235 silly placeDep node_modules/@tailwindcss/vite @tailwindcss/oxide-linux-arm-gnueabihf@4.1.10 OK for: @tailwindcss/oxide@4.1.10 want: 4.1.10
236 silly placeDep node_modules/@tailwindcss/vite @tailwindcss/oxide-linux-arm64-gnu@4.1.10 OK for: @tailwindcss/oxide@4.1.10 want: 4.1.10
237 silly placeDep node_modules/@tailwindcss/vite @tailwindcss/oxide-linux-arm64-musl@4.1.10 OK for: @tailwindcss/oxide@4.1.10 want: 4.1.10
238 silly placeDep node_modules/@tailwindcss/vite @tailwindcss/oxide-linux-x64-gnu@4.1.10 OK for: @tailwindcss/oxide@4.1.10 want: 4.1.10
239 silly placeDep node_modules/@tailwindcss/vite @tailwindcss/oxide-linux-x64-musl@4.1.10 OK for: @tailwindcss/oxide@4.1.10 want: 4.1.10
240 silly placeDep node_modules/@tailwindcss/vite @tailwindcss/oxide-wasm32-wasi@4.1.10 OK for: @tailwindcss/oxide@4.1.10 want: 4.1.10
241 silly placeDep node_modules/@tailwindcss/vite @tailwindcss/oxide-win32-arm64-msvc@4.1.10 OK for: @tailwindcss/oxide@4.1.10 want: 4.1.10
242 silly placeDep node_modules/@tailwindcss/vite @tailwindcss/oxide-win32-x64-msvc@4.1.10 OK for: @tailwindcss/oxide@4.1.10 want: 4.1.10
243 silly reify mark retired [
243 silly reify   'C:\\Users\\Zahra\\Desktop\\social-network\\frontend\\node_modules\\tailwindcss'
243 silly reify ]
244 silly reify moves {
244 silly reify   'C:\\Users\\Zahra\\Desktop\\social-network\\frontend\\node_modules\\tailwindcss': 'C:\\Users\\Zahra\\Desktop\\social-network\\frontend\\node_modules\\.tailwindcss-BbwXwgX8'
244 silly reify }
245 verbose reify failed optional dependency C:\Users\Zahra\Desktop\social-network\frontend\node_modules\@tailwindcss\oxide-wasm32-wasi
246 silly reify mark deleted [
246 silly reify   'C:\\Users\\Zahra\\Desktop\\social-network\\frontend\\node_modules\\@tailwindcss\\oxide-wasm32-wasi'
246 silly reify ]
247 verbose reify failed optional dependency C:\Users\Zahra\Desktop\social-network\frontend\node_modules\@tailwindcss\vite\node_modules\@tailwindcss\oxide-wasm32-wasi
248 silly reify mark deleted [
248 silly reify   'C:\\Users\\Zahra\\Desktop\\social-network\\frontend\\node_modules\\@tailwindcss\\vite\\node_modules\\@tailwindcss\\oxide-wasm32-wasi'
248 silly reify ]
249 silly audit bulk request {
249 silly audit   '@alloc/quick-lru': [ '5.2.0' ],
249 silly audit   '@ampproject/remapping': [ '2.3.0' ],
249 silly audit   '@emnapi/core': [ '1.4.3' ],
249 silly audit   '@emnapi/runtime': [ '1.4.3' ],
249 silly audit   '@emnapi/wasi-threads': [ '1.0.2' ],
249 silly audit   '@eslint-community/eslint-utils': [ '4.7.0' ],
249 silly audit   'eslint-visitor-keys': [ '3.4.3', '4.2.0' ],
249 silly audit   '@eslint-community/regexpp': [ '4.12.1' ],
249 silly audit   '@eslint/config-array': [ '0.20.0' ],
249 silly audit   '@eslint/config-helpers': [ '0.2.2' ],
249 silly audit   '@eslint/core': [ '0.14.0' ],
249 silly audit   '@eslint/eslintrc': [ '3.3.1' ],
249 silly audit   '@eslint/js': [ '9.27.0' ],
249 silly audit   '@eslint/object-schema': [ '2.1.6' ],
249 silly audit   '@eslint/plugin-kit': [ '0.3.1' ],
249 silly audit   '@humanfs/core': [ '0.19.1' ],
249 silly audit   '@humanfs/node': [ '0.16.6' ],
249 silly audit   '@humanwhocodes/retry': [ '0.3.1', '0.4.3' ],
249 silly audit   '@humanwhocodes/module-importer': [ '1.0.1' ],
249 silly audit   '@img/sharp-darwin-arm64': [ '0.34.2' ],
249 silly audit   '@img/sharp-darwin-x64': [ '0.34.2' ],
249 silly audit   '@img/sharp-libvips-darwin-arm64': [ '1.1.0' ],
249 silly audit   '@img/sharp-libvips-darwin-x64': [ '1.1.0' ],
249 silly audit   '@img/sharp-libvips-linux-arm': [ '1.1.0' ],
249 silly audit   '@img/sharp-libvips-linux-arm64': [ '1.1.0' ],
249 silly audit   '@img/sharp-libvips-linux-ppc64': [ '1.1.0' ],
249 silly audit   '@img/sharp-libvips-linux-s390x': [ '1.1.0' ],
249 silly audit   '@img/sharp-libvips-linux-x64': [ '1.1.0' ],
249 silly audit   '@img/sharp-libvips-linuxmusl-arm64': [ '1.1.0' ],
249 silly audit   '@img/sharp-libvips-linuxmusl-x64': [ '1.1.0' ],
249 silly audit   '@img/sharp-linux-arm': [ '0.34.2' ],
249 silly audit   '@img/sharp-linux-arm64': [ '0.34.2' ],
249 silly audit   '@img/sharp-linux-s390x': [ '0.34.2' ],
249 silly audit   '@img/sharp-linux-x64': [ '0.34.2' ],
249 silly audit   '@img/sharp-linuxmusl-arm64': [ '0.34.2' ],
249 silly audit   '@img/sharp-linuxmusl-x64': [ '0.34.2' ],
249 silly audit   '@img/sharp-wasm32': [ '0.34.2' ],
249 silly audit   '@img/sharp-win32-arm64': [ '0.34.2' ],
249 silly audit   '@img/sharp-win32-ia32': [ '0.34.2' ],
249 silly audit   '@img/sharp-win32-x64': [ '0.34.2' ],
249 silly audit   '@isaacs/fs-minipass': [ '4.0.1' ],
249 silly audit   '@jridgewell/gen-mapping': [ '0.3.8' ],
249 silly audit   '@jridgewell/resolve-uri': [ '3.1.2' ],
249 silly audit   '@jridgewell/set-array': [ '1.2.1' ],
249 silly audit   '@jridgewell/sourcemap-codec': [ '1.5.0' ],
249 silly audit   '@jridgewell/trace-mapping': [ '0.3.25' ],
249 silly audit   '@napi-rs/wasm-runtime': [ '0.2.10' ],
249 silly audit   '@next/env': [ '15.3.2' ],
249 silly audit   '@next/eslint-plugin-next': [ '15.3.2' ],
249 silly audit   '@next/swc-darwin-arm64': [ '15.3.2' ],
249 silly audit   '@next/swc-darwin-x64': [ '15.3.2' ],
249 silly audit   '@next/swc-linux-arm64-gnu': [ '15.3.2' ],
249 silly audit   '@next/swc-linux-arm64-musl': [ '15.3.2' ],
249 silly audit   '@next/swc-linux-x64-gnu': [ '15.3.2' ],
249 silly audit   '@next/swc-linux-x64-musl': [ '15.3.2' ],
249 silly audit   '@next/swc-win32-arm64-msvc': [ '15.3.2' ],
249 silly audit   '@next/swc-win32-x64-msvc': [ '15.3.2' ],
249 silly audit   '@nodelib/fs.scandir': [ '2.1.5' ],
249 silly audit   '@nodelib/fs.stat': [ '2.0.5' ],
249 silly audit   '@nodelib/fs.walk': [ '1.2.8' ],
249 silly audit   '@nolyfill/is-core-module': [ '1.0.39' ],
249 silly audit   '@radix-ui/react-compose-refs': [ '1.1.2' ],
249 silly audit   '@radix-ui/react-slot': [ '1.2.3' ],
249 silly audit   '@rtsao/scc': [ '1.1.0' ],
249 silly audit   '@rushstack/eslint-patch': [ '1.11.0' ],
249 silly audit   '@swc/counter': [ '0.1.3' ],
249 silly audit   '@swc/helpers': [ '0.5.15' ],
249 silly audit   '@tailwindcss/node': [ '4.1.8', '4.1.10' ],
249 silly audit   '@tailwindcss/oxide': [ '4.1.8', '4.1.10' ],
249 silly audit   '@tailwindcss/oxide-android-arm64': [ '4.1.8', '4.1.10' ],
249 silly audit   '@tailwindcss/oxide-darwin-arm64': [ '4.1.8', '4.1.10' ],
249 silly audit   '@tailwindcss/oxide-darwin-x64': [ '4.1.8', '4.1.10' ],
249 silly audit   '@tailwindcss/oxide-freebsd-x64': [ '4.1.8', '4.1.10' ],
249 silly audit   '@tailwindcss/oxide-linux-arm-gnueabihf': [ '4.1.8', '4.1.10' ],
249 silly audit   '@tailwindcss/oxide-linux-arm64-gnu': [ '4.1.8', '4.1.10' ],
249 silly audit   '@tailwindcss/oxide-linux-arm64-musl': [ '4.1.8', '4.1.10' ],
249 silly audit   '@tailwindcss/oxide-linux-x64-gnu': [ '4.1.8', '4.1.10' ],
249 silly audit   '@tailwindcss/oxide-linux-x64-musl': [ '4.1.8', '4.1.10' ],
249 silly audit   '@tailwindcss/oxide-wasm32-wasi': [ '4.1.8', '4.1.10' ],
249 silly audit   '@tailwindcss/oxide-win32-arm64-msvc': [ '4.1.8', '4.1.10' ],
249 silly audit   '@tailwindcss/oxide-win32-x64-msvc': [ '4.1.8', '4.1.10' ],
249 silly audit   '@tailwindcss/postcss': [ '4.1.8' ],
249 silly audit   '@tybys/wasm-util': [ '0.9.0' ],
249 silly audit   '@types/estree': [ '1.0.7' ],
249 silly audit   '@types/json-schema': [ '7.0.15' ],
249 silly audit   '@types/json5': [ '0.0.29' ],
249 silly audit   '@types/node': [ '20.17.52' ],
249 silly audit   '@types/react': [ '19.1.6' ],
249 silly audit   '@types/react-dom': [ '19.1.5' ],
249 silly audit   '@typescript-eslint/eslint-plugin': [ '8.33.0' ],
249 silly audit   ignore: [ '7.0.4', '5.3.2' ],
249 silly audit   '@typescript-eslint/parser': [ '8.33.0' ],
249 silly audit   '@typescript-eslint/project-service': [ '8.33.0' ],
249 silly audit   '@typescript-eslint/scope-manager': [ '8.33.0' ],
249 silly audit   '@typescript-eslint/tsconfig-utils': [ '8.33.0' ],
249 silly audit   '@typescript-eslint/type-utils': [ '8.33.0' ],
249 silly audit   '@typescript-eslint/types': [ '8.33.0' ],
249 silly audit   '@typescript-eslint/typescript-estree': [ '8.33.0' ],
249 silly audit   'brace-expansion': [ '2.0.1', '1.1.11' ],
249 silly audit   'fast-glob': [ '3.3.3', '3.3.1' ],
249 silly audit   'glob-parent': [ '5.1.2', '6.0.2' ],
249 silly audit   minimatch: [ '9.0.5', '3.1.2' ],
249 silly audit   '@typescript-eslint/utils': [ '8.33.0' ],
249 silly audit   '@typescript-eslint/visitor-keys': [ '8.33.0' ],
249 silly audit   '@unrs/resolver-binding-darwin-arm64': [ '1.7.6' ],
249 silly audit   '@unrs/resolver-binding-darwin-x64': [ '1.7.6' ],
249 silly audit   '@unrs/resolver-binding-freebsd-x64': [ '1.7.6' ],
249 silly audit   '@unrs/resolver-binding-linux-arm-gnueabihf': [ '1.7.6' ],
249 silly audit   '@unrs/resolver-binding-linux-arm-musleabihf': [ '1.7.6' ],
249 silly audit   '@unrs/resolver-binding-linux-arm64-gnu': [ '1.7.6' ],
249 silly audit   '@unrs/resolver-binding-linux-arm64-musl': [ '1.7.6' ],
249 silly audit   '@unrs/resolver-binding-linux-ppc64-gnu': [ '1.7.6' ],
249 silly audit   '@unrs/resolver-binding-linux-riscv64-gnu': [ '1.7.6' ],
249 silly audit   '@unrs/resolver-binding-linux-riscv64-musl': [ '1.7.6' ],
249 silly audit   '@unrs/resolver-binding-linux-s390x-gnu': [ '1.7.6' ],
249 silly audit   '@unrs/resolver-binding-linux-x64-gnu': [ '1.7.6' ],
249 silly audit   '@unrs/resolver-binding-linux-x64-musl': [ '1.7.6' ],
249 silly audit   '@unrs/resolver-binding-wasm32-wasi': [ '1.7.6' ],
249 silly audit   '@unrs/resolver-binding-win32-arm64-msvc': [ '1.7.6' ],
249 silly audit   '@unrs/resolver-binding-win32-ia32-msvc': [ '1.7.6' ],
249 silly audit   '@unrs/resolver-binding-win32-x64-msvc': [ '1.7.6' ],
249 silly audit   acorn: [ '8.14.1' ],
249 silly audit   'acorn-jsx': [ '5.3.2' ],
249 silly audit   ajv: [ '6.12.6' ],
249 silly audit   'ansi-styles': [ '4.3.0' ],
249 silly audit   argparse: [ '2.0.1' ],
249 silly audit   'aria-query': [ '5.3.2' ],
249 silly audit   'array-buffer-byte-length': [ '1.0.2' ],
249 silly audit   'array-includes': [ '3.1.8' ],
249 silly audit   'array.prototype.findlast': [ '1.2.5' ],
249 silly audit   'array.prototype.findlastindex': [ '1.2.6' ],
249 silly audit   'array.prototype.flat': [ '1.3.3' ],
249 silly audit   'array.prototype.flatmap': [ '1.3.3' ],
249 silly audit   'array.prototype.tosorted': [ '1.1.4' ],
249 silly audit   'arraybuffer.prototype.slice': [ '1.0.4' ],
249 silly audit   'ast-types-flow': [ '0.0.8' ],
249 silly audit   'async-function': [ '1.0.0' ],
249 silly audit   asynckit: [ '0.4.0' ],
249 silly audit   'available-typed-arrays': [ '1.0.7' ],
249 silly audit   'axe-core': [ '4.10.3' ],
249 silly audit   axios: [ '1.9.0' ],
249 silly audit   'axobject-query': [ '4.1.0' ],
249 silly audit   'balanced-match': [ '1.0.2' ],
249 silly audit   braces: [ '3.0.3' ],
249 silly audit   busboy: [ '1.6.0' ],
249 silly audit   'call-bind': [ '1.0.8' ],
249 silly audit   'call-bind-apply-helpers': [ '1.0.2' ],
249 silly audit   'call-bound': [ '1.0.4' ],
249 silly audit   callsites: [ '3.1.0' ],
249 silly audit   'caniuse-lite': [ '1.0.30001718' ],
249 silly audit   chalk: [ '4.1.2' ],
249 silly audit   chownr: [ '3.0.0' ],
249 silly audit   'class-variance-authority': [ '0.7.1' ],
249 silly audit   'client-only': [ '0.0.1' ],
249 silly audit   clsx: [ '2.1.1' ],
249 silly audit   color: [ '4.2.3' ],
249 silly audit   'color-convert': [ '2.0.1' ],
249 silly audit   'color-name': [ '1.1.4' ],
249 silly audit   'color-string': [ '1.9.1' ],
249 silly audit   'combined-stream': [ '1.0.8' ],
249 silly audit   'concat-map': [ '0.0.1' ],
249 silly audit   'cross-spawn': [ '7.0.6' ],
249 silly audit   csstype: [ '3.1.3' ],
249 silly audit   'damerau-levenshtein': [ '1.0.8' ],
249 silly audit   'data-view-buffer': [ '1.0.2' ],
249 silly audit   'data-view-byte-length': [ '1.0.2' ],
249 silly audit   'data-view-byte-offset': [ '1.0.1' ],
249 silly audit   debug: [ '4.4.1', '3.2.7' ],
249 silly audit   'deep-is': [ '0.1.4' ],
249 silly audit   'define-data-property': [ '1.1.4' ],
249 silly audit   'define-properties': [ '1.2.1' ],
249 silly audit   'delayed-stream': [ '1.0.0' ],
249 silly audit   'detect-libc': [ '2.0.4' ],
249 silly audit   doctrine: [ '2.1.0' ],
249 silly audit   'dunder-proto': [ '1.0.1' ],
249 silly audit   'emoji-regex': [ '9.2.2' ],
249 silly audit   'enhanced-resolve': [ '5.18.1' ],
249 silly audit   'es-abstract': [ '1.23.10' ],
249 silly audit   'es-define-property': [ '1.0.1' ],
249 silly audit   'es-errors': [ '1.3.0' ],
249 silly audit   'es-iterator-helpers': [ '1.2.1' ],
249 silly audit   'es-object-atoms': [ '1.1.1' ],
249 silly audit   'es-set-tostringtag': [ '2.1.0' ],
249 silly audit   'es-shim-unscopables': [ '1.1.0' ],
249 silly audit   'es-to-primitive': [ '1.3.0' ],
249 silly audit   'escape-string-regexp': [ '4.0.0' ],
249 silly audit   eslint: [ '9.27.0' ],
249 silly audit   'eslint-config-next': [ '15.3.2' ],
249 silly audit   'eslint-import-resolver-node': [ '0.3.9' ],
249 silly audit   'eslint-import-resolver-typescript': [ '3.10.1' ],
249 silly audit   'eslint-module-utils': [ '2.12.0' ],
249 silly audit   'eslint-plugin-import': [ '2.31.0' ],
249 silly audit   semver: [ '6.3.1', '7.7.2' ],
249 silly audit   'eslint-plugin-jsx-a11y': [ '6.10.2' ],
249 silly audit   'eslint-plugin-react': [ '7.37.5' ],
249 silly audit   'eslint-plugin-react-hooks': [ '5.2.0' ],
249 silly audit   resolve: [ '2.0.0-next.5', '1.22.10' ],
249 silly audit   'eslint-scope': [ '8.3.0' ],
249 silly audit   espree: [ '10.3.0' ],
249 silly audit   esquery: [ '1.6.0' ],
249 silly audit   esrecurse: [ '4.3.0' ],
249 silly audit   estraverse: [ '5.3.0' ],
249 silly audit   esutils: [ '2.0.3' ],
249 silly audit   'fast-deep-equal': [ '3.1.3' ],
249 silly audit   'fast-json-stable-stringify': [ '2.1.0' ],
249 silly audit   'fast-levenshtein': [ '2.0.6' ],
249 silly audit   fastq: [ '1.19.1' ],
249 silly audit   'file-entry-cache': [ '8.0.0' ],
249 silly audit   'fill-range': [ '7.1.1' ],
249 silly audit   'find-up': [ '5.0.0' ],
249 silly audit   'flat-cache': [ '4.0.1' ],
249 silly audit   flatted: [ '3.3.3' ],
249 silly audit   'follow-redirects': [ '1.15.9' ],
249 silly audit   'for-each': [ '0.3.5' ],
249 silly audit   'form-data': [ '4.0.2' ],
249 silly audit   'function-bind': [ '1.1.2' ],
249 silly audit   'function.prototype.name': [ '1.1.8' ],
249 silly audit   'functions-have-names': [ '1.2.3' ],
249 silly audit   'get-intrinsic': [ '1.3.0' ],
249 silly audit   'get-proto': [ '1.0.1' ],
249 silly audit   'get-symbol-description': [ '1.1.0' ],
249 silly audit   'get-tsconfig': [ '4.10.1' ],
249 silly audit   globals: [ '14.0.0' ],
249 silly audit   globalthis: [ '1.0.4' ],
249 silly audit   gopd: [ '1.2.0' ],
249 silly audit   'graceful-fs': [ '4.2.11' ],
249 silly audit   graphemer: [ '1.4.0' ],
249 silly audit   'has-bigints': [ '1.1.0' ],
249 silly audit   'has-flag': [ '4.0.0' ],
249 silly audit   'has-property-descriptors': [ '1.0.2' ],
249 silly audit   'has-proto': [ '1.2.0' ],
249 silly audit   'has-symbols': [ '1.1.0' ],
249 silly audit   'has-tostringtag': [ '1.0.2' ],
249 silly audit   hasown: [ '2.0.2' ],
249 silly audit   'import-fresh': [ '3.3.1' ],
249 silly audit   imurmurhash: [ '0.1.4' ],
249 silly audit   'internal-slot': [ '1.1.0' ],
249 silly audit   'is-array-buffer': [ '3.0.5' ],
249 silly audit   'is-arrayish': [ '0.3.2' ],
249 silly audit   'is-async-function': [ '2.1.1' ],
249 silly audit   'is-bigint': [ '1.1.0' ],
249 silly audit   'is-boolean-object': [ '1.2.2' ],
249 silly audit   'is-bun-module': [ '2.0.0' ],
249 silly audit   'is-callable': [ '1.2.7' ],
249 silly audit   'is-core-module': [ '2.16.1' ],
249 silly audit   'is-data-view': [ '1.0.2' ],
249 silly audit   'is-date-object': [ '1.1.0' ],
249 silly audit   'is-extglob': [ '2.1.1' ],
249 silly audit   'is-finalizationregistry': [ '1.1.1' ],
249 silly audit   'is-generator-function': [ '1.1.0' ],
249 silly audit   'is-glob': [ '4.0.3' ],
249 silly audit   'is-map': [ '2.0.3' ],
249 silly audit   'is-number': [ '7.0.0' ],
249 silly audit   'is-number-object': [ '1.1.1' ],
249 silly audit   'is-regex': [ '1.2.1' ],
249 silly audit   'is-set': [ '2.0.3' ],
249 silly audit   'is-shared-array-buffer': [ '1.0.4' ],
249 silly audit   'is-string': [ '1.1.1' ],
249 silly audit   'is-symbol': [ '1.1.1' ],
249 silly audit   'is-typed-array': [ '1.1.15' ],
249 silly audit   'is-weakmap': [ '2.0.2' ],
249 silly audit   'is-weakref': [ '1.1.1' ],
249 silly audit   'is-weakset': [ '2.0.4' ],
249 silly audit   isarray: [ '2.0.5' ],
249 silly audit   isexe: [ '2.0.0' ],
249 silly audit   'iterator.prototype': [ '1.1.5' ],
249 silly audit   jiti: [ '2.4.2' ],
249 silly audit   'js-cookie': [ '3.0.5' ],
249 silly audit   'js-tokens': [ '4.0.0' ],
249 silly audit   'js-yaml': [ '4.1.0' ],
249 silly audit   'json-buffer': [ '3.0.1' ],
249 silly audit   'json-schema-traverse': [ '0.4.1' ],
249 silly audit   'json-stable-stringify-without-jsonify': [ '1.0.1' ],
249 silly audit   json5: [ '1.0.2' ],
249 silly audit   'jsx-ast-utils': [ '3.3.5' ],
249 silly audit   keyv: [ '4.5.4' ],
249 silly audit   'language-subtag-registry': [ '0.3.23' ],
249 silly audit   'language-tags': [ '1.0.9' ],
249 silly audit   levn: [ '0.4.1' ],
249 silly audit   lightningcss: [ '1.30.1' ],
249 silly audit   'lightningcss-darwin-arm64': [ '1.30.1' ],
249 silly audit   'lightningcss-darwin-x64': [ '1.30.1' ],
249 silly audit   'lightningcss-freebsd-x64': [ '1.30.1' ],
249 silly audit   'lightningcss-linux-arm-gnueabihf': [ '1.30.1' ],
249 silly audit   'lightningcss-linux-arm64-gnu': [ '1.30.1' ],
249 silly audit   'lightningcss-linux-arm64-musl': [ '1.30.1' ],
249 silly audit   'lightningcss-linux-x64-gnu': [ '1.30.1' ],
249 silly audit   'lightningcss-linux-x64-musl': [ '1.30.1' ],
249 silly audit   'lightningcss-win32-arm64-msvc': [ '1.30.1' ],
249 silly audit   'lightningcss-win32-x64-msvc': [ '1.30.1' ],
249 silly audit   'locate-path': [ '6.0.0' ],
249 silly audit   'lodash.merge': [ '4.6.2' ],
249 silly audit   'loose-envify': [ '1.4.0' ],
249 silly audit   'lucide-react': [ '0.517.0' ],
249 silly audit   'magic-string': [ '0.30.17' ],
249 silly audit   'math-intrinsics': [ '1.1.0' ],
249 silly audit   merge2: [ '1.4.1' ],
249 silly audit   micromatch: [ '4.0.8' ],
249 silly audit   'mime-db': [ '1.52.0' ],
249 silly audit   'mime-types': [ '2.1.35' ],
249 silly audit   minimist: [ '1.2.8' ],
249 silly audit   minipass: [ '7.1.2' ],
249 silly audit   minizlib: [ '3.0.2' ],
249 silly audit   mkdirp: [ '3.0.1' ],
249 silly audit   ms: [ '2.1.3' ],
249 silly audit   nanoid: [ '3.3.11' ],
249 silly audit   'napi-postinstall': [ '0.2.4' ],
249 silly audit   'natural-compare': [ '1.4.0' ],
249 silly audit   next: [ '15.3.2' ],
249 silly audit   postcss: [ '8.4.31', '8.5.3' ],
249 silly audit   'object-assign': [ '4.1.1' ],
249 silly audit   'object-inspect': [ '1.13.4' ],
249 silly audit   'object-keys': [ '1.1.1' ],
249 silly audit   'object.assign': [ '4.1.7' ],
249 silly audit   'object.entries': [ '1.1.9' ],
249 silly audit   'object.fromentries': [ '2.0.8' ],
249 silly audit   'object.groupby': [ '1.0.3' ],
249 silly audit   'object.values': [ '1.2.1' ],
249 silly audit   optionator: [ '0.9.4' ],
249 silly audit   'own-keys': [ '1.0.1' ],
249 silly audit   'p-limit': [ '3.1.0' ],
249 silly audit   'p-locate': [ '5.0.0' ],
249 silly audit   'parent-module': [ '1.0.1' ],
249 silly audit   'path-exists': [ '4.0.0' ],
249 silly audit   'path-key': [ '3.1.1' ],
249 silly audit   'path-parse': [ '1.0.7' ],
249 silly audit   picocolors: [ '1.1.1' ],
249 silly audit   picomatch: [ '2.3.1', '4.0.2' ],
249 silly audit   'possible-typed-array-names': [ '1.1.0' ],
249 silly audit   'prelude-ls': [ '1.2.1' ],
249 silly audit   'prop-types': [ '15.8.1' ],
249 silly audit   'proxy-from-env': [ '1.1.0' ],
249 silly audit   punycode: [ '2.3.1' ],
249 silly audit   'queue-microtask': [ '1.2.3' ],
249 silly audit   react: [ '19.1.0' ],
249 silly audit   'react-dom': [ '19.1.0' ],
249 silly audit   'react-icons': [ '5.5.0' ],
249 silly audit   'react-is': [ '16.13.1' ],
249 silly audit   'reflect.getprototypeof': [ '1.0.10' ],
249 silly audit   'regexp.prototype.flags': [ '1.5.4' ],
249 silly audit   'resolve-from': [ '4.0.0' ],
249 silly audit   'resolve-pkg-maps': [ '1.0.0' ],
249 silly audit   reusify: [ '1.1.0' ],
249 silly audit   'run-parallel': [ '1.2.0' ],
249 silly audit   'safe-array-concat': [ '1.1.3' ],
249 silly audit   'safe-push-apply': [ '1.0.0' ],
249 silly audit   'safe-regex-test': [ '1.1.0' ],
249 silly audit   scheduler: [ '0.26.0' ],
249 silly audit   'set-function-length': [ '1.2.2' ],
249 silly audit   'set-function-name': [ '2.0.2' ],
249 silly audit   'set-proto': [ '1.0.0' ],
249 silly audit   sharp: [ '0.34.2' ],
249 silly audit   'shebang-command': [ '2.0.0' ],
249 silly audit   'shebang-regex': [ '3.0.0' ],
249 silly audit   'side-channel': [ '1.1.0' ],
249 silly audit   'side-channel-list': [ '1.0.0' ],
249 silly audit   'side-channel-map': [ '1.0.1' ],
249 silly audit   'side-channel-weakmap': [ '1.0.2' ],
249 silly audit   'simple-swizzle': [ '0.2.2' ],
249 silly audit   'source-map-js': [ '1.2.1' ],
249 silly audit   'stable-hash': [ '0.0.5' ],
249 silly audit   streamsearch: [ '1.1.0' ],
249 silly audit   'string.prototype.includes': [ '2.0.1' ],
249 silly audit   'string.prototype.matchall': [ '4.0.12' ],
249 silly audit   'string.prototype.repeat': [ '1.0.0' ],
249 silly audit   'string.prototype.trim': [ '1.2.10' ],
249 silly audit   'string.prototype.trimend': [ '1.0.9' ],
249 silly audit   'string.prototype.trimstart': [ '1.0.8' ],
249 silly audit   'strip-bom': [ '3.0.0' ],
249 silly audit   'strip-json-comments': [ '3.1.1' ],
249 silly audit   'styled-jsx': [ '5.1.6' ],
249 silly audit   'supports-color': [ '7.2.0' ],
249 silly audit   'supports-preserve-symlinks-flag': [ '1.0.0' ],
249 silly audit   'tailwind-merge': [ '3.3.1' ],
249 silly audit   tapable: [ '2.2.2' ],
249 silly audit   tar: [ '7.4.3' ],
249 silly audit   tinyglobby: [ '0.2.14' ],
249 silly audit   fdir: [ '6.4.5', '6.4.6' ],
249 silly audit   'to-regex-range': [ '5.0.1' ],
249 silly audit   'ts-api-utils': [ '2.1.0' ],
249 silly audit   'tsconfig-paths': [ '3.15.0' ],
249 silly audit   tslib: [ '2.8.1' ],
249 silly audit   'tw-animate-css': [ '1.3.4' ],
249 silly audit   'type-check': [ '0.4.0' ],
249 silly audit   'typed-array-buffer': [ '1.0.3' ],
249 silly audit   'typed-array-byte-length': [ '1.0.3' ],
249 silly audit   'typed-array-byte-offset': [ '1.0.4' ],
249 silly audit   'typed-array-length': [ '1.0.7' ],
249 silly audit   typescript: [ '5.8.3' ],
249 silly audit   'unbox-primitive': [ '1.1.0' ],
249 silly audit   'undici-types': [ '6.19.8' ],
249 silly audit   'unrs-resolver': [ '1.7.6' ],
249 silly audit   'uri-js': [ '4.4.1' ],
249 silly audit   which: [ '2.0.2' ],
249 silly audit   'which-boxed-primitive': [ '1.1.1' ],
249 silly audit   'which-builtin-type': [ '1.2.1' ],
249 silly audit   'which-collection': [ '1.0.2' ],
249 silly audit   'which-typed-array': [ '1.1.19' ],
249 silly audit   'word-wrap': [ '1.2.5' ],
249 silly audit   yallist: [ '5.0.0' ],
249 silly audit   'yocto-queue': [ '0.1.0' ],
249 silly audit   '@tailwindcss/vite': [ '4.1.10' ],
249 silly audit   vite: [ '6.3.5' ],
249 silly audit   tailwindcss: [ '4.1.10', '4.1.8' ],
249 silly audit   esbuild: [ '0.25.5' ],
249 silly audit   fsevents: [ '2.3.3' ],
249 silly audit   rollup: [ '4.43.0' ],
249 silly audit   '@esbuild/aix-ppc64': [ '0.25.5' ],
249 silly audit   '@esbuild/android-arm': [ '0.25.5' ],
249 silly audit   '@esbuild/android-arm64': [ '0.25.5' ],
249 silly audit   '@esbuild/android-x64': [ '0.25.5' ],
249 silly audit   '@esbuild/darwin-arm64': [ '0.25.5' ],
249 silly audit   '@esbuild/darwin-x64': [ '0.25.5' ],
249 silly audit   '@esbuild/freebsd-arm64': [ '0.25.5' ],
249 silly audit   '@esbuild/freebsd-x64': [ '0.25.5' ],
249 silly audit   '@esbuild/linux-arm': [ '0.25.5' ],
249 silly audit   '@esbuild/linux-arm64': [ '0.25.5' ],
249 silly audit   '@esbuild/linux-ia32': [ '0.25.5' ],
249 silly audit   '@esbuild/linux-loong64': [ '0.25.5' ],
249 silly audit   '@esbuild/linux-mips64el': [ '0.25.5' ],
249 silly audit   '@esbuild/linux-ppc64': [ '0.25.5' ],
249 silly audit   '@esbuild/linux-riscv64': [ '0.25.5' ],
249 silly audit   '@esbuild/linux-s390x': [ '0.25.5' ],
249 silly audit   '@esbuild/linux-x64': [ '0.25.5' ],
249 silly audit   '@esbuild/netbsd-arm64': [ '0.25.5' ],
249 silly audit   '@esbuild/netbsd-x64': [ '0.25.5' ],
249 silly audit   '@esbuild/openbsd-arm64': [ '0.25.5' ],
249 silly audit   '@esbuild/openbsd-x64': [ '0.25.5' ],
249 silly audit   '@esbuild/sunos-x64': [ '0.25.5' ],
249 silly audit   '@esbuild/win32-arm64': [ '0.25.5' ],
249 silly audit   '@esbuild/win32-ia32': [ '0.25.5' ],
249 silly audit   '@esbuild/win32-x64': [ '0.25.5' ],
249 silly audit   '@rollup/rollup-android-arm-eabi': [ '4.43.0' ],
249 silly audit   '@rollup/rollup-android-arm64': [ '4.43.0' ],
249 silly audit   '@rollup/rollup-darwin-arm64': [ '4.43.0' ],
249 silly audit   '@rollup/rollup-darwin-x64': [ '4.43.0' ],
249 silly audit   '@rollup/rollup-freebsd-arm64': [ '4.43.0' ],
249 silly audit   '@rollup/rollup-freebsd-x64': [ '4.43.0' ],
249 silly audit   '@rollup/rollup-linux-arm-gnueabihf': [ '4.43.0' ],
249 silly audit   '@rollup/rollup-linux-arm-musleabihf': [ '4.43.0' ],
249 silly audit   '@rollup/rollup-linux-arm64-gnu': [ '4.43.0' ],
249 silly audit   '@rollup/rollup-linux-arm64-musl': [ '4.43.0' ],
249 silly audit   '@rollup/rollup-linux-loongarch64-gnu': [ '4.43.0' ],
249 silly audit   '@rollup/rollup-linux-powerpc64le-gnu': [ '4.43.0' ],
249 silly audit   '@rollup/rollup-linux-riscv64-gnu': [ '4.43.0' ],
249 silly audit   '@rollup/rollup-linux-riscv64-musl': [ '4.43.0' ],
249 silly audit   '@rollup/rollup-linux-s390x-gnu': [ '4.43.0' ],
249 silly audit   '@rollup/rollup-linux-x64-gnu': [ '4.43.0' ],
249 silly audit   '@rollup/rollup-linux-x64-musl': [ '4.43.0' ],
249 silly audit   '@rollup/rollup-win32-arm64-msvc': [ '4.43.0' ],
249 silly audit   '@rollup/rollup-win32-ia32-msvc': [ '4.43.0' ],
249 silly audit   '@rollup/rollup-win32-x64-msvc': [ '4.43.0' ]
249 silly audit }
250 verbose reify failed optional dependency C:\Users\Zahra\Desktop\social-network\frontend\node_modules\@rollup\rollup-win32-ia32-msvc
251 silly reify mark deleted [
251 silly reify   'C:\\Users\\Zahra\\Desktop\\social-network\\frontend\\node_modules\\@rollup\\rollup-win32-ia32-msvc'
251 silly reify ]
252 verbose reify failed optional dependency C:\Users\Zahra\Desktop\social-network\frontend\node_modules\@rollup\rollup-win32-arm64-msvc
253 silly reify mark deleted [
253 silly reify   'C:\\Users\\Zahra\\Desktop\\social-network\\frontend\\node_modules\\@rollup\\rollup-win32-arm64-msvc'
253 silly reify ]
254 verbose reify failed optional dependency C:\Users\Zahra\Desktop\social-network\frontend\node_modules\@rollup\rollup-linux-x64-musl
255 silly reify mark deleted [
255 silly reify   'C:\\Users\\Zahra\\Desktop\\social-network\\frontend\\node_modules\\@rollup\\rollup-linux-x64-musl'
255 silly reify ]
256 verbose reify failed optional dependency C:\Users\Zahra\Desktop\social-network\frontend\node_modules\@rollup\rollup-linux-x64-gnu
257 silly reify mark deleted [
257 silly reify   'C:\\Users\\Zahra\\Desktop\\social-network\\frontend\\node_modules\\@rollup\\rollup-linux-x64-gnu'
257 silly reify ]
258 verbose reify failed optional dependency C:\Users\Zahra\Desktop\social-network\frontend\node_modules\@rollup\rollup-linux-s390x-gnu
259 silly reify mark deleted [
259 silly reify   'C:\\Users\\Zahra\\Desktop\\social-network\\frontend\\node_modules\\@rollup\\rollup-linux-s390x-gnu'
259 silly reify ]
260 verbose reify failed optional dependency C:\Users\Zahra\Desktop\social-network\frontend\node_modules\@rollup\rollup-linux-riscv64-musl
261 silly reify mark deleted [
261 silly reify   'C:\\Users\\Zahra\\Desktop\\social-network\\frontend\\node_modules\\@rollup\\rollup-linux-riscv64-musl'
261 silly reify ]
262 verbose reify failed optional dependency C:\Users\Zahra\Desktop\social-network\frontend\node_modules\@rollup\rollup-linux-riscv64-gnu
263 silly reify mark deleted [
263 silly reify   'C:\\Users\\Zahra\\Desktop\\social-network\\frontend\\node_modules\\@rollup\\rollup-linux-riscv64-gnu'
263 silly reify ]
264 verbose reify failed optional dependency C:\Users\Zahra\Desktop\social-network\frontend\node_modules\@rollup\rollup-linux-powerpc64le-gnu
265 silly reify mark deleted [
265 silly reify   'C:\\Users\\Zahra\\Desktop\\social-network\\frontend\\node_modules\\@rollup\\rollup-linux-powerpc64le-gnu'
265 silly reify ]
266 verbose reify failed optional dependency C:\Users\Zahra\Desktop\social-network\frontend\node_modules\@rollup\rollup-linux-loongarch64-gnu
267 silly reify mark deleted [
267 silly reify   'C:\\Users\\Zahra\\Desktop\\social-network\\frontend\\node_modules\\@rollup\\rollup-linux-loongarch64-gnu'
267 silly reify ]
268 verbose reify failed optional dependency C:\Users\Zahra\Desktop\social-network\frontend\node_modules\@rollup\rollup-linux-arm64-musl
269 silly reify mark deleted [
269 silly reify   'C:\\Users\\Zahra\\Desktop\\social-network\\frontend\\node_modules\\@rollup\\rollup-linux-arm64-musl'
269 silly reify ]
270 verbose reify failed optional dependency C:\Users\Zahra\Desktop\social-network\frontend\node_modules\@rollup\rollup-linux-arm64-gnu
271 silly reify mark deleted [
271 silly reify   'C:\\Users\\Zahra\\Desktop\\social-network\\frontend\\node_modules\\@rollup\\rollup-linux-arm64-gnu'
271 silly reify ]
272 verbose reify failed optional dependency C:\Users\Zahra\Desktop\social-network\frontend\node_modules\@rollup\rollup-linux-arm-musleabihf
273 silly reify mark deleted [
273 silly reify   'C:\\Users\\Zahra\\Desktop\\social-network\\frontend\\node_modules\\@rollup\\rollup-linux-arm-musleabihf'
273 silly reify ]
274 verbose reify failed optional dependency C:\Users\Zahra\Desktop\social-network\frontend\node_modules\@rollup\rollup-linux-arm-gnueabihf
275 silly reify mark deleted [
275 silly reify   'C:\\Users\\Zahra\\Desktop\\social-network\\frontend\\node_modules\\@rollup\\rollup-linux-arm-gnueabihf'
275 silly reify ]
276 verbose reify failed optional dependency C:\Users\Zahra\Desktop\social-network\frontend\node_modules\@rollup\rollup-freebsd-x64
277 silly reify mark deleted [
277 silly reify   'C:\\Users\\Zahra\\Desktop\\social-network\\frontend\\node_modules\\@rollup\\rollup-freebsd-x64'
277 silly reify ]
278 verbose reify failed optional dependency C:\Users\Zahra\Desktop\social-network\frontend\node_modules\@rollup\rollup-freebsd-arm64
279 silly reify mark deleted [
279 silly reify   'C:\\Users\\Zahra\\Desktop\\social-network\\frontend\\node_modules\\@rollup\\rollup-freebsd-arm64'
279 silly reify ]
280 verbose reify failed optional dependency C:\Users\Zahra\Desktop\social-network\frontend\node_modules\@rollup\rollup-darwin-x64
281 silly reify mark deleted [
281 silly reify   'C:\\Users\\Zahra\\Desktop\\social-network\\frontend\\node_modules\\@rollup\\rollup-darwin-x64'
281 silly reify ]
282 verbose reify failed optional dependency C:\Users\Zahra\Desktop\social-network\frontend\node_modules\@rollup\rollup-darwin-arm64
283 silly reify mark deleted [
283 silly reify   'C:\\Users\\Zahra\\Desktop\\social-network\\frontend\\node_modules\\@rollup\\rollup-darwin-arm64'
283 silly reify ]
284 verbose reify failed optional dependency C:\Users\Zahra\Desktop\social-network\frontend\node_modules\@rollup\rollup-android-arm64
285 silly reify mark deleted [
285 silly reify   'C:\\Users\\Zahra\\Desktop\\social-network\\frontend\\node_modules\\@rollup\\rollup-android-arm64'
285 silly reify ]
286 verbose reify failed optional dependency C:\Users\Zahra\Desktop\social-network\frontend\node_modules\@rollup\rollup-android-arm-eabi
287 silly reify mark deleted [
287 silly reify   'C:\\Users\\Zahra\\Desktop\\social-network\\frontend\\node_modules\\@rollup\\rollup-android-arm-eabi'
287 silly reify ]
288 verbose reify failed optional dependency C:\Users\Zahra\Desktop\social-network\frontend\node_modules\@esbuild\win32-ia32
289 silly reify mark deleted [
289 silly reify   'C:\\Users\\Zahra\\Desktop\\social-network\\frontend\\node_modules\\@esbuild\\win32-ia32'
289 silly reify ]
290 verbose reify failed optional dependency C:\Users\Zahra\Desktop\social-network\frontend\node_modules\@esbuild\win32-arm64
291 silly reify mark deleted [
291 silly reify   'C:\\Users\\Zahra\\Desktop\\social-network\\frontend\\node_modules\\@esbuild\\win32-arm64'
291 silly reify ]
292 verbose reify failed optional dependency C:\Users\Zahra\Desktop\social-network\frontend\node_modules\@esbuild\sunos-x64
293 silly reify mark deleted [
293 silly reify   'C:\\Users\\Zahra\\Desktop\\social-network\\frontend\\node_modules\\@esbuild\\sunos-x64'
293 silly reify ]
294 verbose reify failed optional dependency C:\Users\Zahra\Desktop\social-network\frontend\node_modules\@esbuild\openbsd-x64
295 silly reify mark deleted [
295 silly reify   'C:\\Users\\Zahra\\Desktop\\social-network\\frontend\\node_modules\\@esbuild\\openbsd-x64'
295 silly reify ]
296 verbose reify failed optional dependency C:\Users\Zahra\Desktop\social-network\frontend\node_modules\@esbuild\openbsd-arm64
297 silly reify mark deleted [
297 silly reify   'C:\\Users\\Zahra\\Desktop\\social-network\\frontend\\node_modules\\@esbuild\\openbsd-arm64'
297 silly reify ]
298 verbose reify failed optional dependency C:\Users\Zahra\Desktop\social-network\frontend\node_modules\@esbuild\netbsd-x64
299 silly reify mark deleted [
299 silly reify   'C:\\Users\\Zahra\\Desktop\\social-network\\frontend\\node_modules\\@esbuild\\netbsd-x64'
299 silly reify ]
300 verbose reify failed optional dependency C:\Users\Zahra\Desktop\social-network\frontend\node_modules\@esbuild\netbsd-arm64
301 silly reify mark deleted [
301 silly reify   'C:\\Users\\Zahra\\Desktop\\social-network\\frontend\\node_modules\\@esbuild\\netbsd-arm64'
301 silly reify ]
302 verbose reify failed optional dependency C:\Users\Zahra\Desktop\social-network\frontend\node_modules\@esbuild\linux-x64
303 silly reify mark deleted [
303 silly reify   'C:\\Users\\Zahra\\Desktop\\social-network\\frontend\\node_modules\\@esbuild\\linux-x64'
303 silly reify ]
304 verbose reify failed optional dependency C:\Users\Zahra\Desktop\social-network\frontend\node_modules\@esbuild\linux-s390x
305 silly reify mark deleted [
305 silly reify   'C:\\Users\\Zahra\\Desktop\\social-network\\frontend\\node_modules\\@esbuild\\linux-s390x'
305 silly reify ]
306 verbose reify failed optional dependency C:\Users\Zahra\Desktop\social-network\frontend\node_modules\@esbuild\linux-riscv64
307 silly reify mark deleted [
307 silly reify   'C:\\Users\\Zahra\\Desktop\\social-network\\frontend\\node_modules\\@esbuild\\linux-riscv64'
307 silly reify ]
308 verbose reify failed optional dependency C:\Users\Zahra\Desktop\social-network\frontend\node_modules\@esbuild\linux-ppc64
309 silly reify mark deleted [
309 silly reify   'C:\\Users\\Zahra\\Desktop\\social-network\\frontend\\node_modules\\@esbuild\\linux-ppc64'
309 silly reify ]
310 verbose reify failed optional dependency C:\Users\Zahra\Desktop\social-network\frontend\node_modules\@esbuild\linux-mips64el
311 silly reify mark deleted [
311 silly reify   'C:\\Users\\Zahra\\Desktop\\social-network\\frontend\\node_modules\\@esbuild\\linux-mips64el'
311 silly reify ]
312 verbose reify failed optional dependency C:\Users\Zahra\Desktop\social-network\frontend\node_modules\@esbuild\linux-loong64
313 silly reify mark deleted [
313 silly reify   'C:\\Users\\Zahra\\Desktop\\social-network\\frontend\\node_modules\\@esbuild\\linux-loong64'
313 silly reify ]
314 verbose reify failed optional dependency C:\Users\Zahra\Desktop\social-network\frontend\node_modules\@esbuild\linux-ia32
315 silly reify mark deleted [
315 silly reify   'C:\\Users\\Zahra\\Desktop\\social-network\\frontend\\node_modules\\@esbuild\\linux-ia32'
315 silly reify ]
316 verbose reify failed optional dependency C:\Users\Zahra\Desktop\social-network\frontend\node_modules\@esbuild\linux-arm64
317 silly reify mark deleted [
317 silly reify   'C:\\Users\\Zahra\\Desktop\\social-network\\frontend\\node_modules\\@esbuild\\linux-arm64'
317 silly reify ]
318 verbose reify failed optional dependency C:\Users\Zahra\Desktop\social-network\frontend\node_modules\@esbuild\linux-arm
319 silly reify mark deleted [
319 silly reify   'C:\\Users\\Zahra\\Desktop\\social-network\\frontend\\node_modules\\@esbuild\\linux-arm'
319 silly reify ]
320 verbose reify failed optional dependency C:\Users\Zahra\Desktop\social-network\frontend\node_modules\@esbuild\freebsd-x64
321 silly reify mark deleted [
321 silly reify   'C:\\Users\\Zahra\\Desktop\\social-network\\frontend\\node_modules\\@esbuild\\freebsd-x64'
321 silly reify ]
322 verbose reify failed optional dependency C:\Users\Zahra\Desktop\social-network\frontend\node_modules\@esbuild\freebsd-arm64
323 silly reify mark deleted [
323 silly reify   'C:\\Users\\Zahra\\Desktop\\social-network\\frontend\\node_modules\\@esbuild\\freebsd-arm64'
323 silly reify ]
324 verbose reify failed optional dependency C:\Users\Zahra\Desktop\social-network\frontend\node_modules\@esbuild\darwin-x64
325 silly reify mark deleted [
325 silly reify   'C:\\Users\\Zahra\\Desktop\\social-network\\frontend\\node_modules\\@esbuild\\darwin-x64'
325 silly reify ]
326 verbose reify failed optional dependency C:\Users\Zahra\Desktop\social-network\frontend\node_modules\@esbuild\darwin-arm64
327 silly reify mark deleted [
327 silly reify   'C:\\Users\\Zahra\\Desktop\\social-network\\frontend\\node_modules\\@esbuild\\darwin-arm64'
327 silly reify ]
328 verbose reify failed optional dependency C:\Users\Zahra\Desktop\social-network\frontend\node_modules\@esbuild\android-x64
329 silly reify mark deleted [
329 silly reify   'C:\\Users\\Zahra\\Desktop\\social-network\\frontend\\node_modules\\@esbuild\\android-x64'
329 silly reify ]
330 verbose reify failed optional dependency C:\Users\Zahra\Desktop\social-network\frontend\node_modules\@esbuild\android-arm64
331 silly reify mark deleted [
331 silly reify   'C:\\Users\\Zahra\\Desktop\\social-network\\frontend\\node_modules\\@esbuild\\android-arm64'
331 silly reify ]
332 verbose reify failed optional dependency C:\Users\Zahra\Desktop\social-network\frontend\node_modules\@esbuild\android-arm
333 silly reify mark deleted [
333 silly reify   'C:\\Users\\Zahra\\Desktop\\social-network\\frontend\\node_modules\\@esbuild\\android-arm'
333 silly reify ]
334 verbose reify failed optional dependency C:\Users\Zahra\Desktop\social-network\frontend\node_modules\@esbuild\aix-ppc64
335 silly reify mark deleted [
335 silly reify   'C:\\Users\\Zahra\\Desktop\\social-network\\frontend\\node_modules\\@esbuild\\aix-ppc64'
335 silly reify ]
336 verbose reify failed optional dependency C:\Users\Zahra\Desktop\social-network\frontend\node_modules\fsevents
337 silly reify mark deleted [
337 silly reify   'C:\\Users\\Zahra\\Desktop\\social-network\\frontend\\node_modules\\fsevents'
337 silly reify ]
338 verbose reify failed optional dependency C:\Users\Zahra\Desktop\social-network\frontend\node_modules\@tailwindcss\vite\node_modules\@tailwindcss\oxide-win32-arm64-msvc
339 silly reify mark deleted [
339 silly reify   'C:\\Users\\Zahra\\Desktop\\social-network\\frontend\\node_modules\\@tailwindcss\\vite\\node_modules\\@tailwindcss\\oxide-win32-arm64-msvc'
339 silly reify ]
340 verbose reify failed optional dependency C:\Users\Zahra\Desktop\social-network\frontend\node_modules\@tailwindcss\vite\node_modules\@tailwindcss\oxide-linux-x64-musl
341 silly reify mark deleted [
341 silly reify   'C:\\Users\\Zahra\\Desktop\\social-network\\frontend\\node_modules\\@tailwindcss\\vite\\node_modules\\@tailwindcss\\oxide-linux-x64-musl'
341 silly reify ]
342 verbose reify failed optional dependency C:\Users\Zahra\Desktop\social-network\frontend\node_modules\@tailwindcss\vite\node_modules\@tailwindcss\oxide-linux-x64-gnu
343 silly reify mark deleted [
343 silly reify   'C:\\Users\\Zahra\\Desktop\\social-network\\frontend\\node_modules\\@tailwindcss\\vite\\node_modules\\@tailwindcss\\oxide-linux-x64-gnu'
343 silly reify ]
344 verbose reify failed optional dependency C:\Users\Zahra\Desktop\social-network\frontend\node_modules\@tailwindcss\vite\node_modules\@tailwindcss\oxide-linux-arm64-musl
345 silly reify mark deleted [
345 silly reify   'C:\\Users\\Zahra\\Desktop\\social-network\\frontend\\node_modules\\@tailwindcss\\vite\\node_modules\\@tailwindcss\\oxide-linux-arm64-musl'
345 silly reify ]
346 verbose reify failed optional dependency C:\Users\Zahra\Desktop\social-network\frontend\node_modules\@tailwindcss\vite\node_modules\@tailwindcss\oxide-linux-arm64-gnu
347 silly reify mark deleted [
347 silly reify   'C:\\Users\\Zahra\\Desktop\\social-network\\frontend\\node_modules\\@tailwindcss\\vite\\node_modules\\@tailwindcss\\oxide-linux-arm64-gnu'
347 silly reify ]
348 verbose reify failed optional dependency C:\Users\Zahra\Desktop\social-network\frontend\node_modules\@tailwindcss\vite\node_modules\@tailwindcss\oxide-linux-arm-gnueabihf
349 silly reify mark deleted [
349 silly reify   'C:\\Users\\Zahra\\Desktop\\social-network\\frontend\\node_modules\\@tailwindcss\\vite\\node_modules\\@tailwindcss\\oxide-linux-arm-gnueabihf'
349 silly reify ]
350 verbose reify failed optional dependency C:\Users\Zahra\Desktop\social-network\frontend\node_modules\@tailwindcss\vite\node_modules\@tailwindcss\oxide-freebsd-x64
351 silly reify mark deleted [
351 silly reify   'C:\\Users\\Zahra\\Desktop\\social-network\\frontend\\node_modules\\@tailwindcss\\vite\\node_modules\\@tailwindcss\\oxide-freebsd-x64'
351 silly reify ]
352 verbose reify failed optional dependency C:\Users\Zahra\Desktop\social-network\frontend\node_modules\@tailwindcss\vite\node_modules\@tailwindcss\oxide-darwin-x64
353 silly reify mark deleted [
353 silly reify   'C:\\Users\\Zahra\\Desktop\\social-network\\frontend\\node_modules\\@tailwindcss\\vite\\node_modules\\@tailwindcss\\oxide-darwin-x64'
353 silly reify ]
354 verbose reify failed optional dependency C:\Users\Zahra\Desktop\social-network\frontend\node_modules\@tailwindcss\vite\node_modules\@tailwindcss\oxide-darwin-arm64
355 silly reify mark deleted [
355 silly reify   'C:\\Users\\Zahra\\Desktop\\social-network\\frontend\\node_modules\\@tailwindcss\\vite\\node_modules\\@tailwindcss\\oxide-darwin-arm64'
355 silly reify ]
356 verbose reify failed optional dependency C:\Users\Zahra\Desktop\social-network\frontend\node_modules\@tailwindcss\vite\node_modules\@tailwindcss\oxide-android-arm64
357 silly reify mark deleted [
357 silly reify   'C:\\Users\\Zahra\\Desktop\\social-network\\frontend\\node_modules\\@tailwindcss\\vite\\node_modules\\@tailwindcss\\oxide-android-arm64'
357 silly reify ]
358 verbose reify failed optional dependency C:\Users\Zahra\Desktop\social-network\frontend\node_modules\lightningcss-win32-arm64-msvc
359 silly reify mark deleted [
359 silly reify   'C:\\Users\\Zahra\\Desktop\\social-network\\frontend\\node_modules\\lightningcss-win32-arm64-msvc'
359 silly reify ]
360 verbose reify failed optional dependency C:\Users\Zahra\Desktop\social-network\frontend\node_modules\lightningcss-linux-x64-musl
361 silly reify mark deleted [
361 silly reify   'C:\\Users\\Zahra\\Desktop\\social-network\\frontend\\node_modules\\lightningcss-linux-x64-musl'
361 silly reify ]
362 verbose reify failed optional dependency C:\Users\Zahra\Desktop\social-network\frontend\node_modules\lightningcss-linux-x64-gnu
363 silly reify mark deleted [
363 silly reify   'C:\\Users\\Zahra\\Desktop\\social-network\\frontend\\node_modules\\lightningcss-linux-x64-gnu'
363 silly reify ]
364 verbose reify failed optional dependency C:\Users\Zahra\Desktop\social-network\frontend\node_modules\lightningcss-linux-arm64-musl
365 silly reify mark deleted [
365 silly reify   'C:\\Users\\Zahra\\Desktop\\social-network\\frontend\\node_modules\\lightningcss-linux-arm64-musl'
365 silly reify ]
366 verbose reify failed optional dependency C:\Users\Zahra\Desktop\social-network\frontend\node_modules\lightningcss-linux-arm64-gnu
367 silly reify mark deleted [
367 silly reify   'C:\\Users\\Zahra\\Desktop\\social-network\\frontend\\node_modules\\lightningcss-linux-arm64-gnu'
367 silly reify ]
368 verbose reify failed optional dependency C:\Users\Zahra\Desktop\social-network\frontend\node_modules\lightningcss-linux-arm-gnueabihf
369 silly reify mark deleted [
369 silly reify   'C:\\Users\\Zahra\\Desktop\\social-network\\frontend\\node_modules\\lightningcss-linux-arm-gnueabihf'
369 silly reify ]
370 verbose reify failed optional dependency C:\Users\Zahra\Desktop\social-network\frontend\node_modules\lightningcss-freebsd-x64
371 silly reify mark deleted [
371 silly reify   'C:\\Users\\Zahra\\Desktop\\social-network\\frontend\\node_modules\\lightningcss-freebsd-x64'
371 silly reify ]
372 verbose reify failed optional dependency C:\Users\Zahra\Desktop\social-network\frontend\node_modules\lightningcss-darwin-x64
373 silly reify mark deleted [
373 silly reify   'C:\\Users\\Zahra\\Desktop\\social-network\\frontend\\node_modules\\lightningcss-darwin-x64'
373 silly reify ]
374 verbose reify failed optional dependency C:\Users\Zahra\Desktop\social-network\frontend\node_modules\lightningcss-darwin-arm64
375 silly reify mark deleted [
375 silly reify   'C:\\Users\\Zahra\\Desktop\\social-network\\frontend\\node_modules\\lightningcss-darwin-arm64'
375 silly reify ]
376 verbose reify failed optional dependency C:\Users\Zahra\Desktop\social-network\frontend\node_modules\@unrs\resolver-binding-win32-ia32-msvc
377 silly reify mark deleted [
377 silly reify   'C:\\Users\\Zahra\\Desktop\\social-network\\frontend\\node_modules\\@unrs\\resolver-binding-win32-ia32-msvc'
377 silly reify ]
378 verbose reify failed optional dependency C:\Users\Zahra\Desktop\social-network\frontend\node_modules\@unrs\resolver-binding-win32-arm64-msvc
379 silly reify mark deleted [
379 silly reify   'C:\\Users\\Zahra\\Desktop\\social-network\\frontend\\node_modules\\@unrs\\resolver-binding-win32-arm64-msvc'
379 silly reify ]
380 verbose reify failed optional dependency C:\Users\Zahra\Desktop\social-network\frontend\node_modules\@unrs\resolver-binding-wasm32-wasi
381 silly reify mark deleted [
381 silly reify   'C:\\Users\\Zahra\\Desktop\\social-network\\frontend\\node_modules\\@unrs\\resolver-binding-wasm32-wasi'
381 silly reify ]
382 verbose reify failed optional dependency C:\Users\Zahra\Desktop\social-network\frontend\node_modules\@unrs\resolver-binding-linux-x64-musl
383 silly reify mark deleted [
383 silly reify   'C:\\Users\\Zahra\\Desktop\\social-network\\frontend\\node_modules\\@unrs\\resolver-binding-linux-x64-musl'
383 silly reify ]
384 verbose reify failed optional dependency C:\Users\Zahra\Desktop\social-network\frontend\node_modules\@unrs\resolver-binding-linux-x64-gnu
385 silly reify mark deleted [
385 silly reify   'C:\\Users\\Zahra\\Desktop\\social-network\\frontend\\node_modules\\@unrs\\resolver-binding-linux-x64-gnu'
385 silly reify ]
386 verbose reify failed optional dependency C:\Users\Zahra\Desktop\social-network\frontend\node_modules\@unrs\resolver-binding-linux-s390x-gnu
387 silly reify mark deleted [
387 silly reify   'C:\\Users\\Zahra\\Desktop\\social-network\\frontend\\node_modules\\@unrs\\resolver-binding-linux-s390x-gnu'
387 silly reify ]
388 verbose reify failed optional dependency C:\Users\Zahra\Desktop\social-network\frontend\node_modules\@unrs\resolver-binding-linux-riscv64-musl
389 silly reify mark deleted [
389 silly reify   'C:\\Users\\Zahra\\Desktop\\social-network\\frontend\\node_modules\\@unrs\\resolver-binding-linux-riscv64-musl'
389 silly reify ]
390 verbose reify failed optional dependency C:\Users\Zahra\Desktop\social-network\frontend\node_modules\@unrs\resolver-binding-linux-riscv64-gnu
391 silly reify mark deleted [
391 silly reify   'C:\\Users\\Zahra\\Desktop\\social-network\\frontend\\node_modules\\@unrs\\resolver-binding-linux-riscv64-gnu'
391 silly reify ]
392 verbose reify failed optional dependency C:\Users\Zahra\Desktop\social-network\frontend\node_modules\@unrs\resolver-binding-linux-ppc64-gnu
393 silly reify mark deleted [
393 silly reify   'C:\\Users\\Zahra\\Desktop\\social-network\\frontend\\node_modules\\@unrs\\resolver-binding-linux-ppc64-gnu'
393 silly reify ]
394 verbose reify failed optional dependency C:\Users\Zahra\Desktop\social-network\frontend\node_modules\@unrs\resolver-binding-linux-arm64-musl
395 silly reify mark deleted [
395 silly reify   'C:\\Users\\Zahra\\Desktop\\social-network\\frontend\\node_modules\\@unrs\\resolver-binding-linux-arm64-musl'
395 silly reify ]
396 verbose reify failed optional dependency C:\Users\Zahra\Desktop\social-network\frontend\node_modules\@unrs\resolver-binding-linux-arm64-gnu
397 silly reify mark deleted [
397 silly reify   'C:\\Users\\Zahra\\Desktop\\social-network\\frontend\\node_modules\\@unrs\\resolver-binding-linux-arm64-gnu'
397 silly reify ]
398 verbose reify failed optional dependency C:\Users\Zahra\Desktop\social-network\frontend\node_modules\@unrs\resolver-binding-linux-arm-musleabihf
399 silly reify mark deleted [
399 silly reify   'C:\\Users\\Zahra\\Desktop\\social-network\\frontend\\node_modules\\@unrs\\resolver-binding-linux-arm-musleabihf'
399 silly reify ]
400 verbose reify failed optional dependency C:\Users\Zahra\Desktop\social-network\frontend\node_modules\@unrs\resolver-binding-linux-arm-gnueabihf
401 silly reify mark deleted [
401 silly reify   'C:\\Users\\Zahra\\Desktop\\social-network\\frontend\\node_modules\\@unrs\\resolver-binding-linux-arm-gnueabihf'
401 silly reify ]
402 verbose reify failed optional dependency C:\Users\Zahra\Desktop\social-network\frontend\node_modules\@unrs\resolver-binding-freebsd-x64
403 silly reify mark deleted [
403 silly reify   'C:\\Users\\Zahra\\Desktop\\social-network\\frontend\\node_modules\\@unrs\\resolver-binding-freebsd-x64'
403 silly reify ]
404 verbose reify failed optional dependency C:\Users\Zahra\Desktop\social-network\frontend\node_modules\@unrs\resolver-binding-darwin-x64
405 silly reify mark deleted [
405 silly reify   'C:\\Users\\Zahra\\Desktop\\social-network\\frontend\\node_modules\\@unrs\\resolver-binding-darwin-x64'
405 silly reify ]
406 verbose reify failed optional dependency C:\Users\Zahra\Desktop\social-network\frontend\node_modules\@unrs\resolver-binding-darwin-arm64
407 silly reify mark deleted [
407 silly reify   'C:\\Users\\Zahra\\Desktop\\social-network\\frontend\\node_modules\\@unrs\\resolver-binding-darwin-arm64'
407 silly reify ]
408 verbose reify failed optional dependency C:\Users\Zahra\Desktop\social-network\frontend\node_modules\@tailwindcss\oxide-win32-arm64-msvc
409 silly reify mark deleted [
409 silly reify   'C:\\Users\\Zahra\\Desktop\\social-network\\frontend\\node_modules\\@tailwindcss\\oxide-win32-arm64-msvc'
409 silly reify ]
410 verbose reify failed optional dependency C:\Users\Zahra\Desktop\social-network\frontend\node_modules\@tailwindcss\oxide-linux-x64-musl
411 silly reify mark deleted [
411 silly reify   'C:\\Users\\Zahra\\Desktop\\social-network\\frontend\\node_modules\\@tailwindcss\\oxide-linux-x64-musl'
411 silly reify ]
412 verbose reify failed optional dependency C:\Users\Zahra\Desktop\social-network\frontend\node_modules\@tailwindcss\oxide-linux-x64-gnu
413 silly reify mark deleted [
413 silly reify   'C:\\Users\\Zahra\\Desktop\\social-network\\frontend\\node_modules\\@tailwindcss\\oxide-linux-x64-gnu'
413 silly reify ]
414 verbose reify failed optional dependency C:\Users\Zahra\Desktop\social-network\frontend\node_modules\@tailwindcss\oxide-linux-arm64-musl
415 silly reify mark deleted [
415 silly reify   'C:\\Users\\Zahra\\Desktop\\social-network\\frontend\\node_modules\\@tailwindcss\\oxide-linux-arm64-musl'
415 silly reify ]
416 verbose reify failed optional dependency C:\Users\Zahra\Desktop\social-network\frontend\node_modules\@tailwindcss\oxide-linux-arm64-gnu
417 silly reify mark deleted [
417 silly reify   'C:\\Users\\Zahra\\Desktop\\social-network\\frontend\\node_modules\\@tailwindcss\\oxide-linux-arm64-gnu'
417 silly reify ]
418 verbose reify failed optional dependency C:\Users\Zahra\Desktop\social-network\frontend\node_modules\@tailwindcss\oxide-linux-arm-gnueabihf
419 silly reify mark deleted [
419 silly reify   'C:\\Users\\Zahra\\Desktop\\social-network\\frontend\\node_modules\\@tailwindcss\\oxide-linux-arm-gnueabihf'
419 silly reify ]
420 verbose reify failed optional dependency C:\Users\Zahra\Desktop\social-network\frontend\node_modules\@tailwindcss\oxide-freebsd-x64
421 silly reify mark deleted [
421 silly reify   'C:\\Users\\Zahra\\Desktop\\social-network\\frontend\\node_modules\\@tailwindcss\\oxide-freebsd-x64'
421 silly reify ]
422 verbose reify failed optional dependency C:\Users\Zahra\Desktop\social-network\frontend\node_modules\@tailwindcss\oxide-darwin-x64
423 silly reify mark deleted [
423 silly reify   'C:\\Users\\Zahra\\Desktop\\social-network\\frontend\\node_modules\\@tailwindcss\\oxide-darwin-x64'
423 silly reify ]
424 verbose reify failed optional dependency C:\Users\Zahra\Desktop\social-network\frontend\node_modules\@tailwindcss\oxide-darwin-arm64
425 silly reify mark deleted [
425 silly reify   'C:\\Users\\Zahra\\Desktop\\social-network\\frontend\\node_modules\\@tailwindcss\\oxide-darwin-arm64'
425 silly reify ]
426 verbose reify failed optional dependency C:\Users\Zahra\Desktop\social-network\frontend\node_modules\@tailwindcss\oxide-android-arm64
427 silly reify mark deleted [
427 silly reify   'C:\\Users\\Zahra\\Desktop\\social-network\\frontend\\node_modules\\@tailwindcss\\oxide-android-arm64'
427 silly reify ]
428 verbose reify failed optional dependency C:\Users\Zahra\Desktop\social-network\frontend\node_modules\@next\swc-win32-arm64-msvc
429 silly reify mark deleted [
429 silly reify   'C:\\Users\\Zahra\\Desktop\\social-network\\frontend\\node_modules\\@next\\swc-win32-arm64-msvc'
429 silly reify ]
430 verbose reify failed optional dependency C:\Users\Zahra\Desktop\social-network\frontend\node_modules\@next\swc-linux-x64-musl
431 silly reify mark deleted [
431 silly reify   'C:\\Users\\Zahra\\Desktop\\social-network\\frontend\\node_modules\\@next\\swc-linux-x64-musl'
431 silly reify ]
432 verbose reify failed optional dependency C:\Users\Zahra\Desktop\social-network\frontend\node_modules\@next\swc-linux-x64-gnu
433 silly reify mark deleted [
433 silly reify   'C:\\Users\\Zahra\\Desktop\\social-network\\frontend\\node_modules\\@next\\swc-linux-x64-gnu'
433 silly reify ]
434 verbose reify failed optional dependency C:\Users\Zahra\Desktop\social-network\frontend\node_modules\@next\swc-linux-arm64-musl
435 silly reify mark deleted [
435 silly reify   'C:\\Users\\Zahra\\Desktop\\social-network\\frontend\\node_modules\\@next\\swc-linux-arm64-musl'
435 silly reify ]
436 verbose reify failed optional dependency C:\Users\Zahra\Desktop\social-network\frontend\node_modules\@next\swc-linux-arm64-gnu
437 silly reify mark deleted [
437 silly reify   'C:\\Users\\Zahra\\Desktop\\social-network\\frontend\\node_modules\\@next\\swc-linux-arm64-gnu'
437 silly reify ]
438 verbose reify failed optional dependency C:\Users\Zahra\Desktop\social-network\frontend\node_modules\@next\swc-darwin-x64
439 silly reify mark deleted [
439 silly reify   'C:\\Users\\Zahra\\Desktop\\social-network\\frontend\\node_modules\\@next\\swc-darwin-x64'
439 silly reify ]
440 verbose reify failed optional dependency C:\Users\Zahra\Desktop\social-network\frontend\node_modules\@next\swc-darwin-arm64
441 silly reify mark deleted [
441 silly reify   'C:\\Users\\Zahra\\Desktop\\social-network\\frontend\\node_modules\\@next\\swc-darwin-arm64'
441 silly reify ]
442 verbose reify failed optional dependency C:\Users\Zahra\Desktop\social-network\frontend\node_modules\@img\sharp-win32-ia32
443 silly reify mark deleted [
443 silly reify   'C:\\Users\\Zahra\\Desktop\\social-network\\frontend\\node_modules\\@img\\sharp-win32-ia32'
443 silly reify ]
444 verbose reify failed optional dependency C:\Users\Zahra\Desktop\social-network\frontend\node_modules\@img\sharp-win32-arm64
445 silly reify mark deleted [
445 silly reify   'C:\\Users\\Zahra\\Desktop\\social-network\\frontend\\node_modules\\@img\\sharp-win32-arm64'
445 silly reify ]
446 verbose reify failed optional dependency C:\Users\Zahra\Desktop\social-network\frontend\node_modules\@img\sharp-wasm32
447 silly reify mark deleted [
447 silly reify   'C:\\Users\\Zahra\\Desktop\\social-network\\frontend\\node_modules\\@img\\sharp-wasm32'
447 silly reify ]
448 verbose reify failed optional dependency C:\Users\Zahra\Desktop\social-network\frontend\node_modules\@img\sharp-linuxmusl-x64
449 silly reify mark deleted [
449 silly reify   'C:\\Users\\Zahra\\Desktop\\social-network\\frontend\\node_modules\\@img\\sharp-linuxmusl-x64'
449 silly reify ]
450 verbose reify failed optional dependency C:\Users\Zahra\Desktop\social-network\frontend\node_modules\@img\sharp-linuxmusl-arm64
451 silly reify mark deleted [
451 silly reify   'C:\\Users\\Zahra\\Desktop\\social-network\\frontend\\node_modules\\@img\\sharp-linuxmusl-arm64'
451 silly reify ]
452 verbose reify failed optional dependency C:\Users\Zahra\Desktop\social-network\frontend\node_modules\@img\sharp-linux-x64
453 silly reify mark deleted [
453 silly reify   'C:\\Users\\Zahra\\Desktop\\social-network\\frontend\\node_modules\\@img\\sharp-linux-x64'
453 silly reify ]
454 verbose reify failed optional dependency C:\Users\Zahra\Desktop\social-network\frontend\node_modules\@img\sharp-linux-s390x
455 silly reify mark deleted [
455 silly reify   'C:\\Users\\Zahra\\Desktop\\social-network\\frontend\\node_modules\\@img\\sharp-linux-s390x'
455 silly reify ]
456 verbose reify failed optional dependency C:\Users\Zahra\Desktop\social-network\frontend\node_modules\@img\sharp-linux-arm64
457 silly reify mark deleted [
457 silly reify   'C:\\Users\\Zahra\\Desktop\\social-network\\frontend\\node_modules\\@img\\sharp-linux-arm64'
457 silly reify ]
458 verbose reify failed optional dependency C:\Users\Zahra\Desktop\social-network\frontend\node_modules\@img\sharp-linux-arm
459 silly reify mark deleted [
459 silly reify   'C:\\Users\\Zahra\\Desktop\\social-network\\frontend\\node_modules\\@img\\sharp-linux-arm'
459 silly reify ]
460 verbose reify failed optional dependency C:\Users\Zahra\Desktop\social-network\frontend\node_modules\@img\sharp-libvips-linuxmusl-x64
461 silly reify mark deleted [
461 silly reify   'C:\\Users\\Zahra\\Desktop\\social-network\\frontend\\node_modules\\@img\\sharp-libvips-linuxmusl-x64'
461 silly reify ]
462 verbose reify failed optional dependency C:\Users\Zahra\Desktop\social-network\frontend\node_modules\@img\sharp-libvips-linuxmusl-arm64
463 silly reify mark deleted [
463 silly reify   'C:\\Users\\Zahra\\Desktop\\social-network\\frontend\\node_modules\\@img\\sharp-libvips-linuxmusl-arm64'
463 silly reify ]
464 verbose reify failed optional dependency C:\Users\Zahra\Desktop\social-network\frontend\node_modules\@img\sharp-libvips-linux-x64
465 silly reify mark deleted [
465 silly reify   'C:\\Users\\Zahra\\Desktop\\social-network\\frontend\\node_modules\\@img\\sharp-libvips-linux-x64'
465 silly reify ]
466 verbose reify failed optional dependency C:\Users\Zahra\Desktop\social-network\frontend\node_modules\@img\sharp-libvips-linux-s390x
467 silly reify mark deleted [
467 silly reify   'C:\\Users\\Zahra\\Desktop\\social-network\\frontend\\node_modules\\@img\\sharp-libvips-linux-s390x'
467 silly reify ]
468 verbose reify failed optional dependency C:\Users\Zahra\Desktop\social-network\frontend\node_modules\@img\sharp-libvips-linux-ppc64
469 silly reify mark deleted [
469 silly reify   'C:\\Users\\Zahra\\Desktop\\social-network\\frontend\\node_modules\\@img\\sharp-libvips-linux-ppc64'
469 silly reify ]
470 verbose reify failed optional dependency C:\Users\Zahra\Desktop\social-network\frontend\node_modules\@img\sharp-libvips-linux-arm64
471 silly reify mark deleted [
471 silly reify   'C:\\Users\\Zahra\\Desktop\\social-network\\frontend\\node_modules\\@img\\sharp-libvips-linux-arm64'
471 silly reify ]
472 verbose reify failed optional dependency C:\Users\Zahra\Desktop\social-network\frontend\node_modules\@img\sharp-libvips-linux-arm
473 silly reify mark deleted [
473 silly reify   'C:\\Users\\Zahra\\Desktop\\social-network\\frontend\\node_modules\\@img\\sharp-libvips-linux-arm'
473 silly reify ]
474 verbose reify failed optional dependency C:\Users\Zahra\Desktop\social-network\frontend\node_modules\@img\sharp-libvips-darwin-x64
475 silly reify mark deleted [
475 silly reify   'C:\\Users\\Zahra\\Desktop\\social-network\\frontend\\node_modules\\@img\\sharp-libvips-darwin-x64'
475 silly reify ]
476 verbose reify failed optional dependency C:\Users\Zahra\Desktop\social-network\frontend\node_modules\@img\sharp-libvips-darwin-arm64
477 silly reify mark deleted [
477 silly reify   'C:\\Users\\Zahra\\Desktop\\social-network\\frontend\\node_modules\\@img\\sharp-libvips-darwin-arm64'
477 silly reify ]
478 verbose reify failed optional dependency C:\Users\Zahra\Desktop\social-network\frontend\node_modules\@img\sharp-darwin-x64
479 silly reify mark deleted [
479 silly reify   'C:\\Users\\Zahra\\Desktop\\social-network\\frontend\\node_modules\\@img\\sharp-darwin-x64'
479 silly reify ]
480 verbose reify failed optional dependency C:\Users\Zahra\Desktop\social-network\frontend\node_modules\@img\sharp-darwin-arm64
481 silly reify mark deleted [
481 silly reify   'C:\\Users\\Zahra\\Desktop\\social-network\\frontend\\node_modules\\@img\\sharp-darwin-arm64'
481 silly reify ]
482 silly tarball no local data for @rollup/rollup-win32-x64-msvc@https://registry.npmjs.org/@rollup/rollup-win32-x64-msvc/-/rollup-win32-x64-msvc-4.43.0.tgz. Extracting by manifest.
483 silly tarball no local data for @esbuild/win32-x64@https://registry.npmjs.org/@esbuild/win32-x64/-/win32-x64-0.25.5.tgz. Extracting by manifest.
484 silly tarball no local data for rollup@https://registry.npmjs.org/rollup/-/rollup-4.43.0.tgz. Extracting by manifest.
485 silly tarball no local data for vite@https://registry.npmjs.org/vite/-/vite-6.3.5.tgz. Extracting by manifest.
486 silly tarball no local data for esbuild@https://registry.npmjs.org/esbuild/-/esbuild-0.25.5.tgz. Extracting by manifest.
487 silly tarball no local data for @tailwindcss/vite@https://registry.npmjs.org/@tailwindcss/vite/-/vite-4.1.10.tgz. Extracting by manifest.
488 silly tarball no local data for tailwindcss@https://registry.npmjs.org/tailwindcss/-/tailwindcss-4.1.10.tgz. Extracting by manifest.
489 silly tarball no local data for picomatch@https://registry.npmjs.org/picomatch/-/picomatch-4.0.2.tgz. Extracting by manifest.
490 silly tarball no local data for fdir@https://registry.npmjs.org/fdir/-/fdir-6.4.6.tgz. Extracting by manifest.
491 silly tarball no local data for @tailwindcss/oxide-win32-x64-msvc@https://registry.npmjs.org/@tailwindcss/oxide-win32-x64-msvc/-/oxide-win32-x64-msvc-4.1.10.tgz. Extracting by manifest.
492 silly tarball no local data for @tailwindcss/oxide@https://registry.npmjs.org/@tailwindcss/oxide/-/oxide-4.1.10.tgz. Extracting by manifest.
493 silly tarball no local data for @tailwindcss/node@https://registry.npmjs.org/@tailwindcss/node/-/node-4.1.10.tgz. Extracting by manifest.
494 silly tarball no local data for tailwindcss@https://registry.npmjs.org/tailwindcss/-/tailwindcss-4.1.8.tgz. Extracting by manifest.
495 silly tarball no local data for tailwindcss@https://registry.npmjs.org/tailwindcss/-/tailwindcss-4.1.8.tgz. Extracting by manifest.
496 http fetch GET 200 https://registry.npmjs.org/@tailwindcss/vite/-/vite-4.1.10.tgz 277ms (cache miss)
497 http fetch POST 200 https://registry.npmjs.org/-/npm/v1/security/advisories/bulk 631ms
498 silly audit report {
498 silly audit report   'brace-expansion': [
498 silly audit report     {
498 silly audit report       id: 1105443,
498 silly audit report       url: 'https://github.com/advisories/GHSA-v6h2-p8h4-qcjw',
498 silly audit report       title: 'brace-expansion Regular Expression Denial of Service vulnerability',
498 silly audit report       severity: 'low',
498 silly audit report       vulnerable_versions: '>=1.0.0 <=1.1.11',
498 silly audit report       cwe: [Array],
498 silly audit report       cvss: [Object]
498 silly audit report     },
498 silly audit report     {
498 silly audit report       id: 1105444,
498 silly audit report       url: 'https://github.com/advisories/GHSA-v6h2-p8h4-qcjw',
498 silly audit report       title: 'brace-expansion Regular Expression Denial of Service vulnerability',
498 silly audit report       severity: 'low',
498 silly audit report       vulnerable_versions: '>=2.0.0 <=2.0.1',
498 silly audit report       cwe: [Array],
498 silly audit report       cvss: [Object]
498 silly audit report     }
498 silly audit report   ]
498 silly audit report }
499 http fetch GET 200 https://registry.npmjs.org/tailwindcss/-/tailwindcss-4.1.8.tgz 645ms (cache miss)
500 http fetch GET 200 https://registry.npmjs.org/tailwindcss/-/tailwindcss-4.1.8.tgz 689ms (cache miss)
501 http fetch GET 200 https://registry.npmjs.org/esbuild/-/esbuild-0.25.5.tgz 716ms (cache miss)
502 http fetch GET 200 https://registry.npmjs.org/brace-expansion 296ms (cache revalidated)
503 http fetch GET 200 https://registry.npmjs.org/@tailwindcss/oxide/-/oxide-4.1.10.tgz 913ms (cache miss)
504 http fetch GET 200 https://registry.npmjs.org/@rollup/rollup-win32-x64-msvc/-/rollup-win32-x64-msvc-4.43.0.tgz 939ms (cache miss)
505 http fetch GET 200 https://registry.npmjs.org/picomatch/-/picomatch-4.0.2.tgz 1014ms (cache miss)
506 http fetch GET 200 https://registry.npmjs.org/@tailwindcss/node/-/node-4.1.10.tgz 1051ms (cache miss)
507 http fetch GET 200 https://registry.npmjs.org/minimatch 270ms (cache revalidated)
508 http fetch GET 200 https://registry.npmjs.org/rollup/-/rollup-4.43.0.tgz 1266ms (cache miss)
509 http fetch GET 200 https://registry.npmjs.org/fdir/-/fdir-6.4.6.tgz 1273ms (cache miss)
510 http fetch GET 200 https://registry.npmjs.org/vite/-/vite-6.3.5.tgz 1308ms (cache miss)
511 http fetch GET 200 https://registry.npmjs.org/tailwindcss/-/tailwindcss-4.1.10.tgz 1332ms (cache miss)
512 http fetch GET 200 https://registry.npmjs.org/@esbuild/win32-x64/-/win32-x64-0.25.5.tgz 1342ms (cache miss)
513 http fetch GET 200 https://registry.npmjs.org/@tailwindcss/oxide-win32-x64-msvc/-/oxide-win32-x64-msvc-4.1.10.tgz 1342ms (cache miss)
514 info run esbuild@0.25.5 postinstall node_modules/esbuild node install.js
515 info run @tailwindcss/oxide@4.1.10 postinstall node_modules/@tailwindcss/vite/node_modules/@tailwindcss/oxide node ./scripts/install.js
516 info run @tailwindcss/oxide@4.1.10 postinstall { code: 0, signal: null }
517 info run esbuild@0.25.5 postinstall { code: 0, signal: null }
518 silly ADD node_modules/@rollup/rollup-win32-x64-msvc
519 silly ADD
520 silly ADD
521 silly ADD
522 silly ADD
523 silly ADD
524 silly ADD
525 silly ADD
526 silly ADD
527 silly ADD
528 silly ADD
529 silly ADD
530 silly ADD
531 silly ADD
532 silly ADD
533 silly ADD
534 silly ADD
535 silly ADD
536 silly ADD
537 silly ADD
538 silly ADD node_modules/@esbuild/win32-x64
539 silly ADD
540 silly ADD
541 silly ADD
542 silly ADD
543 silly ADD
544 silly ADD
545 silly ADD
546 silly ADD
547 silly ADD
548 silly ADD
549 silly ADD
550 silly ADD
551 silly ADD
552 silly ADD
553 silly ADD
554 silly ADD
555 silly ADD
556 silly ADD
557 silly ADD
558 silly ADD
559 silly ADD
560 silly ADD
561 silly ADD
562 silly ADD
563 silly ADD node_modules/rollup
564 silly ADD
565 silly ADD node_modules/esbuild
566 silly ADD node_modules/vite
567 silly ADD node_modules/vite/node_modules/picomatch
568 silly ADD node_modules/vite/node_modules/fdir
569 silly ADD node_modules/@tailwindcss/vite
570 silly ADD node_modules/@tailwindcss/vite/node_modules/@tailwindcss/oxide-win32-x64-msvc
571 silly ADD
572 silly ADD
573 silly ADD
574 silly ADD
575 silly ADD
576 silly ADD
577 silly ADD
578 silly ADD
579 silly ADD
580 silly ADD
581 silly ADD
582 silly ADD node_modules/@tailwindcss/vite/node_modules/@tailwindcss/oxide
583 silly ADD node_modules/@tailwindcss/vite/node_modules/@tailwindcss/node
584 silly ADD
585 silly ADD
586 silly ADD
587 silly ADD
588 silly ADD
589 silly ADD
590 silly ADD
591 silly ADD
592 silly ADD
593 silly ADD
594 silly ADD
595 silly ADD
596 silly ADD
597 silly ADD
598 silly ADD
599 silly ADD
600 silly ADD
601 silly ADD
602 silly ADD
603 silly ADD
604 silly ADD
605 silly ADD
606 silly ADD
607 silly ADD
608 silly ADD
609 silly ADD
610 silly ADD
611 silly ADD
612 silly ADD
613 silly ADD
614 silly ADD
615 silly ADD
616 silly ADD
617 silly ADD
618 silly ADD
619 silly ADD
620 silly ADD
621 silly ADD
622 silly ADD
623 silly ADD
624 silly ADD
625 silly ADD
626 silly ADD
627 silly ADD
628 silly ADD
629 silly ADD
630 silly ADD
631 silly ADD
632 silly ADD
633 silly ADD
634 silly ADD
635 silly ADD
636 silly ADD
637 silly ADD
638 silly ADD
639 silly ADD
640 silly ADD
641 silly ADD
642 silly ADD
643 silly ADD
644 silly ADD
645 silly ADD
646 silly ADD
647 silly CHANGE node_modules/tailwindcss
648 silly ADD node_modules/@tailwindcss/postcss/node_modules/tailwindcss
649 silly ADD node_modules/@tailwindcss/node/node_modules/tailwindcss
650 verbose exit 0
651 info ok
