0 verbose cli C:\Program Files\nodejs\node.exe C:\Program Files\nodejs\node_modules\npm\bin\npm-cli.js
1 info using npm@10.7.0
2 info using node@v20.15.0
3 silly config:load:file:C:\Program Files\nodejs\node_modules\npm\npmrc
4 silly config:load:file:C:\Users\Zahra\Desktop\SN-merged\social-network\frontend\.npmrc
5 silly config:load:file:C:\Users\Zahra\.npmrc
6 silly config:load:file:C:\Users\Zahra\AppData\Roaming\npm\etc\npmrc
7 verbose title npm install @radix-ui/react-label
8 verbose argv "install" "@radix-ui/react-label"
9 verbose logfile logs-max:10 dir:C:\Users\Zahra\Desktop\SN-merged\social-network\frontend\UsersZahraAppDataLocalnpm-cache\_logs\2025-07-02T12_13_35_932Z-
10 verbose logfile C:\Users\Zahra\Desktop\SN-merged\social-network\frontend\UsersZahraAppDataLocalnpm-cache\_logs\2025-07-02T12_13_35_932Z-debug-0.log
11 silly logfile start cleaning logs, removing 1 files
12 silly logfile done cleaning log files
13 silly idealTree buildDeps
14 silly fetch manifest @radix-ui/react-label@*
15 http fetch GET 200 https://registry.npmjs.org/@radix-ui%2freact-label 747ms (cache miss)
16 silly fetch manifest @types/react@^19
17 http fetch GET 200 https://registry.npmjs.org/@types%2freact 212ms (cache revalidated)
18 silly fetch manifest @types/react-dom@^19
19 http fetch GET 200 https://registry.npmjs.org/@types%2freact-dom 191ms (cache revalidated)
20 silly fetch manifest react@^19.0.0
21 http fetch GET 200 https://registry.npmjs.org/react 582ms (cache updated)
22 silly fetch manifest react-dom@^19.0.0
23 http fetch GET 200 https://registry.npmjs.org/react-dom 477ms (cache updated)
24 silly placeDep ROOT @radix-ui/react-label@2.1.7 OK for: frontend@0.1.0 want: *
25 silly reify moves {}
26 verbose reify failed optional dependency C:\Users\Zahra\Desktop\SN-merged\social-network\frontend\node_modules\@tailwindcss\oxide-wasm32-wasi
27 silly reify mark deleted [
27 silly reify   'C:\\Users\\Zahra\\Desktop\\SN-merged\\social-network\\frontend\\node_modules\\@tailwindcss\\oxide-wasm32-wasi'
27 silly reify ]
28 silly audit bulk request {
28 silly audit   '@alloc/quick-lru': [ '5.2.0' ],
28 silly audit   '@ampproject/remapping': [ '2.3.0' ],
28 silly audit   '@emnapi/core': [ '1.4.3' ],
28 silly audit   '@emnapi/runtime': [ '1.4.3' ],
28 silly audit   '@emnapi/wasi-threads': [ '1.0.2' ],
28 silly audit   '@esbuild/aix-ppc64': [ '0.25.5' ],
28 silly audit   '@esbuild/android-arm': [ '0.25.5' ],
28 silly audit   '@esbuild/android-arm64': [ '0.25.5' ],
28 silly audit   '@esbuild/android-x64': [ '0.25.5' ],
28 silly audit   '@esbuild/darwin-arm64': [ '0.25.5' ],
28 silly audit   '@esbuild/darwin-x64': [ '0.25.5' ],
28 silly audit   '@esbuild/freebsd-arm64': [ '0.25.5' ],
28 silly audit   '@esbuild/freebsd-x64': [ '0.25.5' ],
28 silly audit   '@esbuild/linux-arm': [ '0.25.5' ],
28 silly audit   '@esbuild/linux-arm64': [ '0.25.5' ],
28 silly audit   '@esbuild/linux-ia32': [ '0.25.5' ],
28 silly audit   '@esbuild/linux-loong64': [ '0.25.5' ],
28 silly audit   '@esbuild/linux-mips64el': [ '0.25.5' ],
28 silly audit   '@esbuild/linux-ppc64': [ '0.25.5' ],
28 silly audit   '@esbuild/linux-riscv64': [ '0.25.5' ],
28 silly audit   '@esbuild/linux-s390x': [ '0.25.5' ],
28 silly audit   '@esbuild/linux-x64': [ '0.25.5' ],
28 silly audit   '@esbuild/netbsd-arm64': [ '0.25.5' ],
28 silly audit   '@esbuild/netbsd-x64': [ '0.25.5' ],
28 silly audit   '@esbuild/openbsd-arm64': [ '0.25.5' ],
28 silly audit   '@esbuild/openbsd-x64': [ '0.25.5' ],
28 silly audit   '@esbuild/sunos-x64': [ '0.25.5' ],
28 silly audit   '@esbuild/win32-arm64': [ '0.25.5' ],
28 silly audit   '@esbuild/win32-ia32': [ '0.25.5' ],
28 silly audit   '@esbuild/win32-x64': [ '0.25.5' ],
28 silly audit   '@eslint-community/eslint-utils': [ '4.7.0' ],
28 silly audit   'eslint-visitor-keys': [ '3.4.3', '4.2.1' ],
28 silly audit   '@eslint-community/regexpp': [ '4.12.1' ],
28 silly audit   '@eslint/config-array': [ '0.20.1' ],
28 silly audit   '@eslint/config-helpers': [ '0.2.3' ],
28 silly audit   '@eslint/core': [ '0.14.0', '0.15.0' ],
28 silly audit   '@eslint/eslintrc': [ '3.3.1' ],
28 silly audit   '@eslint/js': [ '9.29.0' ],
28 silly audit   '@eslint/object-schema': [ '2.1.6' ],
28 silly audit   '@eslint/plugin-kit': [ '0.3.2' ],
28 silly audit   '@floating-ui/core': [ '1.7.1' ],
28 silly audit   '@floating-ui/dom': [ '1.7.1' ],
28 silly audit   '@floating-ui/react-dom': [ '2.1.3' ],
28 silly audit   '@floating-ui/utils': [ '0.2.9' ],
28 silly audit   '@humanfs/core': [ '0.19.1' ],
28 silly audit   '@humanfs/node': [ '0.16.6' ],
28 silly audit   '@humanwhocodes/retry': [ '0.3.1', '0.4.3' ],
28 silly audit   '@humanwhocodes/module-importer': [ '1.0.1' ],
28 silly audit   '@img/sharp-darwin-arm64': [ '0.34.2' ],
28 silly audit   '@img/sharp-darwin-x64': [ '0.34.2' ],
28 silly audit   '@img/sharp-libvips-darwin-arm64': [ '1.1.0' ],
28 silly audit   '@img/sharp-libvips-darwin-x64': [ '1.1.0' ],
28 silly audit   '@img/sharp-libvips-linux-arm': [ '1.1.0' ],
28 silly audit   '@img/sharp-libvips-linux-arm64': [ '1.1.0' ],
28 silly audit   '@img/sharp-libvips-linux-ppc64': [ '1.1.0' ],
28 silly audit   '@img/sharp-libvips-linux-s390x': [ '1.1.0' ],
28 silly audit   '@img/sharp-libvips-linux-x64': [ '1.1.0' ],
28 silly audit   '@img/sharp-libvips-linuxmusl-arm64': [ '1.1.0' ],
28 silly audit   '@img/sharp-libvips-linuxmusl-x64': [ '1.1.0' ],
28 silly audit   '@img/sharp-linux-arm': [ '0.34.2' ],
28 silly audit   '@img/sharp-linux-arm64': [ '0.34.2' ],
28 silly audit   '@img/sharp-linux-s390x': [ '0.34.2' ],
28 silly audit   '@img/sharp-linux-x64': [ '0.34.2' ],
28 silly audit   '@img/sharp-linuxmusl-arm64': [ '0.34.2' ],
28 silly audit   '@img/sharp-linuxmusl-x64': [ '0.34.2' ],
28 silly audit   '@img/sharp-wasm32': [ '0.34.2' ],
28 silly audit   '@img/sharp-win32-arm64': [ '0.34.2' ],
28 silly audit   '@img/sharp-win32-ia32': [ '0.34.2' ],
28 silly audit   '@img/sharp-win32-x64': [ '0.34.2' ],
28 silly audit   '@isaacs/fs-minipass': [ '4.0.1' ],
28 silly audit   '@jridgewell/gen-mapping': [ '0.3.8' ],
28 silly audit   '@jridgewell/resolve-uri': [ '3.1.2' ],
28 silly audit   '@jridgewell/set-array': [ '1.2.1' ],
28 silly audit   '@jridgewell/sourcemap-codec': [ '1.5.0' ],
28 silly audit   '@jridgewell/trace-mapping': [ '0.3.25' ],
28 silly audit   '@napi-rs/wasm-runtime': [ '0.2.11' ],
28 silly audit   '@next/env': [ '15.3.2' ],
28 silly audit   '@next/eslint-plugin-next': [ '15.3.2' ],
28 silly audit   '@next/swc-darwin-arm64': [ '15.3.2' ],
28 silly audit   '@next/swc-darwin-x64': [ '15.3.2' ],
28 silly audit   '@next/swc-linux-arm64-gnu': [ '15.3.2' ],
28 silly audit   '@next/swc-linux-arm64-musl': [ '15.3.2' ],
28 silly audit   '@next/swc-linux-x64-gnu': [ '15.3.2' ],
28 silly audit   '@next/swc-linux-x64-musl': [ '15.3.2' ],
28 silly audit   '@next/swc-win32-arm64-msvc': [ '15.3.2' ],
28 silly audit   '@next/swc-win32-x64-msvc': [ '15.3.2' ],
28 silly audit   '@nodelib/fs.scandir': [ '2.1.5' ],
28 silly audit   '@nodelib/fs.stat': [ '2.0.5' ],
28 silly audit   '@nodelib/fs.walk': [ '1.2.8' ],
28 silly audit   '@nolyfill/is-core-module': [ '1.0.39' ],
28 silly audit   '@popperjs/core': [ '2.11.8' ],
28 silly audit   '@radix-ui/primitive': [ '1.1.2' ],
28 silly audit   '@radix-ui/react-arrow': [ '1.1.7' ],
28 silly audit   '@radix-ui/react-collection': [ '1.1.7' ],
28 silly audit   '@radix-ui/react-compose-refs': [ '1.1.2' ],
28 silly audit   '@radix-ui/react-context': [ '1.1.2' ],
28 silly audit   '@radix-ui/react-direction': [ '1.1.1' ],
28 silly audit   '@radix-ui/react-dismissable-layer': [ '1.1.10' ],
28 silly audit   '@radix-ui/react-dropdown-menu': [ '2.1.15' ],
28 silly audit   '@radix-ui/react-focus-guards': [ '1.1.2' ],
28 silly audit   '@radix-ui/react-focus-scope': [ '1.1.7' ],
28 silly audit   '@radix-ui/react-id': [ '1.1.1' ],
28 silly audit   '@radix-ui/react-menu': [ '2.1.15' ],
28 silly audit   '@radix-ui/react-popper': [ '1.2.7' ],
28 silly audit   '@radix-ui/react-portal': [ '1.1.9' ],
28 silly audit   '@radix-ui/react-presence': [ '1.1.4' ],
28 silly audit   '@radix-ui/react-primitive': [ '2.1.3' ],
28 silly audit   '@radix-ui/react-progress': [ '1.1.7' ],
28 silly audit   '@radix-ui/react-roving-focus': [ '1.1.10' ],
28 silly audit   '@radix-ui/react-separator': [ '1.1.7' ],
28 silly audit   '@radix-ui/react-slot': [ '1.2.3' ],
28 silly audit   '@radix-ui/react-tabs': [ '1.1.12' ],
28 silly audit   '@radix-ui/react-use-callback-ref': [ '1.1.1' ],
28 silly audit   '@radix-ui/react-use-controllable-state': [ '1.2.2' ],
28 silly audit   '@radix-ui/react-use-effect-event': [ '0.0.2' ],
28 silly audit   '@radix-ui/react-use-escape-keydown': [ '1.1.1' ],
28 silly audit   '@radix-ui/react-use-layout-effect': [ '1.1.1' ],
28 silly audit   '@radix-ui/react-use-rect': [ '1.1.1' ],
28 silly audit   '@radix-ui/react-use-size': [ '1.1.1' ],
28 silly audit   '@radix-ui/rect': [ '1.1.1' ],
28 silly audit   '@rollup/plugin-node-resolve': [ '15.3.1' ],
28 silly audit   '@rollup/pluginutils': [ '5.2.0' ],
28 silly audit   '@rollup/rollup-android-arm-eabi': [ '4.44.0' ],
28 silly audit   '@rollup/rollup-android-arm64': [ '4.44.0' ],
28 silly audit   '@rollup/rollup-darwin-arm64': [ '4.44.0' ],
28 silly audit   '@rollup/rollup-darwin-x64': [ '4.44.0' ],
28 silly audit   '@rollup/rollup-freebsd-arm64': [ '4.44.0' ],
28 silly audit   '@rollup/rollup-freebsd-x64': [ '4.44.0' ],
28 silly audit   '@rollup/rollup-linux-arm-gnueabihf': [ '4.44.0' ],
28 silly audit   '@rollup/rollup-linux-arm-musleabihf': [ '4.44.0' ],
28 silly audit   '@rollup/rollup-linux-arm64-gnu': [ '4.44.0' ],
28 silly audit   '@rollup/rollup-linux-arm64-musl': [ '4.44.0' ],
28 silly audit   '@rollup/rollup-linux-loongarch64-gnu': [ '4.44.0' ],
28 silly audit   '@rollup/rollup-linux-powerpc64le-gnu': [ '4.44.0' ],
28 silly audit   '@rollup/rollup-linux-riscv64-gnu': [ '4.44.0' ],
28 silly audit   '@rollup/rollup-linux-riscv64-musl': [ '4.44.0' ],
28 silly audit   '@rollup/rollup-linux-s390x-gnu': [ '4.44.0' ],
28 silly audit   '@rollup/rollup-linux-x64-gnu': [ '4.44.0' ],
28 silly audit   '@rollup/rollup-linux-x64-musl': [ '4.44.0' ],
28 silly audit   '@rollup/rollup-win32-arm64-msvc': [ '4.44.0' ],
28 silly audit   '@rollup/rollup-win32-ia32-msvc': [ '4.44.0' ],
28 silly audit   '@rollup/rollup-win32-x64-msvc': [ '4.44.0' ],
28 silly audit   '@rtsao/scc': [ '1.1.0' ],
28 silly audit   '@rushstack/eslint-patch': [ '1.11.0' ],
28 silly audit   '@swc/counter': [ '0.1.3' ],
28 silly audit   '@swc/helpers': [ '0.5.15' ],
28 silly audit   '@tailwindcss/node': [ '4.1.10' ],
28 silly audit   '@tailwindcss/oxide': [ '4.1.10' ],
28 silly audit   '@tailwindcss/oxide-android-arm64': [ '4.1.10' ],
28 silly audit   '@tailwindcss/oxide-darwin-arm64': [ '4.1.10' ],
28 silly audit   '@tailwindcss/oxide-darwin-x64': [ '4.1.10' ],
28 silly audit   '@tailwindcss/oxide-freebsd-x64': [ '4.1.10' ],
28 silly audit   '@tailwindcss/oxide-linux-arm-gnueabihf': [ '4.1.10' ],
28 silly audit   '@tailwindcss/oxide-linux-arm64-gnu': [ '4.1.10' ],
28 silly audit   '@tailwindcss/oxide-linux-arm64-musl': [ '4.1.10' ],
28 silly audit   '@tailwindcss/oxide-linux-x64-gnu': [ '4.1.10' ],
28 silly audit   '@tailwindcss/oxide-linux-x64-musl': [ '4.1.10' ],
28 silly audit   '@tailwindcss/oxide-win32-arm64-msvc': [ '4.1.10' ],
28 silly audit   '@tailwindcss/oxide-win32-x64-msvc': [ '4.1.10' ],
28 silly audit   '@tailwindcss/postcss': [ '4.1.10' ],
28 silly audit   '@tailwindcss/vite': [ '4.1.10' ],
28 silly audit   '@tybys/wasm-util': [ '0.9.0' ],
28 silly audit   '@types/estree': [ '1.0.8' ],
28 silly audit   '@types/json-schema': [ '7.0.15' ],
28 silly audit   '@types/json5': [ '0.0.29' ],
28 silly audit   '@types/node': [ '20.19.1' ],
28 silly audit   '@types/react': [ '19.1.8' ],
28 silly audit   '@types/react-dom': [ '19.1.6' ],
28 silly audit   '@types/resolve': [ '1.20.2' ],
28 silly audit   '@typescript-eslint/eslint-plugin': [ '8.34.1' ],
28 silly audit   ignore: [ '7.0.5', '5.3.2' ],
28 silly audit   '@typescript-eslint/parser': [ '8.34.1' ],
28 silly audit   '@typescript-eslint/project-service': [ '8.34.1' ],
28 silly audit   '@typescript-eslint/scope-manager': [ '8.34.1' ],
28 silly audit   '@typescript-eslint/tsconfig-utils': [ '8.34.1' ],
28 silly audit   '@typescript-eslint/type-utils': [ '8.34.1' ],
28 silly audit   '@typescript-eslint/types': [ '8.34.1' ],
28 silly audit   '@typescript-eslint/typescript-estree': [ '8.34.1' ],
28 silly audit   'brace-expansion': [ '2.0.2', '1.1.12' ],
28 silly audit   'fast-glob': [ '3.3.3', '3.3.1' ],
28 silly audit   'glob-parent': [ '5.1.2', '6.0.2' ],
28 silly audit   minimatch: [ '9.0.5', '3.1.2' ],
28 silly audit   '@typescript-eslint/utils': [ '8.34.1' ],
28 silly audit   '@typescript-eslint/visitor-keys': [ '8.34.1' ],
28 silly audit   '@unrs/resolver-binding-android-arm-eabi': [ '1.9.1' ],
28 silly audit   '@unrs/resolver-binding-android-arm64': [ '1.9.1' ],
28 silly audit   '@unrs/resolver-binding-darwin-arm64': [ '1.9.1' ],
28 silly audit   '@unrs/resolver-binding-darwin-x64': [ '1.9.1' ],
28 silly audit   '@unrs/resolver-binding-freebsd-x64': [ '1.9.1' ],
28 silly audit   '@unrs/resolver-binding-linux-arm-gnueabihf': [ '1.9.1' ],
28 silly audit   '@unrs/resolver-binding-linux-arm-musleabihf': [ '1.9.1' ],
28 silly audit   '@unrs/resolver-binding-linux-arm64-gnu': [ '1.9.1' ],
28 silly audit   '@unrs/resolver-binding-linux-arm64-musl': [ '1.9.1' ],
28 silly audit   '@unrs/resolver-binding-linux-ppc64-gnu': [ '1.9.1' ],
28 silly audit   '@unrs/resolver-binding-linux-riscv64-gnu': [ '1.9.1' ],
28 silly audit   '@unrs/resolver-binding-linux-riscv64-musl': [ '1.9.1' ],
28 silly audit   '@unrs/resolver-binding-linux-s390x-gnu': [ '1.9.1' ],
28 silly audit   '@unrs/resolver-binding-linux-x64-gnu': [ '1.9.1' ],
28 silly audit   '@unrs/resolver-binding-linux-x64-musl': [ '1.9.1' ],
28 silly audit   '@unrs/resolver-binding-wasm32-wasi': [ '1.9.1' ],
28 silly audit   '@unrs/resolver-binding-win32-arm64-msvc': [ '1.9.1' ],
28 silly audit   '@unrs/resolver-binding-win32-ia32-msvc': [ '1.9.1' ],
28 silly audit   '@unrs/resolver-binding-win32-x64-msvc': [ '1.9.1' ],
28 silly audit   acorn: [ '8.15.0' ],
28 silly audit   'acorn-jsx': [ '5.3.2' ],
28 silly audit   ajv: [ '6.12.6' ],
28 silly audit   'ansi-styles': [ '4.3.0' ],
28 silly audit   argparse: [ '2.0.1' ],
28 silly audit   'aria-hidden': [ '1.2.6' ],
28 silly audit   'aria-query': [ '5.3.2' ],
28 silly audit   'array-buffer-byte-length': [ '1.0.2' ],
28 silly audit   'array-includes': [ '3.1.9' ],
28 silly audit   'array.prototype.findlast': [ '1.2.5' ],
28 silly audit   'array.prototype.findlastindex': [ '1.2.6' ],
28 silly audit   'array.prototype.flat': [ '1.3.3' ],
28 silly audit   'array.prototype.flatmap': [ '1.3.3' ],
28 silly audit   'array.prototype.tosorted': [ '1.1.4' ],
28 silly audit   'arraybuffer.prototype.slice': [ '1.0.4' ],
28 silly audit   'ast-types-flow': [ '0.0.8' ],
28 silly audit   'async-function': [ '1.0.0' ],
28 silly audit   asynckit: [ '0.4.0' ],
28 silly audit   'available-typed-arrays': [ '1.0.7' ],
28 silly audit   'axe-core': [ '4.10.3' ],
28 silly audit   axios: [ '1.10.0' ],
28 silly audit   'axobject-query': [ '4.1.0' ],
28 silly audit   'balanced-match': [ '1.0.2' ],
28 silly audit   braces: [ '3.0.3' ],
28 silly audit   busboy: [ '1.6.0' ],
28 silly audit   'call-bind': [ '1.0.8' ],
28 silly audit   'call-bind-apply-helpers': [ '1.0.2' ],
28 silly audit   'call-bound': [ '1.0.4' ],
28 silly audit   callsites: [ '3.1.0' ],
28 silly audit   'caniuse-lite': [ '1.0.30001724' ],
28 silly audit   chalk: [ '4.1.2' ],
28 silly audit   chownr: [ '3.0.0' ],
28 silly audit   'class-variance-authority': [ '0.7.1' ],
28 silly audit   'client-only': [ '0.0.1' ],
28 silly audit   clsx: [ '2.1.1' ],
28 silly audit   color: [ '4.2.3' ],
28 silly audit   'color-convert': [ '2.0.1' ],
28 silly audit   'color-name': [ '1.1.4' ],
28 silly audit   'color-string': [ '1.9.1' ],
28 silly audit   'combined-stream': [ '1.0.8' ],
28 silly audit   'concat-map': [ '0.0.1' ],
28 silly audit   'cross-spawn': [ '7.0.6' ],
28 silly audit   csstype: [ '3.1.3' ],
28 silly audit   daisyui: [ '5.0.43' ],
28 silly audit   'damerau-levenshtein': [ '1.0.8' ],
28 silly audit   'data-view-buffer': [ '1.0.2' ],
28 silly audit   'data-view-byte-length': [ '1.0.2' ],
28 silly audit   'data-view-byte-offset': [ '1.0.1' ],
28 silly audit   debug: [ '4.4.1', '3.2.7' ],
28 silly audit   'deep-is': [ '0.1.4' ],
28 silly audit   deepmerge: [ '4.3.1' ],
28 silly audit   'define-data-property': [ '1.1.4' ],
28 silly audit   'define-properties': [ '1.2.1' ],
28 silly audit   'delayed-stream': [ '1.0.0' ],
28 silly audit   'detect-libc': [ '2.0.4' ],
28 silly audit   'detect-node-es': [ '1.1.0' ],
28 silly audit   doctrine: [ '2.1.0' ],
28 silly audit   'dunder-proto': [ '1.0.1' ],
28 silly audit   'emoji-regex': [ '9.2.2' ],
28 silly audit   'enhanced-resolve': [ '5.18.1' ],
28 silly audit   'es-abstract': [ '1.24.0' ],
28 silly audit   'es-define-property': [ '1.0.1' ],
28 silly audit   'es-errors': [ '1.3.0' ],
28 silly audit   'es-iterator-helpers': [ '1.2.1' ],
28 silly audit   'es-object-atoms': [ '1.1.1' ],
28 silly audit   'es-set-tostringtag': [ '2.1.0' ],
28 silly audit   'es-shim-unscopables': [ '1.1.0' ],
28 silly audit   'es-to-primitive': [ '1.3.0' ],
28 silly audit   esbuild: [ '0.25.5' ],
28 silly audit   'escape-string-regexp': [ '4.0.0' ],
28 silly audit   eslint: [ '9.29.0' ],
28 silly audit   'eslint-config-next': [ '15.3.2' ],
28 silly audit   'eslint-import-resolver-node': [ '0.3.9' ],
28 silly audit   'eslint-import-resolver-typescript': [ '3.10.1' ],
28 silly audit   'eslint-module-utils': [ '2.12.1' ],
28 silly audit   'eslint-plugin-import': [ '2.32.0' ],
28 silly audit   semver: [ '6.3.1', '7.7.2' ],
28 silly audit   'eslint-plugin-jsx-a11y': [ '6.10.2' ],
28 silly audit   'eslint-plugin-react': [ '7.37.5' ],
28 silly audit   'eslint-plugin-react-hooks': [ '5.2.0' ],
28 silly audit   resolve: [ '2.0.0-next.5', '1.22.10' ],
28 silly audit   'eslint-scope': [ '8.4.0' ],
28 silly audit   espree: [ '10.4.0' ],
28 silly audit   esquery: [ '1.6.0' ],
28 silly audit   esrecurse: [ '4.3.0' ],
28 silly audit   estraverse: [ '5.3.0' ],
28 silly audit   'estree-walker': [ '2.0.2' ],
28 silly audit   esutils: [ '2.0.3' ],
28 silly audit   'fast-deep-equal': [ '3.1.3' ],
28 silly audit   'fast-json-stable-stringify': [ '2.1.0' ],
28 silly audit   'fast-levenshtein': [ '2.0.6' ],
28 silly audit   fastq: [ '1.19.1' ],
28 silly audit   fdir: [ '6.4.6' ],
28 silly audit   'file-entry-cache': [ '8.0.0' ],
28 silly audit   'fill-range': [ '7.1.1' ],
28 silly audit   'find-up': [ '5.0.0' ],
28 silly audit   'flat-cache': [ '4.0.1' ],
28 silly audit   flatted: [ '3.3.3' ],
28 silly audit   flowbite: [ '3.1.2', '2.5.2' ],
28 silly audit   'flowbite-datepicker': [ '1.3.2' ],
28 silly audit   'follow-redirects': [ '1.15.9' ],
28 silly audit   'for-each': [ '0.3.5' ],
28 silly audit   'form-data': [ '4.0.3' ],
28 silly audit   fsevents: [ '2.3.3' ],
28 silly audit   'function-bind': [ '1.1.2' ],
28 silly audit   'function.prototype.name': [ '1.1.8' ],
28 silly audit   'functions-have-names': [ '1.2.3' ],
28 silly audit   'get-intrinsic': [ '1.3.0' ],
28 silly audit   'get-nonce': [ '1.0.1' ],
28 silly audit   'get-proto': [ '1.0.1' ],
28 silly audit   'get-symbol-description': [ '1.1.0' ],
28 silly audit   'get-tsconfig': [ '4.10.1' ],
28 silly audit   globals: [ '14.0.0' ],
28 silly audit   globalthis: [ '1.0.4' ],
28 silly audit   gopd: [ '1.2.0' ],
28 silly audit   'graceful-fs': [ '4.2.11' ],
28 silly audit   graphemer: [ '1.4.0' ],
28 silly audit   'has-bigints': [ '1.1.0' ],
28 silly audit   'has-flag': [ '4.0.0' ],
28 silly audit   'has-property-descriptors': [ '1.0.2' ],
28 silly audit   'has-proto': [ '1.2.0' ],
28 silly audit   'has-symbols': [ '1.1.0' ],
28 silly audit   'has-tostringtag': [ '1.0.2' ],
28 silly audit   hasown: [ '2.0.2' ],
28 silly audit   'import-fresh': [ '3.3.1' ],
28 silly audit   imurmurhash: [ '0.1.4' ],
28 silly audit   'internal-slot': [ '1.1.0' ],
28 silly audit   'is-array-buffer': [ '3.0.5' ],
28 silly audit   'is-arrayish': [ '0.3.2' ],
28 silly audit   'is-async-function': [ '2.1.1' ],
28 silly audit   'is-bigint': [ '1.1.0' ],
28 silly audit   'is-boolean-object': [ '1.2.2' ],
28 silly audit   'is-bun-module': [ '2.0.0' ],
28 silly audit   'is-callable': [ '1.2.7' ],
28 silly audit   'is-core-module': [ '2.16.1' ],
28 silly audit   'is-data-view': [ '1.0.2' ],
28 silly audit   'is-date-object': [ '1.1.0' ],
28 silly audit   'is-extglob': [ '2.1.1' ],
28 silly audit   'is-finalizationregistry': [ '1.1.1' ],
28 silly audit   'is-generator-function': [ '1.1.0' ],
28 silly audit   'is-glob': [ '4.0.3' ],
28 silly audit   'is-map': [ '2.0.3' ],
28 silly audit   'is-module': [ '1.0.0' ],
28 silly audit   'is-negative-zero': [ '2.0.3' ],
28 silly audit   'is-number': [ '7.0.0' ],
28 silly audit   'is-number-object': [ '1.1.1' ],
28 silly audit   'is-regex': [ '1.2.1' ],
28 silly audit   'is-set': [ '2.0.3' ],
28 silly audit   'is-shared-array-buffer': [ '1.0.4' ],
28 silly audit   'is-string': [ '1.1.1' ],
28 silly audit   'is-symbol': [ '1.1.1' ],
28 silly audit   'is-typed-array': [ '1.1.15' ],
28 silly audit   'is-weakmap': [ '2.0.2' ],
28 silly audit   'is-weakref': [ '1.1.1' ],
28 silly audit   'is-weakset': [ '2.0.4' ],
28 silly audit   isarray: [ '2.0.5' ],
28 silly audit   isexe: [ '2.0.0' ],
28 silly audit   'iterator.prototype': [ '1.1.5' ],
28 silly audit   jiti: [ '2.4.2' ],
28 silly audit   'js-cookie': [ '3.0.5' ],
28 silly audit   'js-tokens': [ '4.0.0' ],
28 silly audit   'js-yaml': [ '4.1.0' ],
28 silly audit   'json-buffer': [ '3.0.1' ],
28 silly audit   'json-schema-traverse': [ '0.4.1' ],
28 silly audit   'json-stable-stringify-without-jsonify': [ '1.0.1' ],
28 silly audit   json5: [ '1.0.2' ],
28 silly audit   'jsx-ast-utils': [ '3.3.5' ],
28 silly audit   keyv: [ '4.5.4' ],
28 silly audit   'language-subtag-registry': [ '0.3.23' ],
28 silly audit   'language-tags': [ '1.0.9' ],
28 silly audit   levn: [ '0.4.1' ],
28 silly audit   lightningcss: [ '1.30.1' ],
28 silly audit   'lightningcss-darwin-arm64': [ '1.30.1' ],
28 silly audit   'lightningcss-darwin-x64': [ '1.30.1' ],
28 silly audit   'lightningcss-freebsd-x64': [ '1.30.1' ],
28 silly audit   'lightningcss-linux-arm-gnueabihf': [ '1.30.1' ],
28 silly audit   'lightningcss-linux-arm64-gnu': [ '1.30.1' ],
28 silly audit   'lightningcss-linux-arm64-musl': [ '1.30.1' ],
28 silly audit   'lightningcss-linux-x64-gnu': [ '1.30.1' ],
28 silly audit   'lightningcss-linux-x64-musl': [ '1.30.1' ],
28 silly audit   'lightningcss-win32-arm64-msvc': [ '1.30.1' ],
28 silly audit   'lightningcss-win32-x64-msvc': [ '1.30.1' ],
28 silly audit   'locate-path': [ '6.0.0' ],
28 silly audit   'lodash.merge': [ '4.6.2' ],
28 silly audit   'loose-envify': [ '1.4.0' ],
28 silly audit   'lucide-react': [ '0.522.0' ],
28 silly audit   'magic-string': [ '0.30.17' ],
28 silly audit   'math-intrinsics': [ '1.1.0' ],
28 silly audit   merge2: [ '1.4.1' ],
28 silly audit   micromatch: [ '4.0.8' ],
28 silly audit   picomatch: [ '2.3.1', '4.0.2' ],
28 silly audit   'mime-db': [ '1.52.0' ],
28 silly audit   'mime-types': [ '2.1.35' ],
28 silly audit   'mini-svg-data-uri': [ '1.4.4' ],
28 silly audit   minimist: [ '1.2.8' ],
28 silly audit   minipass: [ '7.1.2' ],
28 silly audit   minizlib: [ '3.0.2' ],
28 silly audit   mkdirp: [ '3.0.1' ],
28 silly audit   ms: [ '2.1.3' ],
28 silly audit   nanoid: [ '3.3.11' ],
28 silly audit   'napi-postinstall': [ '0.2.4' ],
28 silly audit   'natural-compare': [ '1.4.0' ],
28 silly audit   next: [ '15.3.2' ],
28 silly audit   postcss: [ '8.4.31', '8.5.6' ],
28 silly audit   'object-assign': [ '4.1.1' ],
28 silly audit   'object-inspect': [ '1.13.4' ],
28 silly audit   'object-keys': [ '1.1.1' ],
28 silly audit   'object.assign': [ '4.1.7' ],
28 silly audit   'object.entries': [ '1.1.9' ],
28 silly audit   'object.fromentries': [ '2.0.8' ],
28 silly audit   'object.groupby': [ '1.0.3' ],
28 silly audit   'object.values': [ '1.2.1' ],
28 silly audit   optionator: [ '0.9.4' ],
28 silly audit   'own-keys': [ '1.0.1' ],
28 silly audit   'p-limit': [ '3.1.0' ],
28 silly audit   'p-locate': [ '5.0.0' ],
28 silly audit   'parent-module': [ '1.0.1' ],
28 silly audit   'path-exists': [ '4.0.0' ],
28 silly audit   'path-key': [ '3.1.1' ],
28 silly audit   'path-parse': [ '1.0.7' ],
28 silly audit   picocolors: [ '1.1.1' ],
28 silly audit   'possible-typed-array-names': [ '1.1.0' ],
28 silly audit   'prelude-ls': [ '1.2.1' ],
28 silly audit   'prop-types': [ '15.8.1' ],
28 silly audit   'proxy-from-env': [ '1.1.0' ],
28 silly audit   punycode: [ '2.3.1' ],
28 silly audit   'queue-microtask': [ '1.2.3' ],
28 silly audit   react: [ '19.1.0' ],
28 silly audit   'react-dom': [ '19.1.0' ],
28 silly audit   'react-icons': [ '5.5.0' ],
28 silly audit   'react-is': [ '16.13.1' ],
28 silly audit   'react-remove-scroll': [ '2.7.1' ],
28 silly audit   'react-remove-scroll-bar': [ '2.3.8' ],
28 silly audit   'react-style-singleton': [ '2.2.3' ],
28 silly audit   'reflect.getprototypeof': [ '1.0.10' ],
28 silly audit   'regexp.prototype.flags': [ '1.5.4' ],
28 silly audit   'resolve-from': [ '4.0.0' ],
28 silly audit   'resolve-pkg-maps': [ '1.0.0' ],
28 silly audit   reusify: [ '1.1.0' ],
28 silly audit   rollup: [ '4.44.0' ],
28 silly audit   'run-parallel': [ '1.2.0' ],
28 silly audit   'safe-array-concat': [ '1.1.3' ],
28 silly audit   'safe-push-apply': [ '1.0.0' ],
28 silly audit   'safe-regex-test': [ '1.1.0' ],
28 silly audit   scheduler: [ '0.26.0' ],
28 silly audit   'set-function-length': [ '1.2.2' ],
28 silly audit   'set-function-name': [ '2.0.2' ],
28 silly audit   'set-proto': [ '1.0.0' ],
28 silly audit   sharp: [ '0.34.2' ],
28 silly audit   'shebang-command': [ '2.0.0' ],
28 silly audit   'shebang-regex': [ '3.0.0' ],
28 silly audit   'side-channel': [ '1.1.0' ],
28 silly audit   'side-channel-list': [ '1.0.0' ],
28 silly audit   'side-channel-map': [ '1.0.1' ],
28 silly audit   'side-channel-weakmap': [ '1.0.2' ],
28 silly audit   'simple-swizzle': [ '0.2.2' ],
28 silly audit   'source-map-js': [ '1.2.1' ],
28 silly audit   'stable-hash': [ '0.0.5' ],
28 silly audit   'stop-iteration-iterator': [ '1.1.0' ],
28 silly audit   streamsearch: [ '1.1.0' ],
28 silly audit   'string.prototype.includes': [ '2.0.1' ],
28 silly audit   'string.prototype.matchall': [ '4.0.12' ],
28 silly audit   'string.prototype.repeat': [ '1.0.0' ],
28 silly audit   'string.prototype.trim': [ '1.2.10' ],
28 silly audit   'string.prototype.trimend': [ '1.0.9' ],
28 silly audit   'string.prototype.trimstart': [ '1.0.8' ],
28 silly audit   'strip-bom': [ '3.0.0' ],
28 silly audit   'strip-json-comments': [ '3.1.1' ],
28 silly audit   'styled-jsx': [ '5.1.6' ],
28 silly audit   'supports-color': [ '7.2.0' ],
28 silly audit   'supports-preserve-symlinks-flag': [ '1.0.0' ],
28 silly audit   'tailwind-merge': [ '3.3.1' ],
28 silly audit   tailwindcss: [ '4.1.10' ],
28 silly audit   tapable: [ '2.2.2' ],
28 silly audit   tar: [ '7.4.3' ],
28 silly audit   tinyglobby: [ '0.2.14' ],
28 silly audit   'to-regex-range': [ '5.0.1' ],
28 silly audit   'ts-api-utils': [ '2.1.0' ],
28 silly audit   'tsconfig-paths': [ '3.15.0' ],
28 silly audit   tslib: [ '2.8.1' ],
28 silly audit   'tw-animate-css': [ '1.3.4' ],
28 silly audit   'type-check': [ '0.4.0' ],
28 silly audit   'typed-array-buffer': [ '1.0.3' ],
28 silly audit   'typed-array-byte-length': [ '1.0.3' ],
28 silly audit   'typed-array-byte-offset': [ '1.0.4' ],
28 silly audit   'typed-array-length': [ '1.0.7' ],
28 silly audit   typescript: [ '5.8.3' ],
28 silly audit   'unbox-primitive': [ '1.1.0' ],
28 silly audit   'undici-types': [ '6.21.0' ],
28 silly audit   'unrs-resolver': [ '1.9.1' ],
28 silly audit   'uri-js': [ '4.4.1' ],
28 silly audit   'use-callback-ref': [ '1.3.3' ],
28 silly audit   'use-sidecar': [ '1.1.3' ],
28 silly audit   vite: [ '6.3.5' ],
28 silly audit   which: [ '2.0.2' ],
28 silly audit   'which-boxed-primitive': [ '1.1.1' ],
28 silly audit   'which-builtin-type': [ '1.2.1' ],
28 silly audit   'which-collection': [ '1.0.2' ],
28 silly audit   'which-typed-array': [ '1.1.19' ],
28 silly audit   'word-wrap': [ '1.2.5' ],
28 silly audit   yallist: [ '5.0.0' ],
28 silly audit   'yocto-queue': [ '0.1.0' ],
28 silly audit   '@radix-ui/react-label': [ '2.1.7' ],
28 silly audit   '@tailwindcss/oxide-wasm32-wasi': [ '4.1.10' ]
28 silly audit }
29 verbose reify failed optional dependency C:\Users\Zahra\Desktop\SN-merged\social-network\frontend\node_modules\lightningcss-win32-arm64-msvc
30 silly reify mark deleted [
30 silly reify   'C:\\Users\\Zahra\\Desktop\\SN-merged\\social-network\\frontend\\node_modules\\lightningcss-win32-arm64-msvc'
30 silly reify ]
31 verbose reify failed optional dependency C:\Users\Zahra\Desktop\SN-merged\social-network\frontend\node_modules\lightningcss-linux-x64-musl
32 silly reify mark deleted [
32 silly reify   'C:\\Users\\Zahra\\Desktop\\SN-merged\\social-network\\frontend\\node_modules\\lightningcss-linux-x64-musl'
32 silly reify ]
33 verbose reify failed optional dependency C:\Users\Zahra\Desktop\SN-merged\social-network\frontend\node_modules\lightningcss-linux-x64-gnu
34 silly reify mark deleted [
34 silly reify   'C:\\Users\\Zahra\\Desktop\\SN-merged\\social-network\\frontend\\node_modules\\lightningcss-linux-x64-gnu'
34 silly reify ]
35 verbose reify failed optional dependency C:\Users\Zahra\Desktop\SN-merged\social-network\frontend\node_modules\lightningcss-linux-arm64-musl
36 silly reify mark deleted [
36 silly reify   'C:\\Users\\Zahra\\Desktop\\SN-merged\\social-network\\frontend\\node_modules\\lightningcss-linux-arm64-musl'
36 silly reify ]
37 verbose reify failed optional dependency C:\Users\Zahra\Desktop\SN-merged\social-network\frontend\node_modules\lightningcss-linux-arm64-gnu
38 silly reify mark deleted [
38 silly reify   'C:\\Users\\Zahra\\Desktop\\SN-merged\\social-network\\frontend\\node_modules\\lightningcss-linux-arm64-gnu'
38 silly reify ]
39 verbose reify failed optional dependency C:\Users\Zahra\Desktop\SN-merged\social-network\frontend\node_modules\lightningcss-linux-arm-gnueabihf
40 silly reify mark deleted [
40 silly reify   'C:\\Users\\Zahra\\Desktop\\SN-merged\\social-network\\frontend\\node_modules\\lightningcss-linux-arm-gnueabihf'
40 silly reify ]
41 verbose reify failed optional dependency C:\Users\Zahra\Desktop\SN-merged\social-network\frontend\node_modules\lightningcss-freebsd-x64
42 silly reify mark deleted [
42 silly reify   'C:\\Users\\Zahra\\Desktop\\SN-merged\\social-network\\frontend\\node_modules\\lightningcss-freebsd-x64'
42 silly reify ]
43 verbose reify failed optional dependency C:\Users\Zahra\Desktop\SN-merged\social-network\frontend\node_modules\lightningcss-darwin-x64
44 silly reify mark deleted [
44 silly reify   'C:\\Users\\Zahra\\Desktop\\SN-merged\\social-network\\frontend\\node_modules\\lightningcss-darwin-x64'
44 silly reify ]
45 verbose reify failed optional dependency C:\Users\Zahra\Desktop\SN-merged\social-network\frontend\node_modules\lightningcss-darwin-arm64
46 silly reify mark deleted [
46 silly reify   'C:\\Users\\Zahra\\Desktop\\SN-merged\\social-network\\frontend\\node_modules\\lightningcss-darwin-arm64'
46 silly reify ]
47 verbose reify failed optional dependency C:\Users\Zahra\Desktop\SN-merged\social-network\frontend\node_modules\fsevents
48 silly reify mark deleted [
48 silly reify   'C:\\Users\\Zahra\\Desktop\\SN-merged\\social-network\\frontend\\node_modules\\fsevents'
48 silly reify ]
49 verbose reify failed optional dependency C:\Users\Zahra\Desktop\SN-merged\social-network\frontend\node_modules\@unrs\resolver-binding-win32-ia32-msvc
50 silly reify mark deleted [
50 silly reify   'C:\\Users\\Zahra\\Desktop\\SN-merged\\social-network\\frontend\\node_modules\\@unrs\\resolver-binding-win32-ia32-msvc'
50 silly reify ]
51 verbose reify failed optional dependency C:\Users\Zahra\Desktop\SN-merged\social-network\frontend\node_modules\@unrs\resolver-binding-win32-arm64-msvc
52 silly reify mark deleted [
52 silly reify   'C:\\Users\\Zahra\\Desktop\\SN-merged\\social-network\\frontend\\node_modules\\@unrs\\resolver-binding-win32-arm64-msvc'
52 silly reify ]
53 verbose reify failed optional dependency C:\Users\Zahra\Desktop\SN-merged\social-network\frontend\node_modules\@unrs\resolver-binding-wasm32-wasi
54 silly reify mark deleted [
54 silly reify   'C:\\Users\\Zahra\\Desktop\\SN-merged\\social-network\\frontend\\node_modules\\@unrs\\resolver-binding-wasm32-wasi'
54 silly reify ]
55 verbose reify failed optional dependency C:\Users\Zahra\Desktop\SN-merged\social-network\frontend\node_modules\@unrs\resolver-binding-linux-x64-musl
56 silly reify mark deleted [
56 silly reify   'C:\\Users\\Zahra\\Desktop\\SN-merged\\social-network\\frontend\\node_modules\\@unrs\\resolver-binding-linux-x64-musl'
56 silly reify ]
57 verbose reify failed optional dependency C:\Users\Zahra\Desktop\SN-merged\social-network\frontend\node_modules\@unrs\resolver-binding-linux-x64-gnu
58 silly reify mark deleted [
58 silly reify   'C:\\Users\\Zahra\\Desktop\\SN-merged\\social-network\\frontend\\node_modules\\@unrs\\resolver-binding-linux-x64-gnu'
58 silly reify ]
59 verbose reify failed optional dependency C:\Users\Zahra\Desktop\SN-merged\social-network\frontend\node_modules\@unrs\resolver-binding-linux-s390x-gnu
60 silly reify mark deleted [
60 silly reify   'C:\\Users\\Zahra\\Desktop\\SN-merged\\social-network\\frontend\\node_modules\\@unrs\\resolver-binding-linux-s390x-gnu'
60 silly reify ]
61 verbose reify failed optional dependency C:\Users\Zahra\Desktop\SN-merged\social-network\frontend\node_modules\@unrs\resolver-binding-linux-riscv64-musl
62 silly reify mark deleted [
62 silly reify   'C:\\Users\\Zahra\\Desktop\\SN-merged\\social-network\\frontend\\node_modules\\@unrs\\resolver-binding-linux-riscv64-musl'
62 silly reify ]
63 verbose reify failed optional dependency C:\Users\Zahra\Desktop\SN-merged\social-network\frontend\node_modules\@unrs\resolver-binding-linux-riscv64-gnu
64 silly reify mark deleted [
64 silly reify   'C:\\Users\\Zahra\\Desktop\\SN-merged\\social-network\\frontend\\node_modules\\@unrs\\resolver-binding-linux-riscv64-gnu'
64 silly reify ]
65 verbose reify failed optional dependency C:\Users\Zahra\Desktop\SN-merged\social-network\frontend\node_modules\@unrs\resolver-binding-linux-ppc64-gnu
66 silly reify mark deleted [
66 silly reify   'C:\\Users\\Zahra\\Desktop\\SN-merged\\social-network\\frontend\\node_modules\\@unrs\\resolver-binding-linux-ppc64-gnu'
66 silly reify ]
67 verbose reify failed optional dependency C:\Users\Zahra\Desktop\SN-merged\social-network\frontend\node_modules\@unrs\resolver-binding-linux-arm64-musl
68 silly reify mark deleted [
68 silly reify   'C:\\Users\\Zahra\\Desktop\\SN-merged\\social-network\\frontend\\node_modules\\@unrs\\resolver-binding-linux-arm64-musl'
68 silly reify ]
69 verbose reify failed optional dependency C:\Users\Zahra\Desktop\SN-merged\social-network\frontend\node_modules\@unrs\resolver-binding-linux-arm64-gnu
70 silly reify mark deleted [
70 silly reify   'C:\\Users\\Zahra\\Desktop\\SN-merged\\social-network\\frontend\\node_modules\\@unrs\\resolver-binding-linux-arm64-gnu'
70 silly reify ]
71 verbose reify failed optional dependency C:\Users\Zahra\Desktop\SN-merged\social-network\frontend\node_modules\@unrs\resolver-binding-linux-arm-musleabihf
72 silly reify mark deleted [
72 silly reify   'C:\\Users\\Zahra\\Desktop\\SN-merged\\social-network\\frontend\\node_modules\\@unrs\\resolver-binding-linux-arm-musleabihf'
72 silly reify ]
73 verbose reify failed optional dependency C:\Users\Zahra\Desktop\SN-merged\social-network\frontend\node_modules\@unrs\resolver-binding-linux-arm-gnueabihf
74 silly reify mark deleted [
74 silly reify   'C:\\Users\\Zahra\\Desktop\\SN-merged\\social-network\\frontend\\node_modules\\@unrs\\resolver-binding-linux-arm-gnueabihf'
74 silly reify ]
75 verbose reify failed optional dependency C:\Users\Zahra\Desktop\SN-merged\social-network\frontend\node_modules\@unrs\resolver-binding-freebsd-x64
76 silly reify mark deleted [
76 silly reify   'C:\\Users\\Zahra\\Desktop\\SN-merged\\social-network\\frontend\\node_modules\\@unrs\\resolver-binding-freebsd-x64'
76 silly reify ]
77 verbose reify failed optional dependency C:\Users\Zahra\Desktop\SN-merged\social-network\frontend\node_modules\@unrs\resolver-binding-darwin-x64
78 silly reify mark deleted [
78 silly reify   'C:\\Users\\Zahra\\Desktop\\SN-merged\\social-network\\frontend\\node_modules\\@unrs\\resolver-binding-darwin-x64'
78 silly reify ]
79 verbose reify failed optional dependency C:\Users\Zahra\Desktop\SN-merged\social-network\frontend\node_modules\@unrs\resolver-binding-darwin-arm64
80 silly reify mark deleted [
80 silly reify   'C:\\Users\\Zahra\\Desktop\\SN-merged\\social-network\\frontend\\node_modules\\@unrs\\resolver-binding-darwin-arm64'
80 silly reify ]
81 verbose reify failed optional dependency C:\Users\Zahra\Desktop\SN-merged\social-network\frontend\node_modules\@unrs\resolver-binding-android-arm64
82 silly reify mark deleted [
82 silly reify   'C:\\Users\\Zahra\\Desktop\\SN-merged\\social-network\\frontend\\node_modules\\@unrs\\resolver-binding-android-arm64'
82 silly reify ]
83 verbose reify failed optional dependency C:\Users\Zahra\Desktop\SN-merged\social-network\frontend\node_modules\@unrs\resolver-binding-android-arm-eabi
84 silly reify mark deleted [
84 silly reify   'C:\\Users\\Zahra\\Desktop\\SN-merged\\social-network\\frontend\\node_modules\\@unrs\\resolver-binding-android-arm-eabi'
84 silly reify ]
85 verbose reify failed optional dependency C:\Users\Zahra\Desktop\SN-merged\social-network\frontend\node_modules\@tailwindcss\oxide-win32-arm64-msvc
86 silly reify mark deleted [
86 silly reify   'C:\\Users\\Zahra\\Desktop\\SN-merged\\social-network\\frontend\\node_modules\\@tailwindcss\\oxide-win32-arm64-msvc'
86 silly reify ]
87 verbose reify failed optional dependency C:\Users\Zahra\Desktop\SN-merged\social-network\frontend\node_modules\@tailwindcss\oxide-linux-x64-musl
88 silly reify mark deleted [
88 silly reify   'C:\\Users\\Zahra\\Desktop\\SN-merged\\social-network\\frontend\\node_modules\\@tailwindcss\\oxide-linux-x64-musl'
88 silly reify ]
89 verbose reify failed optional dependency C:\Users\Zahra\Desktop\SN-merged\social-network\frontend\node_modules\@tailwindcss\oxide-linux-x64-gnu
90 silly reify mark deleted [
90 silly reify   'C:\\Users\\Zahra\\Desktop\\SN-merged\\social-network\\frontend\\node_modules\\@tailwindcss\\oxide-linux-x64-gnu'
90 silly reify ]
91 verbose reify failed optional dependency C:\Users\Zahra\Desktop\SN-merged\social-network\frontend\node_modules\@tailwindcss\oxide-linux-arm64-musl
92 silly reify mark deleted [
92 silly reify   'C:\\Users\\Zahra\\Desktop\\SN-merged\\social-network\\frontend\\node_modules\\@tailwindcss\\oxide-linux-arm64-musl'
92 silly reify ]
93 verbose reify failed optional dependency C:\Users\Zahra\Desktop\SN-merged\social-network\frontend\node_modules\@tailwindcss\oxide-linux-arm64-gnu
94 silly reify mark deleted [
94 silly reify   'C:\\Users\\Zahra\\Desktop\\SN-merged\\social-network\\frontend\\node_modules\\@tailwindcss\\oxide-linux-arm64-gnu'
94 silly reify ]
95 verbose reify failed optional dependency C:\Users\Zahra\Desktop\SN-merged\social-network\frontend\node_modules\@tailwindcss\oxide-linux-arm-gnueabihf
96 silly reify mark deleted [
96 silly reify   'C:\\Users\\Zahra\\Desktop\\SN-merged\\social-network\\frontend\\node_modules\\@tailwindcss\\oxide-linux-arm-gnueabihf'
96 silly reify ]
97 verbose reify failed optional dependency C:\Users\Zahra\Desktop\SN-merged\social-network\frontend\node_modules\@tailwindcss\oxide-freebsd-x64
98 silly reify mark deleted [
98 silly reify   'C:\\Users\\Zahra\\Desktop\\SN-merged\\social-network\\frontend\\node_modules\\@tailwindcss\\oxide-freebsd-x64'
98 silly reify ]
99 verbose reify failed optional dependency C:\Users\Zahra\Desktop\SN-merged\social-network\frontend\node_modules\@tailwindcss\oxide-darwin-x64
100 silly reify mark deleted [
100 silly reify   'C:\\Users\\Zahra\\Desktop\\SN-merged\\social-network\\frontend\\node_modules\\@tailwindcss\\oxide-darwin-x64'
100 silly reify ]
101 verbose reify failed optional dependency C:\Users\Zahra\Desktop\SN-merged\social-network\frontend\node_modules\@tailwindcss\oxide-darwin-arm64
102 silly reify mark deleted [
102 silly reify   'C:\\Users\\Zahra\\Desktop\\SN-merged\\social-network\\frontend\\node_modules\\@tailwindcss\\oxide-darwin-arm64'
102 silly reify ]
103 verbose reify failed optional dependency C:\Users\Zahra\Desktop\SN-merged\social-network\frontend\node_modules\@tailwindcss\oxide-android-arm64
104 silly reify mark deleted [
104 silly reify   'C:\\Users\\Zahra\\Desktop\\SN-merged\\social-network\\frontend\\node_modules\\@tailwindcss\\oxide-android-arm64'
104 silly reify ]
105 verbose reify failed optional dependency C:\Users\Zahra\Desktop\SN-merged\social-network\frontend\node_modules\@rollup\rollup-win32-ia32-msvc
106 silly reify mark deleted [
106 silly reify   'C:\\Users\\Zahra\\Desktop\\SN-merged\\social-network\\frontend\\node_modules\\@rollup\\rollup-win32-ia32-msvc'
106 silly reify ]
107 verbose reify failed optional dependency C:\Users\Zahra\Desktop\SN-merged\social-network\frontend\node_modules\@rollup\rollup-win32-arm64-msvc
108 silly reify mark deleted [
108 silly reify   'C:\\Users\\Zahra\\Desktop\\SN-merged\\social-network\\frontend\\node_modules\\@rollup\\rollup-win32-arm64-msvc'
108 silly reify ]
109 verbose reify failed optional dependency C:\Users\Zahra\Desktop\SN-merged\social-network\frontend\node_modules\@rollup\rollup-linux-x64-musl
110 silly reify mark deleted [
110 silly reify   'C:\\Users\\Zahra\\Desktop\\SN-merged\\social-network\\frontend\\node_modules\\@rollup\\rollup-linux-x64-musl'
110 silly reify ]
111 verbose reify failed optional dependency C:\Users\Zahra\Desktop\SN-merged\social-network\frontend\node_modules\@rollup\rollup-linux-x64-gnu
112 silly reify mark deleted [
112 silly reify   'C:\\Users\\Zahra\\Desktop\\SN-merged\\social-network\\frontend\\node_modules\\@rollup\\rollup-linux-x64-gnu'
112 silly reify ]
113 verbose reify failed optional dependency C:\Users\Zahra\Desktop\SN-merged\social-network\frontend\node_modules\@rollup\rollup-linux-s390x-gnu
114 silly reify mark deleted [
114 silly reify   'C:\\Users\\Zahra\\Desktop\\SN-merged\\social-network\\frontend\\node_modules\\@rollup\\rollup-linux-s390x-gnu'
114 silly reify ]
115 verbose reify failed optional dependency C:\Users\Zahra\Desktop\SN-merged\social-network\frontend\node_modules\@rollup\rollup-linux-riscv64-musl
116 silly reify mark deleted [
116 silly reify   'C:\\Users\\Zahra\\Desktop\\SN-merged\\social-network\\frontend\\node_modules\\@rollup\\rollup-linux-riscv64-musl'
116 silly reify ]
117 verbose reify failed optional dependency C:\Users\Zahra\Desktop\SN-merged\social-network\frontend\node_modules\@rollup\rollup-linux-riscv64-gnu
118 silly reify mark deleted [
118 silly reify   'C:\\Users\\Zahra\\Desktop\\SN-merged\\social-network\\frontend\\node_modules\\@rollup\\rollup-linux-riscv64-gnu'
118 silly reify ]
119 verbose reify failed optional dependency C:\Users\Zahra\Desktop\SN-merged\social-network\frontend\node_modules\@rollup\rollup-linux-powerpc64le-gnu
120 silly reify mark deleted [
120 silly reify   'C:\\Users\\Zahra\\Desktop\\SN-merged\\social-network\\frontend\\node_modules\\@rollup\\rollup-linux-powerpc64le-gnu'
120 silly reify ]
121 verbose reify failed optional dependency C:\Users\Zahra\Desktop\SN-merged\social-network\frontend\node_modules\@rollup\rollup-linux-loongarch64-gnu
122 silly reify mark deleted [
122 silly reify   'C:\\Users\\Zahra\\Desktop\\SN-merged\\social-network\\frontend\\node_modules\\@rollup\\rollup-linux-loongarch64-gnu'
122 silly reify ]
123 verbose reify failed optional dependency C:\Users\Zahra\Desktop\SN-merged\social-network\frontend\node_modules\@rollup\rollup-linux-arm64-musl
124 silly reify mark deleted [
124 silly reify   'C:\\Users\\Zahra\\Desktop\\SN-merged\\social-network\\frontend\\node_modules\\@rollup\\rollup-linux-arm64-musl'
124 silly reify ]
125 verbose reify failed optional dependency C:\Users\Zahra\Desktop\SN-merged\social-network\frontend\node_modules\@rollup\rollup-linux-arm64-gnu
126 silly reify mark deleted [
126 silly reify   'C:\\Users\\Zahra\\Desktop\\SN-merged\\social-network\\frontend\\node_modules\\@rollup\\rollup-linux-arm64-gnu'
126 silly reify ]
127 verbose reify failed optional dependency C:\Users\Zahra\Desktop\SN-merged\social-network\frontend\node_modules\@rollup\rollup-linux-arm-musleabihf
128 silly reify mark deleted [
128 silly reify   'C:\\Users\\Zahra\\Desktop\\SN-merged\\social-network\\frontend\\node_modules\\@rollup\\rollup-linux-arm-musleabihf'
128 silly reify ]
129 verbose reify failed optional dependency C:\Users\Zahra\Desktop\SN-merged\social-network\frontend\node_modules\@rollup\rollup-linux-arm-gnueabihf
130 silly reify mark deleted [
130 silly reify   'C:\\Users\\Zahra\\Desktop\\SN-merged\\social-network\\frontend\\node_modules\\@rollup\\rollup-linux-arm-gnueabihf'
130 silly reify ]
131 verbose reify failed optional dependency C:\Users\Zahra\Desktop\SN-merged\social-network\frontend\node_modules\@rollup\rollup-freebsd-x64
132 silly reify mark deleted [
132 silly reify   'C:\\Users\\Zahra\\Desktop\\SN-merged\\social-network\\frontend\\node_modules\\@rollup\\rollup-freebsd-x64'
132 silly reify ]
133 verbose reify failed optional dependency C:\Users\Zahra\Desktop\SN-merged\social-network\frontend\node_modules\@rollup\rollup-freebsd-arm64
134 silly reify mark deleted [
134 silly reify   'C:\\Users\\Zahra\\Desktop\\SN-merged\\social-network\\frontend\\node_modules\\@rollup\\rollup-freebsd-arm64'
134 silly reify ]
135 verbose reify failed optional dependency C:\Users\Zahra\Desktop\SN-merged\social-network\frontend\node_modules\@rollup\rollup-darwin-x64
136 silly reify mark deleted [
136 silly reify   'C:\\Users\\Zahra\\Desktop\\SN-merged\\social-network\\frontend\\node_modules\\@rollup\\rollup-darwin-x64'
136 silly reify ]
137 verbose reify failed optional dependency C:\Users\Zahra\Desktop\SN-merged\social-network\frontend\node_modules\@rollup\rollup-darwin-arm64
138 silly reify mark deleted [
138 silly reify   'C:\\Users\\Zahra\\Desktop\\SN-merged\\social-network\\frontend\\node_modules\\@rollup\\rollup-darwin-arm64'
138 silly reify ]
139 verbose reify failed optional dependency C:\Users\Zahra\Desktop\SN-merged\social-network\frontend\node_modules\@rollup\rollup-android-arm64
140 silly reify mark deleted [
140 silly reify   'C:\\Users\\Zahra\\Desktop\\SN-merged\\social-network\\frontend\\node_modules\\@rollup\\rollup-android-arm64'
140 silly reify ]
141 verbose reify failed optional dependency C:\Users\Zahra\Desktop\SN-merged\social-network\frontend\node_modules\@rollup\rollup-android-arm-eabi
142 silly reify mark deleted [
142 silly reify   'C:\\Users\\Zahra\\Desktop\\SN-merged\\social-network\\frontend\\node_modules\\@rollup\\rollup-android-arm-eabi'
142 silly reify ]
143 verbose reify failed optional dependency C:\Users\Zahra\Desktop\SN-merged\social-network\frontend\node_modules\@next\swc-win32-arm64-msvc
144 silly reify mark deleted [
144 silly reify   'C:\\Users\\Zahra\\Desktop\\SN-merged\\social-network\\frontend\\node_modules\\@next\\swc-win32-arm64-msvc'
144 silly reify ]
145 verbose reify failed optional dependency C:\Users\Zahra\Desktop\SN-merged\social-network\frontend\node_modules\@next\swc-linux-x64-musl
146 silly reify mark deleted [
146 silly reify   'C:\\Users\\Zahra\\Desktop\\SN-merged\\social-network\\frontend\\node_modules\\@next\\swc-linux-x64-musl'
146 silly reify ]
147 verbose reify failed optional dependency C:\Users\Zahra\Desktop\SN-merged\social-network\frontend\node_modules\@next\swc-linux-x64-gnu
148 silly reify mark deleted [
148 silly reify   'C:\\Users\\Zahra\\Desktop\\SN-merged\\social-network\\frontend\\node_modules\\@next\\swc-linux-x64-gnu'
148 silly reify ]
149 verbose reify failed optional dependency C:\Users\Zahra\Desktop\SN-merged\social-network\frontend\node_modules\@next\swc-linux-arm64-musl
150 silly reify mark deleted [
150 silly reify   'C:\\Users\\Zahra\\Desktop\\SN-merged\\social-network\\frontend\\node_modules\\@next\\swc-linux-arm64-musl'
150 silly reify ]
151 verbose reify failed optional dependency C:\Users\Zahra\Desktop\SN-merged\social-network\frontend\node_modules\@next\swc-linux-arm64-gnu
152 silly reify mark deleted [
152 silly reify   'C:\\Users\\Zahra\\Desktop\\SN-merged\\social-network\\frontend\\node_modules\\@next\\swc-linux-arm64-gnu'
152 silly reify ]
153 verbose reify failed optional dependency C:\Users\Zahra\Desktop\SN-merged\social-network\frontend\node_modules\@next\swc-darwin-x64
154 silly reify mark deleted [
154 silly reify   'C:\\Users\\Zahra\\Desktop\\SN-merged\\social-network\\frontend\\node_modules\\@next\\swc-darwin-x64'
154 silly reify ]
155 verbose reify failed optional dependency C:\Users\Zahra\Desktop\SN-merged\social-network\frontend\node_modules\@next\swc-darwin-arm64
156 silly reify mark deleted [
156 silly reify   'C:\\Users\\Zahra\\Desktop\\SN-merged\\social-network\\frontend\\node_modules\\@next\\swc-darwin-arm64'
156 silly reify ]
157 verbose reify failed optional dependency C:\Users\Zahra\Desktop\SN-merged\social-network\frontend\node_modules\@img\sharp-win32-ia32
158 silly reify mark deleted [
158 silly reify   'C:\\Users\\Zahra\\Desktop\\SN-merged\\social-network\\frontend\\node_modules\\@img\\sharp-win32-ia32'
158 silly reify ]
159 verbose reify failed optional dependency C:\Users\Zahra\Desktop\SN-merged\social-network\frontend\node_modules\@img\sharp-win32-arm64
160 silly reify mark deleted [
160 silly reify   'C:\\Users\\Zahra\\Desktop\\SN-merged\\social-network\\frontend\\node_modules\\@img\\sharp-win32-arm64'
160 silly reify ]
161 verbose reify failed optional dependency C:\Users\Zahra\Desktop\SN-merged\social-network\frontend\node_modules\@img\sharp-wasm32
162 silly reify mark deleted [
162 silly reify   'C:\\Users\\Zahra\\Desktop\\SN-merged\\social-network\\frontend\\node_modules\\@img\\sharp-wasm32'
162 silly reify ]
163 verbose reify failed optional dependency C:\Users\Zahra\Desktop\SN-merged\social-network\frontend\node_modules\@img\sharp-linuxmusl-x64
164 silly reify mark deleted [
164 silly reify   'C:\\Users\\Zahra\\Desktop\\SN-merged\\social-network\\frontend\\node_modules\\@img\\sharp-linuxmusl-x64'
164 silly reify ]
165 verbose reify failed optional dependency C:\Users\Zahra\Desktop\SN-merged\social-network\frontend\node_modules\@img\sharp-linuxmusl-arm64
166 silly reify mark deleted [
166 silly reify   'C:\\Users\\Zahra\\Desktop\\SN-merged\\social-network\\frontend\\node_modules\\@img\\sharp-linuxmusl-arm64'
166 silly reify ]
167 verbose reify failed optional dependency C:\Users\Zahra\Desktop\SN-merged\social-network\frontend\node_modules\@img\sharp-linux-x64
168 silly reify mark deleted [
168 silly reify   'C:\\Users\\Zahra\\Desktop\\SN-merged\\social-network\\frontend\\node_modules\\@img\\sharp-linux-x64'
168 silly reify ]
169 verbose reify failed optional dependency C:\Users\Zahra\Desktop\SN-merged\social-network\frontend\node_modules\@img\sharp-linux-s390x
170 silly reify mark deleted [
170 silly reify   'C:\\Users\\Zahra\\Desktop\\SN-merged\\social-network\\frontend\\node_modules\\@img\\sharp-linux-s390x'
170 silly reify ]
171 verbose reify failed optional dependency C:\Users\Zahra\Desktop\SN-merged\social-network\frontend\node_modules\@img\sharp-linux-arm64
172 silly reify mark deleted [
172 silly reify   'C:\\Users\\Zahra\\Desktop\\SN-merged\\social-network\\frontend\\node_modules\\@img\\sharp-linux-arm64'
172 silly reify ]
173 verbose reify failed optional dependency C:\Users\Zahra\Desktop\SN-merged\social-network\frontend\node_modules\@img\sharp-linux-arm
174 silly reify mark deleted [
174 silly reify   'C:\\Users\\Zahra\\Desktop\\SN-merged\\social-network\\frontend\\node_modules\\@img\\sharp-linux-arm'
174 silly reify ]
175 verbose reify failed optional dependency C:\Users\Zahra\Desktop\SN-merged\social-network\frontend\node_modules\@img\sharp-libvips-linuxmusl-x64
176 silly reify mark deleted [
176 silly reify   'C:\\Users\\Zahra\\Desktop\\SN-merged\\social-network\\frontend\\node_modules\\@img\\sharp-libvips-linuxmusl-x64'
176 silly reify ]
177 verbose reify failed optional dependency C:\Users\Zahra\Desktop\SN-merged\social-network\frontend\node_modules\@img\sharp-libvips-linuxmusl-arm64
178 silly reify mark deleted [
178 silly reify   'C:\\Users\\Zahra\\Desktop\\SN-merged\\social-network\\frontend\\node_modules\\@img\\sharp-libvips-linuxmusl-arm64'
178 silly reify ]
179 verbose reify failed optional dependency C:\Users\Zahra\Desktop\SN-merged\social-network\frontend\node_modules\@img\sharp-libvips-linux-x64
180 silly reify mark deleted [
180 silly reify   'C:\\Users\\Zahra\\Desktop\\SN-merged\\social-network\\frontend\\node_modules\\@img\\sharp-libvips-linux-x64'
180 silly reify ]
181 verbose reify failed optional dependency C:\Users\Zahra\Desktop\SN-merged\social-network\frontend\node_modules\@img\sharp-libvips-linux-s390x
182 silly reify mark deleted [
182 silly reify   'C:\\Users\\Zahra\\Desktop\\SN-merged\\social-network\\frontend\\node_modules\\@img\\sharp-libvips-linux-s390x'
182 silly reify ]
183 verbose reify failed optional dependency C:\Users\Zahra\Desktop\SN-merged\social-network\frontend\node_modules\@img\sharp-libvips-linux-ppc64
184 silly reify mark deleted [
184 silly reify   'C:\\Users\\Zahra\\Desktop\\SN-merged\\social-network\\frontend\\node_modules\\@img\\sharp-libvips-linux-ppc64'
184 silly reify ]
185 verbose reify failed optional dependency C:\Users\Zahra\Desktop\SN-merged\social-network\frontend\node_modules\@img\sharp-libvips-linux-arm64
186 silly reify mark deleted [
186 silly reify   'C:\\Users\\Zahra\\Desktop\\SN-merged\\social-network\\frontend\\node_modules\\@img\\sharp-libvips-linux-arm64'
186 silly reify ]
187 verbose reify failed optional dependency C:\Users\Zahra\Desktop\SN-merged\social-network\frontend\node_modules\@img\sharp-libvips-linux-arm
188 silly reify mark deleted [
188 silly reify   'C:\\Users\\Zahra\\Desktop\\SN-merged\\social-network\\frontend\\node_modules\\@img\\sharp-libvips-linux-arm'
188 silly reify ]
189 verbose reify failed optional dependency C:\Users\Zahra\Desktop\SN-merged\social-network\frontend\node_modules\@img\sharp-libvips-darwin-x64
190 silly reify mark deleted [
190 silly reify   'C:\\Users\\Zahra\\Desktop\\SN-merged\\social-network\\frontend\\node_modules\\@img\\sharp-libvips-darwin-x64'
190 silly reify ]
191 verbose reify failed optional dependency C:\Users\Zahra\Desktop\SN-merged\social-network\frontend\node_modules\@img\sharp-libvips-darwin-arm64
192 silly reify mark deleted [
192 silly reify   'C:\\Users\\Zahra\\Desktop\\SN-merged\\social-network\\frontend\\node_modules\\@img\\sharp-libvips-darwin-arm64'
192 silly reify ]
193 verbose reify failed optional dependency C:\Users\Zahra\Desktop\SN-merged\social-network\frontend\node_modules\@img\sharp-darwin-x64
194 silly reify mark deleted [
194 silly reify   'C:\\Users\\Zahra\\Desktop\\SN-merged\\social-network\\frontend\\node_modules\\@img\\sharp-darwin-x64'
194 silly reify ]
195 verbose reify failed optional dependency C:\Users\Zahra\Desktop\SN-merged\social-network\frontend\node_modules\@img\sharp-darwin-arm64
196 silly reify mark deleted [
196 silly reify   'C:\\Users\\Zahra\\Desktop\\SN-merged\\social-network\\frontend\\node_modules\\@img\\sharp-darwin-arm64'
196 silly reify ]
197 verbose reify failed optional dependency C:\Users\Zahra\Desktop\SN-merged\social-network\frontend\node_modules\@esbuild\win32-ia32
198 silly reify mark deleted [
198 silly reify   'C:\\Users\\Zahra\\Desktop\\SN-merged\\social-network\\frontend\\node_modules\\@esbuild\\win32-ia32'
198 silly reify ]
199 verbose reify failed optional dependency C:\Users\Zahra\Desktop\SN-merged\social-network\frontend\node_modules\@esbuild\win32-arm64
200 silly reify mark deleted [
200 silly reify   'C:\\Users\\Zahra\\Desktop\\SN-merged\\social-network\\frontend\\node_modules\\@esbuild\\win32-arm64'
200 silly reify ]
201 verbose reify failed optional dependency C:\Users\Zahra\Desktop\SN-merged\social-network\frontend\node_modules\@esbuild\sunos-x64
202 silly reify mark deleted [
202 silly reify   'C:\\Users\\Zahra\\Desktop\\SN-merged\\social-network\\frontend\\node_modules\\@esbuild\\sunos-x64'
202 silly reify ]
203 verbose reify failed optional dependency C:\Users\Zahra\Desktop\SN-merged\social-network\frontend\node_modules\@esbuild\openbsd-x64
204 silly reify mark deleted [
204 silly reify   'C:\\Users\\Zahra\\Desktop\\SN-merged\\social-network\\frontend\\node_modules\\@esbuild\\openbsd-x64'
204 silly reify ]
205 verbose reify failed optional dependency C:\Users\Zahra\Desktop\SN-merged\social-network\frontend\node_modules\@esbuild\openbsd-arm64
206 silly reify mark deleted [
206 silly reify   'C:\\Users\\Zahra\\Desktop\\SN-merged\\social-network\\frontend\\node_modules\\@esbuild\\openbsd-arm64'
206 silly reify ]
207 verbose reify failed optional dependency C:\Users\Zahra\Desktop\SN-merged\social-network\frontend\node_modules\@esbuild\netbsd-x64
208 silly reify mark deleted [
208 silly reify   'C:\\Users\\Zahra\\Desktop\\SN-merged\\social-network\\frontend\\node_modules\\@esbuild\\netbsd-x64'
208 silly reify ]
209 verbose reify failed optional dependency C:\Users\Zahra\Desktop\SN-merged\social-network\frontend\node_modules\@esbuild\netbsd-arm64
210 silly reify mark deleted [
210 silly reify   'C:\\Users\\Zahra\\Desktop\\SN-merged\\social-network\\frontend\\node_modules\\@esbuild\\netbsd-arm64'
210 silly reify ]
211 verbose reify failed optional dependency C:\Users\Zahra\Desktop\SN-merged\social-network\frontend\node_modules\@esbuild\linux-x64
212 silly reify mark deleted [
212 silly reify   'C:\\Users\\Zahra\\Desktop\\SN-merged\\social-network\\frontend\\node_modules\\@esbuild\\linux-x64'
212 silly reify ]
213 verbose reify failed optional dependency C:\Users\Zahra\Desktop\SN-merged\social-network\frontend\node_modules\@esbuild\linux-s390x
214 silly reify mark deleted [
214 silly reify   'C:\\Users\\Zahra\\Desktop\\SN-merged\\social-network\\frontend\\node_modules\\@esbuild\\linux-s390x'
214 silly reify ]
215 verbose reify failed optional dependency C:\Users\Zahra\Desktop\SN-merged\social-network\frontend\node_modules\@esbuild\linux-riscv64
216 silly reify mark deleted [
216 silly reify   'C:\\Users\\Zahra\\Desktop\\SN-merged\\social-network\\frontend\\node_modules\\@esbuild\\linux-riscv64'
216 silly reify ]
217 verbose reify failed optional dependency C:\Users\Zahra\Desktop\SN-merged\social-network\frontend\node_modules\@esbuild\linux-ppc64
218 silly reify mark deleted [
218 silly reify   'C:\\Users\\Zahra\\Desktop\\SN-merged\\social-network\\frontend\\node_modules\\@esbuild\\linux-ppc64'
218 silly reify ]
219 verbose reify failed optional dependency C:\Users\Zahra\Desktop\SN-merged\social-network\frontend\node_modules\@esbuild\linux-mips64el
220 silly reify mark deleted [
220 silly reify   'C:\\Users\\Zahra\\Desktop\\SN-merged\\social-network\\frontend\\node_modules\\@esbuild\\linux-mips64el'
220 silly reify ]
221 verbose reify failed optional dependency C:\Users\Zahra\Desktop\SN-merged\social-network\frontend\node_modules\@esbuild\linux-loong64
222 silly reify mark deleted [
222 silly reify   'C:\\Users\\Zahra\\Desktop\\SN-merged\\social-network\\frontend\\node_modules\\@esbuild\\linux-loong64'
222 silly reify ]
223 verbose reify failed optional dependency C:\Users\Zahra\Desktop\SN-merged\social-network\frontend\node_modules\@esbuild\linux-ia32
224 silly reify mark deleted [
224 silly reify   'C:\\Users\\Zahra\\Desktop\\SN-merged\\social-network\\frontend\\node_modules\\@esbuild\\linux-ia32'
224 silly reify ]
225 verbose reify failed optional dependency C:\Users\Zahra\Desktop\SN-merged\social-network\frontend\node_modules\@esbuild\linux-arm64
226 silly reify mark deleted [
226 silly reify   'C:\\Users\\Zahra\\Desktop\\SN-merged\\social-network\\frontend\\node_modules\\@esbuild\\linux-arm64'
226 silly reify ]
227 verbose reify failed optional dependency C:\Users\Zahra\Desktop\SN-merged\social-network\frontend\node_modules\@esbuild\linux-arm
228 silly reify mark deleted [
228 silly reify   'C:\\Users\\Zahra\\Desktop\\SN-merged\\social-network\\frontend\\node_modules\\@esbuild\\linux-arm'
228 silly reify ]
229 verbose reify failed optional dependency C:\Users\Zahra\Desktop\SN-merged\social-network\frontend\node_modules\@esbuild\freebsd-x64
230 silly reify mark deleted [
230 silly reify   'C:\\Users\\Zahra\\Desktop\\SN-merged\\social-network\\frontend\\node_modules\\@esbuild\\freebsd-x64'
230 silly reify ]
231 verbose reify failed optional dependency C:\Users\Zahra\Desktop\SN-merged\social-network\frontend\node_modules\@esbuild\freebsd-arm64
232 silly reify mark deleted [
232 silly reify   'C:\\Users\\Zahra\\Desktop\\SN-merged\\social-network\\frontend\\node_modules\\@esbuild\\freebsd-arm64'
232 silly reify ]
233 verbose reify failed optional dependency C:\Users\Zahra\Desktop\SN-merged\social-network\frontend\node_modules\@esbuild\darwin-x64
234 silly reify mark deleted [
234 silly reify   'C:\\Users\\Zahra\\Desktop\\SN-merged\\social-network\\frontend\\node_modules\\@esbuild\\darwin-x64'
234 silly reify ]
235 verbose reify failed optional dependency C:\Users\Zahra\Desktop\SN-merged\social-network\frontend\node_modules\@esbuild\darwin-arm64
236 silly reify mark deleted [
236 silly reify   'C:\\Users\\Zahra\\Desktop\\SN-merged\\social-network\\frontend\\node_modules\\@esbuild\\darwin-arm64'
236 silly reify ]
237 verbose reify failed optional dependency C:\Users\Zahra\Desktop\SN-merged\social-network\frontend\node_modules\@esbuild\android-x64
238 silly reify mark deleted [
238 silly reify   'C:\\Users\\Zahra\\Desktop\\SN-merged\\social-network\\frontend\\node_modules\\@esbuild\\android-x64'
238 silly reify ]
239 verbose reify failed optional dependency C:\Users\Zahra\Desktop\SN-merged\social-network\frontend\node_modules\@esbuild\android-arm64
240 silly reify mark deleted [
240 silly reify   'C:\\Users\\Zahra\\Desktop\\SN-merged\\social-network\\frontend\\node_modules\\@esbuild\\android-arm64'
240 silly reify ]
241 verbose reify failed optional dependency C:\Users\Zahra\Desktop\SN-merged\social-network\frontend\node_modules\@esbuild\android-arm
242 silly reify mark deleted [
242 silly reify   'C:\\Users\\Zahra\\Desktop\\SN-merged\\social-network\\frontend\\node_modules\\@esbuild\\android-arm'
242 silly reify ]
243 verbose reify failed optional dependency C:\Users\Zahra\Desktop\SN-merged\social-network\frontend\node_modules\@esbuild\aix-ppc64
244 silly reify mark deleted [
244 silly reify   'C:\\Users\\Zahra\\Desktop\\SN-merged\\social-network\\frontend\\node_modules\\@esbuild\\aix-ppc64'
244 silly reify ]
245 silly tarball no local data for @radix-ui/react-label@https://registry.npmjs.org/@radix-ui/react-label/-/react-label-2.1.7.tgz. Extracting by manifest.
246 http fetch POST 200 https://registry.npmjs.org/-/npm/v1/security/advisories/bulk 345ms
247 silly audit report {}
248 http fetch GET 200 https://registry.npmjs.org/@radix-ui/react-label/-/react-label-2.1.7.tgz 516ms (cache miss)
249 silly ADD node_modules/@radix-ui/react-label
250 silly ADD
251 silly ADD
252 silly ADD
253 silly ADD
254 silly ADD
255 silly ADD
256 silly ADD
257 silly ADD
258 silly ADD
259 silly ADD
260 silly ADD
261 silly ADD
262 silly ADD
263 silly ADD
264 silly ADD
265 silly ADD
266 silly ADD
267 silly ADD
268 silly ADD
269 silly ADD
270 silly ADD
271 silly ADD
272 silly ADD
273 silly ADD
274 silly ADD
275 silly ADD
276 silly ADD
277 silly ADD
278 silly ADD
279 silly ADD
280 silly ADD
281 silly ADD
282 silly ADD
283 silly ADD
284 silly ADD
285 silly ADD
286 silly ADD
287 silly ADD
288 silly ADD
289 silly ADD
290 silly ADD
291 silly ADD
292 silly ADD
293 silly ADD
294 silly ADD
295 silly ADD
296 silly ADD
297 silly ADD
298 silly ADD
299 silly ADD
300 silly ADD
301 silly ADD
302 silly ADD
303 silly ADD
304 silly ADD
305 silly ADD
306 silly ADD
307 silly ADD
308 silly ADD
309 silly ADD
310 silly ADD
311 silly ADD
312 silly ADD
313 silly ADD
314 silly ADD
315 silly ADD
316 silly ADD
317 silly ADD
318 silly ADD
319 silly ADD
320 silly ADD
321 silly ADD
322 silly ADD
323 silly ADD
324 silly ADD
325 silly ADD
326 silly ADD
327 silly ADD
328 silly ADD
329 silly ADD
330 silly ADD
331 silly ADD
332 silly ADD
333 silly ADD
334 silly ADD
335 silly ADD
336 silly ADD
337 silly ADD
338 silly ADD
339 silly ADD
340 silly ADD
341 silly ADD
342 silly ADD
343 silly ADD
344 silly ADD
345 silly ADD
346 silly ADD
347 silly ADD
348 silly ADD
349 silly ADD
350 silly ADD
351 silly ADD
352 silly ADD
353 silly ADD
354 silly ADD
355 silly ADD
356 silly ADD
357 silly ADD
358 silly ADD
359 verbose exit 0
360 info ok
