0 verbose cli C:\Program Files\nodejs\node.exe C:\Program Files\nodejs\node_modules\npm\bin\npm-cli.js
1 info using npm@10.7.0
2 info using node@v20.15.0
3 silly config:load:file:C:\Program Files\nodejs\node_modules\npm\npmrc
4 silly config:load:file:C:\Users\Zahra\Desktop\SN-merged\social-network\.npmrc
5 silly config:load:file:C:\Users\Zahra\.npmrc
6 silly config:load:file:C:\Users\Zahra\AppData\Roaming\npm\etc\npmrc
7 verbose title npm install @supabase/supabase-js
8 verbose argv "install" "@supabase/supabase-js"
9 verbose logfile logs-max:10 dir:C:\Users\Zahra\Desktop\SN-merged\social-network\UsersZahraAppDataLocalnpm-cache\_logs\2025-07-02T09_00_18_988Z-
10 verbose logfile C:\Users\Zahra\Desktop\SN-merged\social-network\UsersZahraAppDataLocalnpm-cache\_logs\2025-07-02T09_00_18_988Z-debug-0.log
11 silly logfile done cleaning log files
12 silly idealTree buildDeps
13 silly fetch manifest @supabase/supabase-js@*
14 http fetch GET 200 https://registry.npmjs.org/@supabase%2fsupabase-js 928ms (cache miss)
15 silly placeDep ROOT @supabase/supabase-js@2.50.2 OK for:  want: *
16 silly fetch manifest @supabase/auth-js@2.70.0
17 silly fetch manifest @supabase/functions-js@2.4.4
18 silly fetch manifest @supabase/node-fetch@2.6.15
19 silly fetch manifest @supabase/postgrest-js@1.19.4
20 silly fetch manifest @supabase/realtime-js@2.11.15
21 silly fetch manifest @supabase/storage-js@2.7.1
22 http fetch GET 200 https://registry.npmjs.org/@supabase%2fauth-js 198ms (cache miss)
23 http fetch GET 200 https://registry.npmjs.org/@supabase%2ffunctions-js 523ms (cache miss)
24 http fetch GET 200 https://registry.npmjs.org/@supabase%2fnode-fetch 649ms (cache miss)
25 http fetch GET 200 https://registry.npmjs.org/@supabase%2frealtime-js 662ms (cache miss)
26 http fetch GET 200 https://registry.npmjs.org/@supabase%2fstorage-js 670ms (cache miss)
27 http fetch GET 200 https://registry.npmjs.org/@supabase%2fpostgrest-js 676ms (cache miss)
28 silly placeDep ROOT @supabase/auth-js@2.70.0 OK for: @supabase/supabase-js@2.50.2 want: 2.70.0
29 silly placeDep ROOT @supabase/functions-js@2.4.4 OK for: @supabase/supabase-js@2.50.2 want: 2.4.4
30 silly placeDep ROOT @supabase/node-fetch@2.6.15 OK for: @supabase/supabase-js@2.50.2 want: 2.6.15
31 silly placeDep ROOT @supabase/postgrest-js@1.19.4 OK for: @supabase/supabase-js@2.50.2 want: 1.19.4
32 silly placeDep ROOT @supabase/realtime-js@2.11.15 OK for: @supabase/supabase-js@2.50.2 want: 2.11.15
33 silly placeDep ROOT @supabase/storage-js@2.7.1 OK for: @supabase/supabase-js@2.50.2 want: 2.7.1
34 silly fetch manifest @supabase/node-fetch@^2.6.14
35 silly fetch manifest whatwg-url@^5.0.0
36 silly fetch manifest @types/phoenix@^1.6.6
37 silly fetch manifest isows@^1.0.7
38 silly fetch manifest @types/ws@^8.18.1
39 silly fetch manifest ws@^8.18.2
40 http fetch GET 200 https://registry.npmjs.org/whatwg-url 205ms (cache miss)
41 http fetch GET 200 https://registry.npmjs.org/isows 215ms (cache miss)
42 http fetch GET 200 https://registry.npmjs.org/@types%2fws 229ms (cache miss)
43 http fetch GET 200 https://registry.npmjs.org/ws 238ms (cache miss)
44 http fetch GET 200 https://registry.npmjs.org/@types%2fphoenix 363ms (cache miss)
45 silly placeDep ROOT whatwg-url@5.0.0 OK for: @supabase/node-fetch@2.6.15 want: ^5.0.0
46 silly fetch manifest tr46@~0.0.3
47 silly fetch manifest webidl-conversions@^3.0.0
48 http fetch GET 200 https://registry.npmjs.org/tr46 188ms (cache miss)
49 http fetch GET 200 https://registry.npmjs.org/webidl-conversions 202ms (cache miss)
50 silly fetch manifest bufferutil@^4.0.1
51 http fetch GET 200 https://registry.npmjs.org/bufferutil 174ms (cache miss)
52 silly fetch manifest utf-8-validate@>=5.0.2
53 http fetch GET 200 https://registry.npmjs.org/utf-8-validate 189ms (cache miss)
54 silly placeDep ROOT @types/phoenix@1.6.6 OK for: @supabase/realtime-js@2.11.15 want: ^1.6.6
55 silly placeDep ROOT @types/ws@8.18.1 OK for: @supabase/realtime-js@2.11.15 want: ^8.18.1
56 silly placeDep ROOT isows@1.0.7 OK for: @supabase/realtime-js@2.11.15 want: ^1.0.7
57 silly placeDep ROOT ws@8.18.3 OK for: isows@1.0.7 want: *
58 silly placeDep ROOT tr46@0.0.3 OK for: whatwg-url@5.0.0 want: ~0.0.3
59 silly placeDep ROOT webidl-conversions@3.0.1 OK for: whatwg-url@5.0.0 want: ^3.0.0
60 silly reify moves {}
61 silly audit bulk request {
61 silly audit   '@firebase/ai': [ '1.4.1' ],
61 silly audit   '@firebase/analytics': [ '0.10.17' ],
61 silly audit   '@firebase/analytics-compat': [ '0.2.23' ],
61 silly audit   '@firebase/analytics-types': [ '0.8.3' ],
61 silly audit   '@firebase/app': [ '0.13.2' ],
61 silly audit   '@firebase/app-check': [ '0.10.1' ],
61 silly audit   '@firebase/app-check-compat': [ '0.3.26' ],
61 silly audit   '@firebase/app-check-interop-types': [ '0.3.3' ],
61 silly audit   '@firebase/app-check-types': [ '0.5.3' ],
61 silly audit   '@firebase/app-compat': [ '0.4.2' ],
61 silly audit   '@firebase/app-types': [ '0.9.3' ],
61 silly audit   '@firebase/auth': [ '1.10.8' ],
61 silly audit   '@firebase/auth-compat': [ '0.5.28' ],
61 silly audit   '@firebase/auth-interop-types': [ '0.2.4' ],
61 silly audit   '@firebase/auth-types': [ '0.13.0' ],
61 silly audit   '@firebase/component': [ '0.6.18' ],
61 silly audit   '@firebase/data-connect': [ '0.3.10' ],
61 silly audit   '@firebase/database': [ '1.0.20' ],
61 silly audit   '@firebase/database-compat': [ '2.0.11' ],
61 silly audit   '@firebase/database-types': [ '1.0.15' ],
61 silly audit   '@firebase/firestore': [ '4.8.0' ],
61 silly audit   '@firebase/firestore-compat': [ '0.3.53' ],
61 silly audit   '@firebase/firestore-types': [ '3.0.3' ],
61 silly audit   '@firebase/functions': [ '0.12.9' ],
61 silly audit   '@firebase/functions-compat': [ '0.3.26' ],
61 silly audit   '@firebase/functions-types': [ '0.6.3' ],
61 silly audit   '@firebase/installations': [ '0.6.18' ],
61 silly audit   '@firebase/installations-compat': [ '0.2.18' ],
61 silly audit   '@firebase/installations-types': [ '0.5.3' ],
61 silly audit   '@firebase/logger': [ '0.4.4' ],
61 silly audit   '@firebase/messaging': [ '0.12.22' ],
61 silly audit   '@firebase/messaging-compat': [ '0.2.22' ],
61 silly audit   '@firebase/messaging-interop-types': [ '0.2.3' ],
61 silly audit   '@firebase/performance': [ '0.7.7' ],
61 silly audit   '@firebase/performance-compat': [ '0.2.20' ],
61 silly audit   '@firebase/performance-types': [ '0.2.3' ],
61 silly audit   '@firebase/remote-config': [ '0.6.5' ],
61 silly audit   '@firebase/remote-config-compat': [ '0.2.18' ],
61 silly audit   '@firebase/remote-config-types': [ '0.4.0' ],
61 silly audit   '@firebase/storage': [ '0.13.14' ],
61 silly audit   '@firebase/storage-compat': [ '0.3.24' ],
61 silly audit   '@firebase/storage-types': [ '0.8.3' ],
61 silly audit   '@firebase/util': [ '1.12.1' ],
61 silly audit   '@firebase/webchannel-wrapper': [ '1.0.3' ],
61 silly audit   '@grpc/grpc-js': [ '1.9.15' ],
61 silly audit   '@grpc/proto-loader': [ '0.7.15' ],
61 silly audit   '@protobufjs/aspromise': [ '1.1.2' ],
61 silly audit   '@protobufjs/base64': [ '1.1.2' ],
61 silly audit   '@protobufjs/codegen': [ '2.0.4' ],
61 silly audit   '@protobufjs/eventemitter': [ '1.1.0' ],
61 silly audit   '@protobufjs/fetch': [ '1.1.0' ],
61 silly audit   '@protobufjs/float': [ '1.0.2' ],
61 silly audit   '@protobufjs/inquire': [ '1.1.0' ],
61 silly audit   '@protobufjs/path': [ '1.1.2' ],
61 silly audit   '@protobufjs/pool': [ '1.1.0' ],
61 silly audit   '@protobufjs/utf8': [ '1.1.0' ],
61 silly audit   '@types/node': [ '24.0.10' ],
61 silly audit   'ansi-regex': [ '5.0.1' ],
61 silly audit   'ansi-styles': [ '4.3.0' ],
61 silly audit   cliui: [ '8.0.1' ],
61 silly audit   'color-convert': [ '2.0.1' ],
61 silly audit   'color-name': [ '1.1.4' ],
61 silly audit   'emoji-regex': [ '8.0.0' ],
61 silly audit   escalade: [ '3.2.0' ],
61 silly audit   'faye-websocket': [ '0.11.4' ],
61 silly audit   firebase: [ '11.10.0' ],
61 silly audit   'get-caller-file': [ '2.0.5' ],
61 silly audit   'http-parser-js': [ '0.5.10' ],
61 silly audit   idb: [ '7.1.1' ],
61 silly audit   'is-fullwidth-code-point': [ '3.0.0' ],
61 silly audit   'lodash.camelcase': [ '4.3.0' ],
61 silly audit   long: [ '5.3.2' ],
61 silly audit   protobufjs: [ '7.5.3' ],
61 silly audit   'require-directory': [ '2.1.1' ],
61 silly audit   'safe-buffer': [ '5.2.1' ],
61 silly audit   'string-width': [ '4.2.3' ],
61 silly audit   'strip-ansi': [ '6.0.1' ],
61 silly audit   tslib: [ '2.8.1' ],
61 silly audit   'undici-types': [ '7.8.0' ],
61 silly audit   'web-vitals': [ '4.2.4' ],
61 silly audit   'websocket-driver': [ '0.7.4' ],
61 silly audit   'websocket-extensions': [ '0.1.4' ],
61 silly audit   'wrap-ansi': [ '7.0.0' ],
61 silly audit   y18n: [ '5.0.8' ],
61 silly audit   yargs: [ '17.7.2' ],
61 silly audit   'yargs-parser': [ '21.1.1' ],
61 silly audit   '@supabase/supabase-js': [ '2.50.2' ],
61 silly audit   '@supabase/auth-js': [ '2.70.0' ],
61 silly audit   '@supabase/functions-js': [ '2.4.4' ],
61 silly audit   '@supabase/node-fetch': [ '2.6.15' ],
61 silly audit   '@supabase/postgrest-js': [ '1.19.4' ],
61 silly audit   '@supabase/realtime-js': [ '2.11.15' ],
61 silly audit   '@supabase/storage-js': [ '2.7.1' ],
61 silly audit   'whatwg-url': [ '5.0.0' ],
61 silly audit   '@types/phoenix': [ '1.6.6' ],
61 silly audit   '@types/ws': [ '8.18.1' ],
61 silly audit   isows: [ '1.0.7' ],
61 silly audit   ws: [ '8.18.3' ],
61 silly audit   tr46: [ '0.0.3' ],
61 silly audit   'webidl-conversions': [ '3.0.1' ]
61 silly audit }
62 silly tarball no local data for tr46@https://registry.npmjs.org/tr46/-/tr46-0.0.3.tgz. Extracting by manifest.
63 silly tarball no local data for webidl-conversions@https://registry.npmjs.org/webidl-conversions/-/webidl-conversions-3.0.1.tgz. Extracting by manifest.
64 silly tarball no local data for isows@https://registry.npmjs.org/isows/-/isows-1.0.7.tgz. Extracting by manifest.
65 silly tarball no local data for @types/ws@https://registry.npmjs.org/@types/ws/-/ws-8.18.1.tgz. Extracting by manifest.
66 silly tarball no local data for ws@https://registry.npmjs.org/ws/-/ws-8.18.3.tgz. Extracting by manifest.
67 silly tarball no local data for @types/phoenix@https://registry.npmjs.org/@types/phoenix/-/phoenix-1.6.6.tgz. Extracting by manifest.
68 silly tarball no local data for @supabase/storage-js@https://registry.npmjs.org/@supabase/storage-js/-/storage-js-2.7.1.tgz. Extracting by manifest.
69 silly tarball no local data for whatwg-url@https://registry.npmjs.org/whatwg-url/-/whatwg-url-5.0.0.tgz. Extracting by manifest.
70 silly tarball no local data for @supabase/realtime-js@https://registry.npmjs.org/@supabase/realtime-js/-/realtime-js-2.11.15.tgz. Extracting by manifest.
71 silly tarball no local data for @supabase/postgrest-js@https://registry.npmjs.org/@supabase/postgrest-js/-/postgrest-js-1.19.4.tgz. Extracting by manifest.
72 silly tarball no local data for @supabase/functions-js@https://registry.npmjs.org/@supabase/functions-js/-/functions-js-2.4.4.tgz. Extracting by manifest.
73 silly tarball no local data for @supabase/supabase-js@https://registry.npmjs.org/@supabase/supabase-js/-/supabase-js-2.50.2.tgz. Extracting by manifest.
74 silly tarball no local data for @supabase/auth-js@https://registry.npmjs.org/@supabase/auth-js/-/auth-js-2.70.0.tgz. Extracting by manifest.
75 silly tarball no local data for @supabase/node-fetch@https://registry.npmjs.org/@supabase/node-fetch/-/node-fetch-2.6.15.tgz. Extracting by manifest.
76 http fetch GET 200 https://registry.npmjs.org/tr46/-/tr46-0.0.3.tgz 162ms (cache miss)
77 http fetch GET 200 https://registry.npmjs.org/webidl-conversions/-/webidl-conversions-3.0.1.tgz 223ms (cache miss)
78 http fetch GET 200 https://registry.npmjs.org/isows/-/isows-1.0.7.tgz 224ms (cache miss)
79 http fetch GET 200 https://registry.npmjs.org/@types/ws/-/ws-8.18.1.tgz 242ms (cache miss)
80 http fetch POST 200 https://registry.npmjs.org/-/npm/v1/security/advisories/bulk 379ms
81 silly audit report {}
82 http fetch GET 200 https://registry.npmjs.org/ws/-/ws-8.18.3.tgz 419ms (cache miss)
83 http fetch GET 200 https://registry.npmjs.org/@types/phoenix/-/phoenix-1.6.6.tgz 744ms (cache miss)
84 http fetch GET 200 https://registry.npmjs.org/@supabase/node-fetch/-/node-fetch-2.6.15.tgz 766ms (cache miss)
85 http fetch GET 200 https://registry.npmjs.org/whatwg-url/-/whatwg-url-5.0.0.tgz 784ms (cache miss)
86 http fetch GET 200 https://registry.npmjs.org/@supabase/supabase-js/-/supabase-js-2.50.2.tgz 1086ms (cache miss)
87 http fetch GET 200 https://registry.npmjs.org/@supabase/functions-js/-/functions-js-2.4.4.tgz 1098ms (cache miss)
88 http fetch GET 200 https://registry.npmjs.org/@supabase/postgrest-js/-/postgrest-js-1.19.4.tgz 1196ms (cache miss)
89 http fetch GET 200 https://registry.npmjs.org/@supabase/realtime-js/-/realtime-js-2.11.15.tgz 1340ms (cache miss)
90 http fetch GET 200 https://registry.npmjs.org/@supabase/storage-js/-/storage-js-2.7.1.tgz 1370ms (cache miss)
91 http fetch GET 200 https://registry.npmjs.org/@supabase/auth-js/-/auth-js-2.70.0.tgz 1534ms (cache miss)
92 silly ADD node_modules/webidl-conversions
93 silly ADD node_modules/tr46
94 silly ADD node_modules/ws
95 silly ADD node_modules/isows
96 silly ADD node_modules/@types/ws
97 silly ADD node_modules/@types/phoenix
98 silly ADD node_modules/whatwg-url
99 silly ADD node_modules/@supabase/storage-js
100 silly ADD node_modules/@supabase/realtime-js
101 silly ADD node_modules/@supabase/postgrest-js
102 silly ADD node_modules/@supabase/node-fetch
103 silly ADD node_modules/@supabase/functions-js
104 silly ADD node_modules/@supabase/auth-js
105 silly ADD node_modules/@supabase/supabase-js
106 verbose exit 0
107 info ok
