0 verbose cli C:\Program Files\nodejs\node.exe C:\Program Files\nodejs\node_modules\npm\bin\npm-cli.js
1 info using npm@10.7.0
2 info using node@v20.15.0
3 silly config:load:file:C:\Program Files\nodejs\node_modules\npm\npmrc
4 silly config:load:file:C:\Users\Zahra\Desktop\SN-merged\social-network\.npmrc
5 silly config:load:file:C:\Users\Zahra\.npmrc
6 silly config:load:file:C:\Users\Zahra\AppData\Roaming\npm\etc\npmrc
7 verbose title npm install firebase
8 verbose argv "install" "firebase"
9 verbose logfile logs-max:10 dir:C:\Users\Zahra\Desktop\SN-merged\social-network\UsersZahraAppDataLocalnpm-cache\_logs\2025-07-02T07_21_10_151Z-
10 verbose logfile C:\Users\Zahra\Desktop\SN-merged\social-network\UsersZahraAppDataLocalnpm-cache\_logs\2025-07-02T07_21_10_151Z-debug-0.log
11 silly logfile done cleaning log files
12 verbose shrinkwrap failed to load node_modules/.package-lock.json out of date, updated: node_modules
13 verbose shrinkwrap failed to load node_modules/.package-lock.json out of date, updated: node_modules
14 silly idealTree buildDeps
15 silly fetch manifest firebase@*
16 http fetch GET 200 https://registry.npmjs.org/npm 213ms
17 http fetch GET 200 https://registry.npmjs.org/firebase 1132ms (cache miss)
18 silly placeDep ROOT firebase@11.10.0 OK for:  want: *
19 silly fetch manifest @firebase/ai@1.4.1
20 silly fetch manifest @firebase/app@0.13.2
21 silly fetch manifest @firebase/auth@1.10.8
22 silly fetch manifest @firebase/util@1.12.1
23 silly fetch manifest @firebase/storage@0.13.14
24 silly fetch manifest @firebase/database@1.0.20
25 silly fetch manifest @firebase/analytics@0.10.17
26 http fetch GET 200 https://registry.npmjs.org/@firebase%2fai 432ms (cache miss)
27 silly fetch manifest @firebase/app-check@0.10.1
28 http fetch GET 200 https://registry.npmjs.org/@firebase%2fdatabase 805ms (cache miss)
29 silly fetch manifest @firebase/app-types@0.9.3
30 http fetch GET 200 https://registry.npmjs.org/@firebase%2futil 1064ms (cache miss)
31 silly fetch manifest @firebase/firestore@4.8.0
32 http fetch GET 200 https://registry.npmjs.org/@firebase%2fapp-check 783ms (cache miss)
33 silly fetch manifest @firebase/functions@0.12.9
34 http fetch GET 200 https://registry.npmjs.org/@firebase%2fauth 1329ms (cache miss)
35 silly fetch manifest @firebase/messaging@0.12.22
36 http fetch GET 200 https://registry.npmjs.org/@firebase%2fapp 1585ms (cache miss)
37 silly fetch manifest @firebase/app-compat@0.4.2
38 http fetch GET 200 https://registry.npmjs.org/@firebase%2fstorage 1740ms (cache miss)
39 silly fetch manifest @firebase/auth-compat@0.5.28
40 http fetch GET 200 https://registry.npmjs.org/@firebase%2fapp-types 970ms (cache miss)
41 silly fetch manifest @firebase/performance@0.7.7
42 http fetch GET 200 https://registry.npmjs.org/@firebase%2fanalytics 2081ms (cache miss)
43 silly fetch manifest @firebase/data-connect@0.3.10
44 http fetch GET 200 https://registry.npmjs.org/@firebase%2ffunctions 1003ms (cache miss)
45 silly fetch manifest @firebase/installations@0.6.18
46 http fetch GET 200 https://registry.npmjs.org/@firebase%2fdata-connect 530ms (cache miss)
47 silly fetch manifest @firebase/remote-config@0.6.5
48 http fetch GET 200 https://registry.npmjs.org/@firebase%2ffirestore 1662ms (cache miss)
49 silly fetch manifest @firebase/storage-compat@0.3.24
50 http fetch GET 200 https://registry.npmjs.org/@firebase%2fmessaging 1609ms (cache miss)
51 silly fetch manifest @firebase/database-compat@2.0.11
52 http fetch GET 200 https://registry.npmjs.org/@firebase%2finstallations 934ms (cache miss)
53 silly fetch manifest @firebase/analytics-compat@0.2.23
54 http fetch GET 200 https://registry.npmjs.org/@firebase%2fapp-compat 3632ms (cache miss)
55 silly fetch manifest @firebase/app-check-compat@0.3.26
56 http fetch GET 200 https://registry.npmjs.org/@firebase%2fdatabase-compat 2321ms (cache miss)
57 silly fetch manifest @firebase/firestore-compat@0.3.53
58 http fetch GET 200 https://registry.npmjs.org/@firebase%2fanalytics-compat 2364ms (cache miss)
59 silly fetch manifest @firebase/functions-compat@0.3.26
60 http fetch GET 200 https://registry.npmjs.org/@firebase%2fauth-compat 3936ms (cache miss)
61 silly fetch manifest @firebase/messaging-compat@0.2.22
62 http fetch GET 200 https://registry.npmjs.org/@firebase%2fstorage-compat 2862ms (cache miss)
63 silly fetch manifest @firebase/performance-compat@0.2.20
64 http fetch GET 200 https://registry.npmjs.org/@firebase%2fremote-config 3280ms (cache miss)
65 silly fetch manifest @firebase/installations-compat@0.2.18
66 http fetch GET 200 https://registry.npmjs.org/@firebase%2fapp-check-compat 1222ms (cache miss)
67 silly fetch manifest @firebase/remote-config-compat@0.2.18
68 http fetch GET 200 https://registry.npmjs.org/@firebase%2ffirestore-compat 1806ms (cache miss)
69 http fetch GET 200 https://registry.npmjs.org/@firebase%2ffunctions-compat 1979ms (cache miss)
70 http fetch GET 200 https://registry.npmjs.org/@firebase%2fperformance-compat 1966ms (cache miss)
71 http fetch GET 200 https://registry.npmjs.org/@firebase%2fmessaging-compat 2209ms (cache miss)
72 http fetch GET 200 https://registry.npmjs.org/@firebase%2fremote-config-compat 1932ms (cache miss)
73 http fetch GET 200 https://registry.npmjs.org/@firebase%2finstallations-compat 2559ms (cache miss)
74 http fetch GET 200 https://registry.npmjs.org/@firebase%2fperformance 9195ms (cache miss)
75 silly fetch manifest @react-native-async-storage/async-storage@^1.18.1
76 http fetch GET 200 https://registry.npmjs.org/@react-native-async-storage%2fasync-storage 433ms (cache miss)
77 silly fetch manifest react-native@^0.0.0-0 || >=0.60 <1.0
78 http fetch GET 200 https://registry.npmjs.org/react-native 425ms (cache miss)
79 silly fetch manifest @types/react@^19.1.0
80 http fetch GET 200 https://registry.npmjs.org/@types%2freact 392ms (cache updated)
81 silly fetch manifest react@^19.1.0
82 http fetch GET 200 https://registry.npmjs.org/react 304ms (cache updated)
83 silly placeDep ROOT @firebase/ai@1.4.1 OK for: firebase@11.10.0 want: 1.4.1
84 silly placeDep ROOT @firebase/app@0.13.2 OK for: @firebase/ai@1.4.1 want: 0.x
85 silly placeDep ROOT @firebase/app-types@0.9.3 OK for: @firebase/ai@1.4.1 want: 0.x
86 silly placeDep ROOT @firebase/analytics@0.10.17 OK for: firebase@11.10.0 want: 0.10.17
87 silly placeDep ROOT @firebase/analytics-compat@0.2.23 OK for: firebase@11.10.0 want: 0.2.23
88 silly placeDep ROOT @firebase/app-compat@0.4.2 OK for: @firebase/analytics-compat@0.2.23 want: 0.x
89 silly placeDep ROOT @firebase/app-check@0.10.1 OK for: firebase@11.10.0 want: 0.10.1
90 silly placeDep ROOT @firebase/app-check-compat@0.3.26 OK for: firebase@11.10.0 want: 0.3.26
91 silly placeDep ROOT @firebase/auth@1.10.8 OK for: firebase@11.10.0 want: 1.10.8
92 silly placeDep ROOT @firebase/auth-compat@0.5.28 OK for: firebase@11.10.0 want: 0.5.28
93 silly placeDep ROOT @firebase/data-connect@0.3.10 OK for: firebase@11.10.0 want: 0.3.10
94 silly placeDep ROOT @firebase/database@1.0.20 OK for: firebase@11.10.0 want: 1.0.20
95 silly placeDep ROOT @firebase/database-compat@2.0.11 OK for: firebase@11.10.0 want: 2.0.11
96 silly placeDep ROOT @firebase/firestore@4.8.0 OK for: firebase@11.10.0 want: 4.8.0
97 silly placeDep ROOT @firebase/firestore-compat@0.3.53 OK for: firebase@11.10.0 want: 0.3.53
98 silly placeDep ROOT @firebase/functions@0.12.9 OK for: firebase@11.10.0 want: 0.12.9
99 silly placeDep ROOT @firebase/functions-compat@0.3.26 OK for: firebase@11.10.0 want: 0.3.26
100 silly placeDep ROOT @firebase/installations@0.6.18 OK for: firebase@11.10.0 want: 0.6.18
101 silly placeDep ROOT @firebase/installations-compat@0.2.18 OK for: firebase@11.10.0 want: 0.2.18
102 silly placeDep ROOT @firebase/messaging@0.12.22 OK for: firebase@11.10.0 want: 0.12.22
103 silly placeDep ROOT @firebase/messaging-compat@0.2.22 OK for: firebase@11.10.0 want: 0.2.22
104 silly placeDep ROOT @firebase/performance@0.7.7 OK for: firebase@11.10.0 want: 0.7.7
105 silly placeDep ROOT @firebase/performance-compat@0.2.20 OK for: firebase@11.10.0 want: 0.2.20
106 silly placeDep ROOT @firebase/remote-config@0.6.5 OK for: firebase@11.10.0 want: 0.6.5
107 silly placeDep ROOT @firebase/remote-config-compat@0.2.18 OK for: firebase@11.10.0 want: 0.2.18
108 silly placeDep ROOT @firebase/storage@0.13.14 OK for: firebase@11.10.0 want: 0.13.14
109 silly placeDep ROOT @firebase/storage-compat@0.3.24 OK for: firebase@11.10.0 want: 0.3.24
110 silly placeDep ROOT @firebase/util@1.12.1 OK for: firebase@11.10.0 want: 1.12.1
111 silly fetch manifest tslib@^2.1.0
112 silly fetch manifest @firebase/logger@0.4.4
113 silly fetch manifest @firebase/component@0.6.18
114 silly fetch manifest @firebase/app-check-interop-types@0.3.3
115 silly fetch manifest idb@7.1.1
116 http fetch GET 200 https://registry.npmjs.org/idb 169ms (cache miss)
117 http fetch GET 200 https://registry.npmjs.org/tslib 203ms (cache revalidated)
118 http fetch GET 200 https://registry.npmjs.org/@firebase%2fapp-check-interop-types 636ms (cache miss)
119 http fetch GET 200 https://registry.npmjs.org/@firebase%2fcomponent 793ms (cache miss)
120 silly fetch manifest @firebase/analytics-types@0.8.3
121 http fetch GET 200 https://registry.npmjs.org/@firebase%2flogger 955ms (cache miss)
122 silly fetch manifest @firebase/app-check-types@0.5.3
123 silly fetch manifest @firebase/auth-types@0.13.0
124 silly fetch manifest @firebase/auth-interop-types@0.2.4
125 silly fetch manifest faye-websocket@0.11.4
126 silly fetch manifest @firebase/database-types@1.0.15
127 http fetch GET 200 https://registry.npmjs.org/faye-websocket 177ms (cache miss)
128 silly fetch manifest @grpc/grpc-js@~1.9.0
129 http fetch GET 200 https://registry.npmjs.org/@firebase%2fanalytics-types 585ms (cache miss)
130 silly fetch manifest @grpc/proto-loader@^0.7.8
131 http fetch GET 200 https://registry.npmjs.org/@firebase%2fapp-check-types 656ms (cache miss)
132 silly fetch manifest @firebase/webchannel-wrapper@1.0.3
133 http fetch GET 200 https://registry.npmjs.org/@grpc%2fgrpc-js 628ms (cache miss)
134 silly fetch manifest @firebase/firestore-types@3.0.3
135 http fetch GET 200 https://registry.npmjs.org/@grpc%2fproto-loader 483ms (cache miss)
136 http fetch GET 200 https://registry.npmjs.org/@firebase%2fauth-interop-types 1053ms (cache miss)
137 silly fetch manifest @firebase/messaging-interop-types@0.2.3
138 silly fetch manifest @firebase/functions-types@0.6.3
139 silly fetch manifest @firebase/installations-types@0.5.3
140 http fetch GET 200 https://registry.npmjs.org/@firebase%2fdatabase-types 1253ms (cache miss)
141 http fetch GET 200 https://registry.npmjs.org/@firebase%2fauth-types 1364ms (cache miss)
142 silly fetch manifest web-vitals@^4.2.4
143 http fetch GET 200 https://registry.npmjs.org/web-vitals 58ms (cache miss)
144 silly fetch manifest @firebase/performance-types@0.2.3
145 http fetch GET 200 https://registry.npmjs.org/@firebase%2fmessaging-interop-types 689ms (cache miss)
146 silly fetch manifest @firebase/remote-config-types@0.4.0
147 silly fetch manifest @firebase/storage-types@0.8.3
148 http fetch GET 200 https://registry.npmjs.org/@firebase%2ffirestore-types 1390ms (cache miss)
149 http fetch GET 200 https://registry.npmjs.org/@firebase%2ffunctions-types 1410ms (cache miss)
150 http fetch GET 200 https://registry.npmjs.org/@firebase%2fstorage-types 903ms (cache miss)
151 http fetch GET 200 https://registry.npmjs.org/@firebase%2finstallations-types 2279ms (cache miss)
152 http fetch GET 200 https://registry.npmjs.org/@firebase%2fwebchannel-wrapper 4448ms (cache miss)
153 http fetch GET 200 https://registry.npmjs.org/@firebase%2fperformance-types 4599ms (cache miss)
154 http fetch GET 200 https://registry.npmjs.org/@firebase%2fremote-config-types 7830ms (cache miss)
155 silly placeDep ROOT @firebase/app-check-interop-types@0.3.3 OK for: @firebase/ai@1.4.1 want: 0.3.3
156 silly placeDep ROOT @firebase/component@0.6.18 OK for: @firebase/ai@1.4.1 want: 0.6.18
157 silly placeDep ROOT @firebase/logger@0.4.4 OK for: @firebase/ai@1.4.1 want: 0.4.4
158 silly placeDep ROOT tslib@2.8.1 OK for: @firebase/ai@1.4.1 want: ^2.1.0
159 silly placeDep ROOT @firebase/analytics-types@0.8.3 OK for: @firebase/analytics-compat@0.2.23 want: 0.8.3
160 silly placeDep ROOT idb@7.1.1 OK for: @firebase/app@0.13.2 want: 7.1.1
161 silly placeDep ROOT @firebase/app-check-types@0.5.3 OK for: @firebase/app-check-compat@0.3.26 want: 0.5.3
162 silly fetch manifest @firebase/app-types@0.x
163 silly placeDep ROOT @firebase/auth-types@0.13.0 OK for: @firebase/auth-compat@0.5.28 want: 0.13.0
164 silly placeDep ROOT @firebase/auth-interop-types@0.2.4 OK for: @firebase/data-connect@0.3.10 want: 0.2.4
165 silly placeDep ROOT faye-websocket@0.11.4 OK for: @firebase/database@1.0.20 want: 0.11.4
166 silly fetch manifest websocket-driver@>=0.5.1
167 http fetch GET 200 https://registry.npmjs.org/websocket-driver 311ms (cache miss)
168 silly placeDep ROOT @firebase/database-types@1.0.15 OK for: @firebase/database-compat@2.0.11 want: 1.0.15
169 silly placeDep ROOT @firebase/webchannel-wrapper@1.0.3 OK for: @firebase/firestore@4.8.0 want: 1.0.3
170 silly placeDep ROOT @grpc/grpc-js@1.9.15 OK for: @firebase/firestore@4.8.0 want: ~1.9.0
171 silly placeDep ROOT @grpc/proto-loader@0.7.15 OK for: @firebase/firestore@4.8.0 want: ^0.7.8
172 silly fetch manifest @types/node@>=12.12.47
173 silly fetch manifest lodash.camelcase@^4.3.0
174 silly fetch manifest long@^5.0.0
175 silly fetch manifest protobufjs@^7.2.5
176 silly fetch manifest yargs@^17.7.2
177 http fetch GET 200 https://registry.npmjs.org/yargs 202ms (cache miss)
178 http fetch GET 200 https://registry.npmjs.org/lodash.camelcase 241ms (cache miss)
179 http fetch GET 200 https://registry.npmjs.org/protobufjs 242ms (cache miss)
180 http fetch GET 200 https://registry.npmjs.org/long 383ms (cache miss)
181 http fetch GET 200 https://registry.npmjs.org/@types%2fnode 557ms (cache updated)
182 silly placeDep ROOT @firebase/firestore-types@3.0.3 OK for: @firebase/firestore-compat@0.3.53 want: 3.0.3
183 silly placeDep ROOT @firebase/messaging-interop-types@0.2.3 OK for: @firebase/functions@0.12.9 want: 0.2.3
184 silly placeDep ROOT @firebase/functions-types@0.6.3 OK for: @firebase/functions-compat@0.3.26 want: 0.6.3
185 silly placeDep ROOT @firebase/installations-types@0.5.3 OK for: @firebase/installations-compat@0.2.18 want: 0.5.3
186 silly placeDep ROOT web-vitals@4.2.4 OK for: @firebase/performance@0.7.7 want: ^4.2.4
187 silly placeDep ROOT @firebase/performance-types@0.2.3 OK for: @firebase/performance-compat@0.2.20 want: 0.2.3
188 silly placeDep ROOT @firebase/remote-config-types@0.4.0 OK for: @firebase/remote-config-compat@0.2.18 want: 0.4.0
189 silly placeDep ROOT @firebase/storage-types@0.8.3 OK for: @firebase/storage-compat@0.3.24 want: 0.8.3
190 silly placeDep ROOT @types/node@24.0.10 OK for: @grpc/grpc-js@1.9.15 want: >=12.12.47
191 silly fetch manifest undici-types@~7.8.0
192 http fetch GET 200 https://registry.npmjs.org/undici-types 381ms (cache updated)
193 silly placeDep ROOT lodash.camelcase@4.3.0 OK for: @grpc/proto-loader@0.7.15 want: ^4.3.0
194 silly placeDep ROOT long@5.3.2 OK for: @grpc/proto-loader@0.7.15 want: ^5.0.0
195 silly placeDep ROOT protobufjs@7.5.3 OK for: @grpc/proto-loader@0.7.15 want: ^7.2.5
196 silly placeDep ROOT yargs@17.7.2 OK for: @grpc/proto-loader@0.7.15 want: ^17.7.2
197 silly fetch manifest @protobufjs/aspromise@^1.1.2
198 silly fetch manifest @protobufjs/base64@^1.1.2
199 silly fetch manifest @protobufjs/codegen@^2.0.4
200 silly fetch manifest @protobufjs/eventemitter@^1.1.0
201 silly fetch manifest @protobufjs/fetch@^1.1.0
202 silly fetch manifest @protobufjs/float@^1.0.2
203 silly fetch manifest @protobufjs/inquire@^1.1.0
204 http fetch GET 200 https://registry.npmjs.org/@protobufjs%2fcodegen 425ms (cache miss)
205 silly fetch manifest @protobufjs/path@^1.1.2
206 http fetch GET 200 https://registry.npmjs.org/@protobufjs%2faspromise 461ms (cache miss)
207 silly fetch manifest @protobufjs/pool@^1.1.0
208 http fetch GET 200 https://registry.npmjs.org/@protobufjs%2fbase64 461ms (cache miss)
209 silly fetch manifest @protobufjs/utf8@^1.1.0
210 http fetch GET 200 https://registry.npmjs.org/@protobufjs%2finquire 467ms (cache miss)
211 silly fetch manifest y18n@^5.0.5
212 http fetch GET 200 https://registry.npmjs.org/@protobufjs%2feventemitter 486ms (cache miss)
213 silly fetch manifest cliui@^8.0.1
214 http fetch GET 200 https://registry.npmjs.org/@protobufjs%2ffetch 488ms (cache miss)
215 silly fetch manifest escalade@^3.1.1
216 http fetch GET 200 https://registry.npmjs.org/@protobufjs%2ffloat 506ms (cache miss)
217 silly fetch manifest string-width@^4.2.3
218 http fetch GET 200 https://registry.npmjs.org/y18n 162ms (cache miss)
219 silly fetch manifest yargs-parser@^21.1.1
220 http fetch GET 200 https://registry.npmjs.org/cliui 182ms (cache miss)
221 silly fetch manifest get-caller-file@^2.0.5
222 http fetch GET 200 https://registry.npmjs.org/string-width 190ms (cache miss)
223 silly fetch manifest require-directory@^2.1.1
224 http fetch GET 200 https://registry.npmjs.org/escalade 221ms (cache miss)
225 http fetch GET 200 https://registry.npmjs.org/@protobufjs%2futf8 403ms (cache miss)
226 http fetch GET 200 https://registry.npmjs.org/@protobufjs%2fpath 480ms (cache miss)
227 http fetch GET 200 https://registry.npmjs.org/@protobufjs%2fpool 459ms (cache miss)
228 http fetch GET 200 https://registry.npmjs.org/get-caller-file 239ms (cache miss)
229 http fetch GET 200 https://registry.npmjs.org/require-directory 242ms (cache miss)
230 http fetch GET 200 https://registry.npmjs.org/yargs-parser 823ms (cache miss)
231 silly placeDep ROOT undici-types@7.8.0 OK for: @types/node@24.0.10 want: ~7.8.0
232 silly placeDep ROOT websocket-driver@0.7.4 OK for: faye-websocket@0.11.4 want: >=0.5.1
233 silly fetch manifest http-parser-js@>=0.5.1
234 silly fetch manifest safe-buffer@>=5.1.0
235 silly fetch manifest websocket-extensions@>=0.1.1
236 http fetch GET 200 https://registry.npmjs.org/http-parser-js 172ms (cache miss)
237 http fetch GET 200 https://registry.npmjs.org/websocket-extensions 175ms (cache miss)
238 http fetch GET 200 https://registry.npmjs.org/safe-buffer 267ms (cache miss)
239 silly placeDep ROOT @protobufjs/aspromise@1.1.2 OK for: protobufjs@7.5.3 want: ^1.1.2
240 silly placeDep ROOT @protobufjs/base64@1.1.2 OK for: protobufjs@7.5.3 want: ^1.1.2
241 silly placeDep ROOT @protobufjs/codegen@2.0.4 OK for: protobufjs@7.5.3 want: ^2.0.4
242 silly placeDep ROOT @protobufjs/eventemitter@1.1.0 OK for: protobufjs@7.5.3 want: ^1.1.0
243 silly placeDep ROOT @protobufjs/fetch@1.1.0 OK for: protobufjs@7.5.3 want: ^1.1.0
244 silly placeDep ROOT @protobufjs/float@1.0.2 OK for: protobufjs@7.5.3 want: ^1.0.2
245 silly placeDep ROOT @protobufjs/inquire@1.1.0 OK for: protobufjs@7.5.3 want: ^1.1.0
246 silly placeDep ROOT @protobufjs/path@1.1.2 OK for: protobufjs@7.5.3 want: ^1.1.2
247 silly placeDep ROOT @protobufjs/pool@1.1.0 OK for: protobufjs@7.5.3 want: ^1.1.0
248 silly placeDep ROOT @protobufjs/utf8@1.1.0 OK for: protobufjs@7.5.3 want: ^1.1.0
249 silly placeDep ROOT http-parser-js@0.5.10 OK for: websocket-driver@0.7.4 want: >=0.5.1
250 silly placeDep ROOT safe-buffer@5.2.1 OK for: websocket-driver@0.7.4 want: >=5.1.0
251 silly placeDep ROOT websocket-extensions@0.1.4 OK for: websocket-driver@0.7.4 want: >=0.1.1
252 silly placeDep ROOT cliui@8.0.1 OK for: yargs@17.7.2 want: ^8.0.1
253 silly placeDep ROOT escalade@3.2.0 OK for: yargs@17.7.2 want: ^3.1.1
254 silly placeDep ROOT get-caller-file@2.0.5 OK for: yargs@17.7.2 want: ^2.0.5
255 silly placeDep ROOT require-directory@2.1.1 OK for: yargs@17.7.2 want: ^2.1.1
256 silly placeDep ROOT string-width@4.2.3 OK for: yargs@17.7.2 want: ^4.2.3
257 silly placeDep ROOT y18n@5.0.8 OK for: yargs@17.7.2 want: ^5.0.5
258 silly placeDep ROOT yargs-parser@21.1.1 OK for: yargs@17.7.2 want: ^21.1.1
259 silly fetch manifest wrap-ansi@^7.0.0
260 silly fetch manifest strip-ansi@^6.0.1
261 silly fetch manifest string-width@^4.2.0
262 silly fetch manifest emoji-regex@^8.0.0
263 silly fetch manifest is-fullwidth-code-point@^3.0.0
264 http fetch GET 200 https://registry.npmjs.org/emoji-regex 191ms (cache revalidated)
265 http fetch GET 200 https://registry.npmjs.org/strip-ansi 208ms (cache miss)
266 http fetch GET 200 https://registry.npmjs.org/is-fullwidth-code-point 209ms (cache miss)
267 http fetch GET 200 https://registry.npmjs.org/wrap-ansi 220ms (cache miss)
268 silly placeDep ROOT strip-ansi@6.0.1 OK for: cliui@8.0.1 want: ^6.0.1
269 silly placeDep ROOT wrap-ansi@7.0.0 OK for: cliui@8.0.1 want: ^7.0.0
270 silly fetch manifest ansi-regex@^5.0.1
271 silly fetch manifest ansi-styles@^4.0.0
272 http fetch GET 200 https://registry.npmjs.org/ansi-regex 171ms (cache miss)
273 http fetch GET 200 https://registry.npmjs.org/ansi-styles 196ms (cache revalidated)
274 silly placeDep ROOT emoji-regex@8.0.0 OK for: string-width@4.2.3 want: ^8.0.0
275 silly placeDep ROOT is-fullwidth-code-point@3.0.0 OK for: string-width@4.2.3 want: ^3.0.0
276 silly placeDep ROOT ansi-regex@5.0.1 OK for: strip-ansi@6.0.1 want: ^5.0.1
277 silly placeDep ROOT ansi-styles@4.3.0 OK for: wrap-ansi@7.0.0 want: ^4.0.0
278 silly fetch manifest color-convert@^2.0.1
279 http fetch GET 200 https://registry.npmjs.org/color-convert 149ms (cache revalidated)
280 silly placeDep ROOT color-convert@2.0.1 OK for: ansi-styles@4.3.0 want: ^2.0.1
281 silly fetch manifest color-name@~1.1.4
282 http fetch GET 200 https://registry.npmjs.org/color-name 164ms (cache revalidated)
283 silly placeDep ROOT color-name@1.1.4 OK for: color-convert@2.0.1 want: ~1.1.4
284 silly reify mark retired [
284 silly reify   'C:\\Users\\Zahra\\Desktop\\SN-merged\\social-network\\node_modules\\lucide-react'
284 silly reify ]
285 silly reify mark retired [
285 silly reify   'C:\\Users\\Zahra\\Desktop\\SN-merged\\social-network\\node_modules\\react'
285 silly reify ]
286 silly reify moves {
286 silly reify   'C:\\Users\\Zahra\\Desktop\\SN-merged\\social-network\\node_modules\\lucide-react': 'C:\\Users\\Zahra\\Desktop\\SN-merged\\social-network\\node_modules\\.lucide-react-E3JamsIp',
286 silly reify   'C:\\Users\\Zahra\\Desktop\\SN-merged\\social-network\\node_modules\\react': 'C:\\Users\\Zahra\\Desktop\\SN-merged\\social-network\\node_modules\\.react-zQIWfeG9'
286 silly reify }
287 silly tarball no local data for ansi-regex@https://registry.npmjs.org/ansi-regex/-/ansi-regex-5.0.1.tgz. Extracting by manifest.
288 silly tarball no local data for emoji-regex@https://registry.npmjs.org/emoji-regex/-/emoji-regex-8.0.0.tgz. Extracting by manifest.
289 silly tarball no local data for wrap-ansi@https://registry.npmjs.org/wrap-ansi/-/wrap-ansi-7.0.0.tgz. Extracting by manifest.
290 silly tarball no local data for strip-ansi@https://registry.npmjs.org/strip-ansi/-/strip-ansi-6.0.1.tgz. Extracting by manifest.
291 silly tarball no local data for is-fullwidth-code-point@https://registry.npmjs.org/is-fullwidth-code-point/-/is-fullwidth-code-point-3.0.0.tgz. Extracting by manifest.
292 silly tarball no local data for y18n@https://registry.npmjs.org/y18n/-/y18n-5.0.8.tgz. Extracting by manifest.
293 silly tarball no local data for require-directory@https://registry.npmjs.org/require-directory/-/require-directory-2.1.1.tgz. Extracting by manifest.
294 silly tarball no local data for get-caller-file@https://registry.npmjs.org/get-caller-file/-/get-caller-file-2.0.5.tgz. Extracting by manifest.
295 silly tarball no local data for yargs-parser@https://registry.npmjs.org/yargs-parser/-/yargs-parser-21.1.1.tgz. Extracting by manifest.
296 silly tarball no local data for escalade@https://registry.npmjs.org/escalade/-/escalade-3.2.0.tgz. Extracting by manifest.
297 silly tarball no local data for cliui@https://registry.npmjs.org/cliui/-/cliui-8.0.1.tgz. Extracting by manifest.
298 silly tarball no local data for websocket-extensions@https://registry.npmjs.org/websocket-extensions/-/websocket-extensions-0.1.4.tgz. Extracting by manifest.
299 silly tarball no local data for string-width@https://registry.npmjs.org/string-width/-/string-width-4.2.3.tgz. Extracting by manifest.
300 silly tarball no local data for safe-buffer@https://registry.npmjs.org/safe-buffer/-/safe-buffer-5.2.1.tgz. Extracting by manifest.
301 silly tarball no local data for @protobufjs/utf8@https://registry.npmjs.org/@protobufjs/utf8/-/utf8-1.1.0.tgz. Extracting by manifest.
302 silly tarball no local data for @protobufjs/inquire@https://registry.npmjs.org/@protobufjs/inquire/-/inquire-1.1.0.tgz. Extracting by manifest.
303 silly tarball no local data for @protobufjs/fetch@https://registry.npmjs.org/@protobufjs/fetch/-/fetch-1.1.0.tgz. Extracting by manifest.
304 silly tarball no local data for @protobufjs/path@https://registry.npmjs.org/@protobufjs/path/-/path-1.1.2.tgz. Extracting by manifest.
305 silly tarball no local data for @protobufjs/float@https://registry.npmjs.org/@protobufjs/float/-/float-1.0.2.tgz. Extracting by manifest.
306 silly tarball no local data for @protobufjs/eventemitter@https://registry.npmjs.org/@protobufjs/eventemitter/-/eventemitter-1.1.0.tgz. Extracting by manifest.
307 silly tarball no local data for @protobufjs/codegen@https://registry.npmjs.org/@protobufjs/codegen/-/codegen-2.0.4.tgz. Extracting by manifest.
308 silly tarball no local data for @protobufjs/aspromise@https://registry.npmjs.org/@protobufjs/aspromise/-/aspromise-1.1.2.tgz. Extracting by manifest.
309 silly tarball no local data for websocket-driver@https://registry.npmjs.org/websocket-driver/-/websocket-driver-0.7.4.tgz. Extracting by manifest.
310 silly tarball no local data for undici-types@https://registry.npmjs.org/undici-types/-/undici-types-7.8.0.tgz. Extracting by manifest.
311 silly tarball no local data for @protobufjs/base64@https://registry.npmjs.org/@protobufjs/base64/-/base64-1.1.2.tgz. Extracting by manifest.
312 silly tarball no local data for yargs@https://registry.npmjs.org/yargs/-/yargs-17.7.2.tgz. Extracting by manifest.
313 silly tarball no local data for protobufjs@https://registry.npmjs.org/protobufjs/-/protobufjs-7.5.3.tgz. Extracting by manifest.
314 silly tarball no local data for lodash.camelcase@https://registry.npmjs.org/lodash.camelcase/-/lodash.camelcase-4.3.0.tgz. Extracting by manifest.
315 silly tarball no local data for @firebase/storage-types@https://registry.npmjs.org/@firebase/storage-types/-/storage-types-0.8.3.tgz. Extracting by manifest.
316 silly tarball no local data for long@https://registry.npmjs.org/long/-/long-5.3.2.tgz. Extracting by manifest.
317 silly tarball no local data for @firebase/performance-types@https://registry.npmjs.org/@firebase/performance-types/-/performance-types-0.2.3.tgz. Extracting by manifest.
318 silly tarball no local data for http-parser-js@https://registry.npmjs.org/http-parser-js/-/http-parser-js-0.5.10.tgz. Extracting by manifest.
319 silly tarball no local data for web-vitals@https://registry.npmjs.org/web-vitals/-/web-vitals-4.2.4.tgz. Extracting by manifest.
320 silly tarball no local data for @protobufjs/pool@https://registry.npmjs.org/@protobufjs/pool/-/pool-1.1.0.tgz. Extracting by manifest.
321 silly tarball no local data for @types/node@https://registry.npmjs.org/@types/node/-/node-24.0.10.tgz. Extracting by manifest.
322 silly tarball no local data for @firebase/messaging-interop-types@https://registry.npmjs.org/@firebase/messaging-interop-types/-/messaging-interop-types-0.2.3.tgz. Extracting by manifest.
323 silly tarball no local data for @firebase/functions-types@https://registry.npmjs.org/@firebase/functions-types/-/functions-types-0.6.3.tgz. Extracting by manifest.
324 silly tarball no local data for @grpc/proto-loader@https://registry.npmjs.org/@grpc/proto-loader/-/proto-loader-0.7.15.tgz. Extracting by manifest.
325 silly tarball no local data for @firebase/remote-config-types@https://registry.npmjs.org/@firebase/remote-config-types/-/remote-config-types-0.4.0.tgz. Extracting by manifest.
326 silly tarball no local data for @grpc/grpc-js@https://registry.npmjs.org/@grpc/grpc-js/-/grpc-js-1.9.15.tgz. Extracting by manifest.
327 silly tarball no local data for @firebase/webchannel-wrapper@https://registry.npmjs.org/@firebase/webchannel-wrapper/-/webchannel-wrapper-1.0.3.tgz. Extracting by manifest.
328 silly tarball no local data for @firebase/installations-types@https://registry.npmjs.org/@firebase/installations-types/-/installations-types-0.5.3.tgz. Extracting by manifest.
329 silly tarball no local data for @firebase/auth-interop-types@https://registry.npmjs.org/@firebase/auth-interop-types/-/auth-interop-types-0.2.4.tgz. Extracting by manifest.
330 silly tarball no local data for @firebase/database-types@https://registry.npmjs.org/@firebase/database-types/-/database-types-1.0.15.tgz. Extracting by manifest.
331 silly tarball no local data for faye-websocket@https://registry.npmjs.org/faye-websocket/-/faye-websocket-0.11.4.tgz. Extracting by manifest.
332 silly tarball no local data for idb@https://registry.npmjs.org/idb/-/idb-7.1.1.tgz. Extracting by manifest.
333 silly tarball no local data for @firebase/firestore-types@https://registry.npmjs.org/@firebase/firestore-types/-/firestore-types-3.0.3.tgz. Extracting by manifest.
334 silly tarball no local data for @firebase/app-check-types@https://registry.npmjs.org/@firebase/app-check-types/-/app-check-types-0.5.3.tgz. Extracting by manifest.
335 silly tarball no local data for @firebase/analytics-types@https://registry.npmjs.org/@firebase/analytics-types/-/analytics-types-0.8.3.tgz. Extracting by manifest.
336 silly tarball no local data for @firebase/auth-types@https://registry.npmjs.org/@firebase/auth-types/-/auth-types-0.13.0.tgz. Extracting by manifest.
337 silly tarball no local data for @firebase/logger@https://registry.npmjs.org/@firebase/logger/-/logger-0.4.4.tgz. Extracting by manifest.
338 silly tarball no local data for @firebase/util@https://registry.npmjs.org/@firebase/util/-/util-1.12.1.tgz. Extracting by manifest.
339 silly tarball no local data for @firebase/storage-compat@https://registry.npmjs.org/@firebase/storage-compat/-/storage-compat-0.3.24.tgz. Extracting by manifest.
340 silly tarball no local data for @firebase/app-check-interop-types@https://registry.npmjs.org/@firebase/app-check-interop-types/-/app-check-interop-types-0.3.3.tgz. Extracting by manifest.
341 silly tarball no local data for @firebase/storage@https://registry.npmjs.org/@firebase/storage/-/storage-0.13.14.tgz. Extracting by manifest.
342 silly tarball no local data for @firebase/remote-config-compat@https://registry.npmjs.org/@firebase/remote-config-compat/-/remote-config-compat-0.2.18.tgz. Extracting by manifest.
343 silly tarball no local data for @firebase/performance-compat@https://registry.npmjs.org/@firebase/performance-compat/-/performance-compat-0.2.20.tgz. Extracting by manifest.
344 silly tarball no local data for @firebase/performance@https://registry.npmjs.org/@firebase/performance/-/performance-0.7.7.tgz. Extracting by manifest.
345 silly tarball no local data for @firebase/messaging-compat@https://registry.npmjs.org/@firebase/messaging-compat/-/messaging-compat-0.2.22.tgz. Extracting by manifest.
346 silly tarball no local data for @firebase/component@https://registry.npmjs.org/@firebase/component/-/component-0.6.18.tgz. Extracting by manifest.
347 silly tarball no local data for @firebase/messaging@https://registry.npmjs.org/@firebase/messaging/-/messaging-0.12.22.tgz. Extracting by manifest.
348 silly tarball no local data for @firebase/functions-compat@https://registry.npmjs.org/@firebase/functions-compat/-/functions-compat-0.3.26.tgz. Extracting by manifest.
349 silly tarball no local data for @firebase/installations-compat@https://registry.npmjs.org/@firebase/installations-compat/-/installations-compat-0.2.18.tgz. Extracting by manifest.
350 silly tarball no local data for @firebase/functions@https://registry.npmjs.org/@firebase/functions/-/functions-0.12.9.tgz. Extracting by manifest.
351 silly tarball no local data for @firebase/firestore-compat@https://registry.npmjs.org/@firebase/firestore-compat/-/firestore-compat-0.3.53.tgz. Extracting by manifest.
352 silly tarball no local data for @firebase/firestore@https://registry.npmjs.org/@firebase/firestore/-/firestore-4.8.0.tgz. Extracting by manifest.
353 silly tarball no local data for @firebase/database-compat@https://registry.npmjs.org/@firebase/database-compat/-/database-compat-2.0.11.tgz. Extracting by manifest.
354 silly tarball no local data for @firebase/installations@https://registry.npmjs.org/@firebase/installations/-/installations-0.6.18.tgz. Extracting by manifest.
355 silly tarball no local data for @firebase/database@https://registry.npmjs.org/@firebase/database/-/database-1.0.20.tgz. Extracting by manifest.
356 silly tarball no local data for @firebase/data-connect@https://registry.npmjs.org/@firebase/data-connect/-/data-connect-0.3.10.tgz. Extracting by manifest.
357 silly tarball no local data for @firebase/auth-compat@https://registry.npmjs.org/@firebase/auth-compat/-/auth-compat-0.5.28.tgz. Extracting by manifest.
358 silly tarball no local data for @firebase/auth@https://registry.npmjs.org/@firebase/auth/-/auth-1.10.8.tgz. Extracting by manifest.
359 silly tarball no local data for @firebase/app-check@https://registry.npmjs.org/@firebase/app-check/-/app-check-0.10.1.tgz. Extracting by manifest.
360 silly tarball no local data for @firebase/app-compat@https://registry.npmjs.org/@firebase/app-compat/-/app-compat-0.4.2.tgz. Extracting by manifest.
361 silly tarball no local data for @firebase/analytics-compat@https://registry.npmjs.org/@firebase/analytics-compat/-/analytics-compat-0.2.23.tgz. Extracting by manifest.
362 silly tarball no local data for @firebase/app-check-compat@https://registry.npmjs.org/@firebase/app-check-compat/-/app-check-compat-0.3.26.tgz. Extracting by manifest.
363 silly tarball no local data for @firebase/analytics@https://registry.npmjs.org/@firebase/analytics/-/analytics-0.10.17.tgz. Extracting by manifest.
364 silly tarball no local data for @firebase/app@https://registry.npmjs.org/@firebase/app/-/app-0.13.2.tgz. Extracting by manifest.
365 silly tarball no local data for @firebase/ai@https://registry.npmjs.org/@firebase/ai/-/ai-1.4.1.tgz. Extracting by manifest.
366 silly tarball no local data for firebase@https://registry.npmjs.org/firebase/-/firebase-11.10.0.tgz. Extracting by manifest.
367 silly tarball no local data for @firebase/app-types@https://registry.npmjs.org/@firebase/app-types/-/app-types-0.9.3.tgz. Extracting by manifest.
368 silly tarball no local data for @firebase/remote-config@https://registry.npmjs.org/@firebase/remote-config/-/remote-config-0.6.5.tgz. Extracting by manifest.
369 http fetch GET 200 https://registry.npmjs.org/ansi-regex/-/ansi-regex-5.0.1.tgz 434ms (cache miss)
370 http fetch GET 200 https://registry.npmjs.org/is-fullwidth-code-point/-/is-fullwidth-code-point-3.0.0.tgz 453ms (cache miss)
371 http fetch GET 200 https://registry.npmjs.org/strip-ansi/-/strip-ansi-6.0.1.tgz 457ms (cache miss)
372 http fetch GET 200 https://registry.npmjs.org/emoji-regex/-/emoji-regex-8.0.0.tgz 460ms (cache miss)
373 http fetch GET 200 https://registry.npmjs.org/require-directory/-/require-directory-2.1.1.tgz 507ms (cache miss)
374 http fetch GET 200 https://registry.npmjs.org/wrap-ansi/-/wrap-ansi-7.0.0.tgz 542ms (cache miss)
375 http fetch GET 200 https://registry.npmjs.org/@protobufjs/path/-/path-1.1.2.tgz 784ms (cache miss)
376 http fetch GET 200 https://registry.npmjs.org/@protobufjs/fetch/-/fetch-1.1.0.tgz 787ms (cache miss)
377 http fetch GET 200 https://registry.npmjs.org/@protobufjs/aspromise/-/aspromise-1.1.2.tgz 816ms (cache miss)
378 http fetch GET 200 https://registry.npmjs.org/@protobufjs/eventemitter/-/eventemitter-1.1.0.tgz 826ms (cache miss)
379 http fetch GET 200 https://registry.npmjs.org/@protobufjs/float/-/float-1.0.2.tgz 842ms (cache miss)
380 http fetch GET 200 https://registry.npmjs.org/http-parser-js/-/http-parser-js-0.5.10.tgz 852ms (cache miss)
381 http fetch GET 200 https://registry.npmjs.org/@protobufjs/inquire/-/inquire-1.1.0.tgz 872ms (cache miss)
382 http fetch GET 200 https://registry.npmjs.org/string-width/-/string-width-4.2.3.tgz 884ms (cache miss)
383 http fetch GET 200 https://registry.npmjs.org/@protobufjs/codegen/-/codegen-2.0.4.tgz 891ms (cache miss)
384 http fetch GET 200 https://registry.npmjs.org/get-caller-file/-/get-caller-file-2.0.5.tgz 916ms (cache miss)
385 http fetch GET 200 https://registry.npmjs.org/faye-websocket/-/faye-websocket-0.11.4.tgz 920ms (cache miss)
386 http fetch GET 200 https://registry.npmjs.org/@firebase/performance-types/-/performance-types-0.2.3.tgz 986ms (cache miss)
387 http fetch GET 200 https://registry.npmjs.org/@firebase/messaging-interop-types/-/messaging-interop-types-0.2.3.tgz 982ms (cache miss)
388 http fetch GET 200 https://registry.npmjs.org/@firebase/remote-config-types/-/remote-config-types-0.4.0.tgz 987ms (cache miss)
389 http fetch GET 200 https://registry.npmjs.org/y18n/-/y18n-5.0.8.tgz 1023ms (cache miss)
390 http fetch GET 200 https://registry.npmjs.org/@firebase/storage-types/-/storage-types-0.8.3.tgz 1003ms (cache miss)
391 http fetch GET 200 https://registry.npmjs.org/@firebase/functions-types/-/functions-types-0.6.3.tgz 1022ms (cache miss)
392 http fetch GET 200 https://registry.npmjs.org/@firebase/installations-types/-/installations-types-0.5.3.tgz 1014ms (cache miss)
393 http fetch GET 200 https://registry.npmjs.org/@firebase/database-types/-/database-types-1.0.15.tgz 1025ms (cache miss)
394 http fetch GET 200 https://registry.npmjs.org/@firebase/app-check-types/-/app-check-types-0.5.3.tgz 1023ms (cache miss)
395 http fetch GET 200 https://registry.npmjs.org/@protobufjs/base64/-/base64-1.1.2.tgz 1063ms (cache miss)
396 http fetch GET 200 https://registry.npmjs.org/@firebase/firestore-types/-/firestore-types-3.0.3.tgz 1052ms (cache miss)
397 http fetch GET 200 https://registry.npmjs.org/@firebase/auth-interop-types/-/auth-interop-types-0.2.4.tgz 1058ms (cache miss)
398 http fetch GET 200 https://registry.npmjs.org/lodash.camelcase/-/lodash.camelcase-4.3.0.tgz 1085ms (cache miss)
399 http fetch GET 200 https://registry.npmjs.org/@firebase/app-check-interop-types/-/app-check-interop-types-0.3.3.tgz 1075ms (cache miss)
400 http fetch GET 200 https://registry.npmjs.org/@firebase/remote-config-compat/-/remote-config-compat-0.2.18.tgz 1075ms (cache miss)
401 http fetch GET 200 https://registry.npmjs.org/@firebase/analytics-types/-/analytics-types-0.8.3.tgz 1093ms (cache miss)
402 http fetch GET 200 https://registry.npmjs.org/@protobufjs/pool/-/pool-1.1.0.tgz 1160ms (cache miss)
403 http fetch GET 200 https://registry.npmjs.org/safe-buffer/-/safe-buffer-5.2.1.tgz 1181ms (cache miss)
404 http fetch GET 200 https://registry.npmjs.org/cliui/-/cliui-8.0.1.tgz 1209ms (cache miss)
405 http fetch GET 200 https://registry.npmjs.org/@firebase/functions-compat/-/functions-compat-0.3.26.tgz 1153ms (cache miss)
406 http fetch GET 200 https://registry.npmjs.org/@firebase/auth-types/-/auth-types-0.13.0.tgz 1175ms (cache miss)
407 http fetch GET 200 https://registry.npmjs.org/escalade/-/escalade-3.2.0.tgz 1262ms (cache miss)
408 http fetch GET 200 https://registry.npmjs.org/long/-/long-5.3.2.tgz 1320ms (cache miss)
409 http fetch GET 200 https://registry.npmjs.org/@protobufjs/utf8/-/utf8-1.1.0.tgz 1368ms (cache miss)
410 http fetch GET 200 https://registry.npmjs.org/@grpc/proto-loader/-/proto-loader-0.7.15.tgz 1443ms (cache miss)
411 http fetch GET 200 https://registry.npmjs.org/yargs-parser/-/yargs-parser-21.1.1.tgz 1504ms (cache miss)
412 http fetch GET 200 https://registry.npmjs.org/@firebase/analytics-compat/-/analytics-compat-0.2.23.tgz 1466ms (cache miss)
413 http fetch GET 200 https://registry.npmjs.org/websocket-extensions/-/websocket-extensions-0.1.4.tgz 1541ms (cache miss)
414 http fetch GET 200 https://registry.npmjs.org/@firebase/installations-compat/-/installations-compat-0.2.18.tgz 1713ms (cache miss)
415 http fetch GET 200 https://registry.npmjs.org/@firebase/logger/-/logger-0.4.4.tgz 1735ms (cache miss)
416 http fetch GET 200 https://registry.npmjs.org/@firebase/component/-/component-0.6.18.tgz 1760ms (cache miss)
417 http fetch GET 200 https://registry.npmjs.org/@firebase/messaging-compat/-/messaging-compat-0.2.22.tgz 1762ms (cache miss)
418 http fetch GET 200 https://registry.npmjs.org/@firebase/app-types/-/app-types-0.9.3.tgz 1741ms (cache miss)
419 http fetch GET 200 https://registry.npmjs.org/@firebase/performance-compat/-/performance-compat-0.2.20.tgz 1774ms (cache miss)
420 http fetch GET 200 https://registry.npmjs.org/idb/-/idb-7.1.1.tgz 1856ms (cache miss)
421 http fetch GET 200 https://registry.npmjs.org/websocket-driver/-/websocket-driver-0.7.4.tgz 1888ms (cache miss)
422 http fetch GET 200 https://registry.npmjs.org/@firebase/app-check-compat/-/app-check-compat-0.3.26.tgz 1921ms (cache miss)
423 http fetch GET 200 https://registry.npmjs.org/@firebase/webchannel-wrapper/-/webchannel-wrapper-1.0.3.tgz 1986ms (cache miss)
424 http fetch GET 200 https://registry.npmjs.org/@firebase/storage-compat/-/storage-compat-0.3.24.tgz 2265ms (cache miss)
425 http fetch GET 200 https://registry.npmjs.org/undici-types/-/undici-types-7.8.0.tgz 2434ms (cache miss)
426 http fetch GET 200 https://registry.npmjs.org/@firebase/app-compat/-/app-compat-0.4.2.tgz 2576ms (cache miss)
427 http fetch GET 200 https://registry.npmjs.org/@firebase/functions/-/functions-0.12.9.tgz 2603ms (cache miss)
428 http fetch GET 200 https://registry.npmjs.org/@firebase/analytics/-/analytics-0.10.17.tgz 2751ms (cache miss)
429 http fetch GET 200 https://registry.npmjs.org/@firebase/app/-/app-0.13.2.tgz 2755ms (cache miss)
430 http fetch GET 200 https://registry.npmjs.org/yargs/-/yargs-17.7.2.tgz 2909ms (cache miss)
431 http fetch GET 200 https://registry.npmjs.org/@firebase/remote-config/-/remote-config-0.6.5.tgz 2876ms (cache miss)
432 http fetch GET 200 https://registry.npmjs.org/@firebase/performance/-/performance-0.7.7.tgz 3023ms (cache miss)
433 http fetch GET 200 https://registry.npmjs.org/@firebase/app-check/-/app-check-0.10.1.tgz 3065ms (cache miss)
434 http fetch GET 200 https://registry.npmjs.org/@firebase/data-connect/-/data-connect-0.3.10.tgz 3168ms (cache miss)
435 http fetch GET 200 https://registry.npmjs.org/@firebase/auth-compat/-/auth-compat-0.5.28.tgz 3297ms (cache miss)
436 http fetch GET 200 https://registry.npmjs.org/@firebase/installations/-/installations-0.6.18.tgz 3314ms (cache miss)
437 http fetch GET 200 https://registry.npmjs.org/@firebase/firestore-compat/-/firestore-compat-0.3.53.tgz 3346ms (cache miss)
438 http fetch GET 200 https://registry.npmjs.org/@types/node/-/node-24.0.10.tgz 3589ms (cache miss)
439 http fetch GET 200 https://registry.npmjs.org/@firebase/util/-/util-1.12.1.tgz 3588ms (cache miss)
440 http fetch GET 200 https://registry.npmjs.org/@firebase/database-compat/-/database-compat-2.0.11.tgz 3636ms (cache miss)
441 http fetch GET 200 https://registry.npmjs.org/@firebase/messaging/-/messaging-0.12.22.tgz 3750ms (cache miss)
442 http fetch GET 200 https://registry.npmjs.org/protobufjs/-/protobufjs-7.5.3.tgz 3799ms (cache miss)
443 http fetch GET 200 https://registry.npmjs.org/web-vitals/-/web-vitals-4.2.4.tgz 3897ms (cache miss)
444 http fetch GET 200 https://registry.npmjs.org/@firebase/storage/-/storage-0.13.14.tgz 3880ms (cache miss)
445 http fetch GET 200 https://registry.npmjs.org/@firebase/ai/-/ai-1.4.1.tgz 3860ms (cache miss)
446 http fetch GET 200 https://registry.npmjs.org/@firebase/database/-/database-1.0.20.tgz 4876ms (cache miss)
447 http fetch GET 200 https://registry.npmjs.org/@grpc/grpc-js/-/grpc-js-1.9.15.tgz 5265ms (cache miss)
448 http fetch GET 200 https://registry.npmjs.org/@firebase/firestore/-/firestore-4.8.0.tgz 9361ms (cache miss)
449 http fetch GET 200 https://registry.npmjs.org/@firebase/auth/-/auth-1.10.8.tgz 12540ms (cache miss)
450 http fetch GET 200 https://registry.npmjs.org/firebase/-/firebase-11.10.0.tgz 19719ms (cache miss)
451 info run @firebase/util@1.12.1 postinstall node_modules/@firebase/util node ./postinstall.js
452 info run protobufjs@7.5.3 postinstall node_modules/protobufjs node scripts/postinstall
453 info run protobufjs@7.5.3 postinstall { code: 0, signal: null }
454 info run @firebase/util@1.12.1 postinstall { code: 0, signal: null }
455 silly ADD node_modules/color-name
456 silly ADD node_modules/color-convert
457 silly ADD node_modules/ansi-styles
458 silly ADD node_modules/ansi-regex
459 silly ADD node_modules/is-fullwidth-code-point
460 silly ADD node_modules/emoji-regex
461 silly ADD node_modules/wrap-ansi
462 silly ADD node_modules/strip-ansi
463 silly ADD node_modules/yargs-parser
464 silly ADD node_modules/y18n
465 silly ADD node_modules/string-width
466 silly ADD node_modules/require-directory
467 silly ADD node_modules/get-caller-file
468 silly ADD node_modules/escalade
469 silly ADD node_modules/cliui
470 silly ADD node_modules/websocket-extensions
471 silly ADD node_modules/safe-buffer
472 silly ADD node_modules/http-parser-js
473 silly ADD node_modules/@protobufjs/utf8
474 silly ADD node_modules/@protobufjs/pool
475 silly ADD node_modules/@protobufjs/path
476 silly ADD node_modules/@protobufjs/inquire
477 silly ADD node_modules/@protobufjs/float
478 silly ADD node_modules/@protobufjs/fetch
479 silly ADD node_modules/@protobufjs/eventemitter
480 silly ADD node_modules/@protobufjs/codegen
481 silly ADD node_modules/@protobufjs/base64
482 silly ADD node_modules/@protobufjs/aspromise
483 silly ADD node_modules/websocket-driver
484 silly ADD node_modules/undici-types
485 silly ADD node_modules/yargs
486 silly ADD node_modules/protobufjs
487 silly ADD node_modules/long
488 silly ADD node_modules/lodash.camelcase
489 silly ADD node_modules/@types/node
490 silly ADD node_modules/@firebase/storage-types
491 silly ADD node_modules/@firebase/remote-config-types
492 silly ADD node_modules/@firebase/performance-types
493 silly ADD node_modules/web-vitals
494 silly ADD node_modules/@firebase/installations-types
495 silly ADD node_modules/@firebase/functions-types
496 silly ADD node_modules/@firebase/messaging-interop-types
497 silly ADD node_modules/@firebase/firestore-types
498 silly ADD node_modules/@grpc/proto-loader
499 silly ADD node_modules/@grpc/grpc-js
500 silly ADD node_modules/@firebase/webchannel-wrapper
501 silly ADD node_modules/@firebase/database-types
502 silly ADD node_modules/faye-websocket
503 silly ADD node_modules/@firebase/auth-interop-types
504 silly ADD node_modules/@firebase/auth-types
505 silly ADD node_modules/@firebase/app-check-types
506 silly ADD node_modules/idb
507 silly ADD node_modules/@firebase/analytics-types
508 silly ADD node_modules/tslib
509 silly ADD node_modules/@firebase/logger
510 silly ADD node_modules/@firebase/component
511 silly ADD node_modules/@firebase/app-check-interop-types
512 silly ADD node_modules/@firebase/util
513 silly ADD node_modules/@firebase/storage-compat
514 silly ADD node_modules/@firebase/storage
515 silly ADD node_modules/@firebase/remote-config-compat
516 silly ADD node_modules/@firebase/remote-config
517 silly ADD node_modules/@firebase/performance-compat
518 silly ADD node_modules/@firebase/performance
519 silly ADD node_modules/@firebase/messaging-compat
520 silly ADD node_modules/@firebase/messaging
521 silly ADD node_modules/@firebase/installations-compat
522 silly ADD node_modules/@firebase/installations
523 silly ADD node_modules/@firebase/functions-compat
524 silly ADD node_modules/@firebase/functions
525 silly ADD node_modules/@firebase/firestore-compat
526 silly ADD node_modules/@firebase/firestore
527 silly ADD node_modules/@firebase/database-compat
528 silly ADD node_modules/@firebase/database
529 silly ADD node_modules/@firebase/data-connect
530 silly ADD node_modules/@firebase/auth-compat
531 silly ADD node_modules/@firebase/auth
532 silly ADD node_modules/@firebase/app-check-compat
533 silly ADD node_modules/@firebase/app-check
534 silly ADD node_modules/@firebase/app-compat
535 silly ADD node_modules/@firebase/analytics-compat
536 silly ADD node_modules/@firebase/analytics
537 silly ADD node_modules/@firebase/app-types
538 silly ADD node_modules/@firebase/app
539 silly ADD node_modules/@firebase/ai
540 silly ADD node_modules/firebase
541 silly REMOVE node_modules/react
542 silly REMOVE node_modules/lucide-react
543 notice
543 notice New [31mmajor[39m version of npm available! [31m10.7.0[39m -> [34m11.4.2[39m
543 notice Changelog: [34mhttps://github.com/npm/cli/releases/tag/v11.4.2[39m
543 notice To update run: [4mnpm install -g npm@11.4.2[24m
543 notice  { force: true, [Symbol(proc-log.meta)]: true }
544 verbose exit 0
545 info ok
